#
# There is insufficient memory for the Java Runtime Environment to continue.
# Native memory allocation (malloc) failed to allocate 628336 bytes. Error detail: Chunk::new
# Possible reasons:
#   The system is out of physical RAM or swap space
#   This process is running with CompressedOops enabled, and the Java Heap may be blocking the growth of the native heap
# Possible solutions:
#   Reduce memory load on the system
#   Increase physical memory or swap space
#   Check if swap backing store is full
#   Decrease Java heap size (-Xmx/-Xms)
#   Decrease number of Java threads
#   Decrease Java thread stack sizes (-Xss)
#   Set larger code cache with -XX:ReservedCodeCacheSize=
#   JVM is running with Unscaled Compressed Oops mode in which the Java heap is
#     placed in the first 4GB address space. The Java Heap base address is the
#     maximum limit for the native heap growth. Please use -XX:HeapBaseMinAddress
#     to set the Java Heap base and to place the Java Heap above 4GB virtual address.
# This output file may be truncated or incomplete.
#
#  Out of Memory Error (arena.cpp:168), pid=7352, tid=23840
#
# JRE version: OpenJDK Runtime Environment (21.0.8) (build 21.0.8+-14196175-b1038.72)
# Java VM: OpenJDK 64-Bit Server VM (21.0.8+-14196175-b1038.72, mixed mode, tiered, compressed oops, compressed class ptrs, g1 gc, windows-amd64)
# No core dump will be written. Minidumps are not enabled by default on client versions of Windows
#

---------------  S U M M A R Y ------------

Command Line: org.jetbrains.kotlin.cli.jvm.K2JVMCompiler @C:\Users\user\Desktop\flutter\packages\flutter_tools\gradle\build\20260103_4520380994460157792.compiler.options

Host: Intel(R) Core(TM) i5-8365U CPU @ 1.60GHz, 8 cores, 7G,  Windows 11 , 64 bit Build 26100 (10.0.26100.7309)
Time: Sat Jan  3 02:40:41 2026 Romance Standard Time elapsed time: 14.925378 seconds (0d 0h 0m 14s)

---------------  T H R E A D  ---------------

Current thread (0x000001acfc7e2740):  JavaThread "C2 CompilerThread0" daemon [_thread_in_native, id=23840, stack(0x0000001225700000,0x0000001225800000) (1024K)]


Current CompileTask:
C2:14925 4678       4       org.jetbrains.kotlin.parsing.KotlinExpressionParsing$Precedence::parseHigherPrecedence (30 bytes)

Stack: [0x0000001225700000,0x0000001225800000]
Native frames: (J=compiled Java code, j=interpreted, Vv=VM code, C=native code)
V  [jvm.dll+0x6d68d9]
V  [jvm.dll+0x866693]
V  [jvm.dll+0x868c4e]
V  [jvm.dll+0x869333]
V  [jvm.dll+0x280566]
V  [jvm.dll+0xc07cd]
V  [jvm.dll+0xc0d03]
V  [jvm.dll+0x3b95e1]
V  [jvm.dll+0x385507]
V  [jvm.dll+0x38497a]
V  [jvm.dll+0x249252]
V  [jvm.dll+0x248821]
V  [jvm.dll+0x1c73a4]
V  [jvm.dll+0x257f9e]
V  [jvm.dll+0x2564e6]
V  [jvm.dll+0x3f4696]
V  [jvm.dll+0x80eac8]
V  [jvm.dll+0x6d512d]
C  [ucrtbase.dll+0x37b0]
C  [KERNEL32.DLL+0x2e8d7]
C  [ntdll.dll+0x8c53c]


---------------  P R O C E S S  ---------------

Threads class SMR info:
_java_thread_list=0x000001acfee03250, length=13, elements={
0x000001acf1bc83d0, 0x000001acfc7a33f0, 0x000001acfc7a4f90, 0x000001acfc7a69e0,
0x000001acfc7d2cb0, 0x000001acfc7d3710, 0x000001acfc7d6cf0, 0x000001acfc7e0e40,
0x000001acfc7e2740, 0x000001acfc7e4e90, 0x000001acfc98c210, 0x000001acff020bf0,
0x000001ac96942ab0
}

Java Threads: ( => current thread )
  0x000001acf1bc83d0 JavaThread "main"                              [_thread_in_vm, id=11464, stack(0x0000001224800000,0x0000001224900000) (1024K)]
  0x000001acfc7a33f0 JavaThread "Common-Cleaner"             daemon [_thread_blocked, id=18584, stack(0x0000001225000000,0x0000001225100000) (1024K)]
  0x000001acfc7a4f90 JavaThread "Reference Handler"          daemon [_thread_blocked, id=27524, stack(0x0000001225100000,0x0000001225200000) (1024K)]
  0x000001acfc7a69e0 JavaThread "Finalizer"                  daemon [_thread_blocked, id=9928, stack(0x0000001225200000,0x0000001225300000) (1024K)]
  0x000001acfc7d2cb0 JavaThread "Signal Dispatcher"          daemon [_thread_blocked, id=11028, stack(0x0000001225300000,0x0000001225400000) (1024K)]
  0x000001acfc7d3710 JavaThread "Attach Listener"            daemon [_thread_blocked, id=19912, stack(0x0000001225400000,0x0000001225500000) (1024K)]
  0x000001acfc7d6cf0 JavaThread "Service Thread"             daemon [_thread_blocked, id=24560, stack(0x0000001225500000,0x0000001225600000) (1024K)]
  0x000001acfc7e0e40 JavaThread "Monitor Deflation Thread"   daemon [_thread_blocked, id=25784, stack(0x0000001225600000,0x0000001225700000) (1024K)]
=>0x000001acfc7e2740 JavaThread "C2 CompilerThread0"         daemon [_thread_in_native, id=23840, stack(0x0000001225700000,0x0000001225800000) (1024K)]
  0x000001acfc7e4e90 JavaThread "C1 CompilerThread0"         daemon [_thread_blocked, id=15280, stack(0x0000001225800000,0x0000001225900000) (1024K)]
  0x000001acfc98c210 JavaThread "Notification Thread"        daemon [_thread_blocked, id=27340, stack(0x0000001225900000,0x0000001225a00000) (1024K)]
  0x000001acff020bf0 JavaThread "C2 CompilerThread1"         daemon [_thread_in_native, id=14288, stack(0x0000001226200000,0x0000001226300000) (1024K)]
  0x000001ac96942ab0 JavaThread "C2 CompilerThread2"         daemon [_thread_in_vm, id=22436, stack(0x0000001226300000,0x0000001226400000) (1024K)]
Total: 13

Other Threads:
  0x000001acfc752450 VMThread "VM Thread"                           [id=7296, stack(0x0000001224f00000,0x0000001225000000) (1024K)]
  0x000001acfc47afe0 WatcherThread "VM Periodic Task Thread"        [id=3828, stack(0x0000001224e00000,0x0000001224f00000) (1024K)]
  0x000001acf3ffed20 WorkerThread "GC Thread#0"                     [id=27196, stack(0x0000001224900000,0x0000001224a00000) (1024K)]
  0x000001acfd1e7480 WorkerThread "GC Thread#1"                     [id=23516, stack(0x0000001225c00000,0x0000001225d00000) (1024K)]
  0x000001acfd1e7820 WorkerThread "GC Thread#2"                     [id=16168, stack(0x0000001225d00000,0x0000001225e00000) (1024K)]
  0x000001acfd1cba30 WorkerThread "GC Thread#3"                     [id=13508, stack(0x0000001225e00000,0x0000001225f00000) (1024K)]
  0x000001acfd1cc650 WorkerThread "GC Thread#4"                     [id=14924, stack(0x0000001225f00000,0x0000001226000000) (1024K)]
  0x000001acfd1cc9f0 WorkerThread "GC Thread#5"                     [id=8848, stack(0x0000001226000000,0x0000001226100000) (1024K)]
  0x000001acfd2a28c0 WorkerThread "GC Thread#6"                     [id=5476, stack(0x0000001225a00000,0x0000001225b00000) (1024K)]
  0x000001acfd2a3000 WorkerThread "GC Thread#7"                     [id=20368, stack(0x0000001225b00000,0x0000001225c00000) (1024K)]
  0x000001acf4010d90 ConcurrentGCThread "G1 Main Marker"            [id=19964, stack(0x0000001224a00000,0x0000001224b00000) (1024K)]
  0x000001acf4012030 WorkerThread "G1 Conc#0"                       [id=14848, stack(0x0000001224b00000,0x0000001224c00000) (1024K)]
  0x000001acfd2a3e80 WorkerThread "G1 Conc#1"                       [id=20880, stack(0x0000001226100000,0x0000001226200000) (1024K)]
  0x000001acfc34e040 ConcurrentGCThread "G1 Refine#0"               [id=14976, stack(0x0000001224c00000,0x0000001224d00000) (1024K)]
  0x000001acfc34f870 ConcurrentGCThread "G1 Service"                [id=26156, stack(0x0000001224d00000,0x0000001224e00000) (1024K)]
Total: 15

Threads with active compile tasks:
C2 CompilerThread0  16955 4678       4       org.jetbrains.kotlin.parsing.KotlinExpressionParsing$Precedence::parseHigherPrecedence (30 bytes)
C2 CompilerThread1  16956 4679       4       org.jetbrains.kotlin.parsing.KotlinExpressionParsing::parseBinaryExpression (70 bytes)
Total: 2

VM state: not at safepoint (normal execution)

VM Mutex/Monitor currently owned by a thread: None

Heap address: 0x0000000082e00000, size: 2002 MB, Compressed Oops mode: 32-bit

CDS archive(s) not mapped
Compressed class space mapped at: 0x0000000100000000-0x0000000140000000, reserved size: 1073741824
Narrow klass base: 0x0000000000000000, Narrow klass shift: 3, Narrow klass range: 0x140000000

GC Precious Log:
 CardTable entry size: 512
 Card Set container configuration: InlinePtr #cards 5 size 8 Array Of Cards #cards 12 size 40 Howl #buckets 4 coarsen threshold 1843 Howl Bitmap #cards 512 size 80 coarsen threshold 460 Card regions per heap region 1 cards per card region 2048
 CPUs: 8 total, 8 available
 Memory: 8002M
 Large Page Support: Disabled
 NUMA Support: Disabled
 Compressed Oops: Enabled (32-bit)
 Heap Region Size: 1M
 Heap Min Capacity: 8M
 Heap Initial Capacity: 126M
 Heap Max Capacity: 2002M
 Pre-touch: Disabled
 Parallel Workers: 8
 Concurrent Workers: 2
 Concurrent Refinement Workers: 8
 Periodic GC: Disabled

Heap:
 garbage-first heap   total 110592K, used 78371K [0x0000000082e00000, 0x0000000100000000)
  region size 1024K, 28 young (28672K), 3 survivors (3072K)
 Metaspace       used 56966K, committed 57792K, reserved 1114112K
  class space    used 6943K, committed 7296K, reserved 1048576K

Heap Regions: E=young(eden), S=young(survivor), O=old, HS=humongous(starts), HC=humongous(continues), CS=collection set, F=free, TAMS=top-at-mark-start, PB=parsable bottom
|   0|0x0000000082e00000, 0x0000000082f00000, 0x0000000082f00000|100%|HS|  |TAMS 0x0000000082e00000| PB 0x0000000082e00000| Complete 
|   1|0x0000000082f00000, 0x0000000083000000, 0x0000000083000000|100%|HC|  |TAMS 0x0000000082f00000| PB 0x0000000082f00000| Complete 
|   2|0x0000000083000000, 0x0000000083100000, 0x0000000083100000|100%|HC|  |TAMS 0x0000000083000000| PB 0x0000000083000000| Complete 
|   3|0x0000000083100000, 0x0000000083200000, 0x0000000083200000|100%| O|  |TAMS 0x0000000083100000| PB 0x0000000083100000| Untracked 
|   4|0x0000000083200000, 0x0000000083300000, 0x0000000083300000|100%| O|  |TAMS 0x0000000083200000| PB 0x0000000083200000| Untracked 
|   5|0x0000000083300000, 0x00000000833e1c00, 0x0000000083400000| 88%| O|  |TAMS 0x0000000083300000| PB 0x0000000083300000| Untracked 
|   6|0x0000000083400000, 0x0000000083500000, 0x0000000083500000|100%| O|  |TAMS 0x0000000083400000| PB 0x0000000083400000| Untracked 
|   7|0x0000000083500000, 0x0000000083600000, 0x0000000083600000|100%| O|  |TAMS 0x0000000083500000| PB 0x0000000083500000| Untracked 
|   8|0x0000000083600000, 0x0000000083700000, 0x0000000083700000|100%| O|  |TAMS 0x0000000083600000| PB 0x0000000083600000| Untracked 
|   9|0x0000000083700000, 0x0000000083800000, 0x0000000083800000|100%|HS|  |TAMS 0x0000000083700000| PB 0x0000000083700000| Complete 
|  10|0x0000000083800000, 0x0000000083900000, 0x0000000083900000|100%|HS|  |TAMS 0x0000000083800000| PB 0x0000000083800000| Complete 
|  11|0x0000000083900000, 0x0000000083a00000, 0x0000000083a00000|100%|HS|  |TAMS 0x0000000083900000| PB 0x0000000083900000| Complete 
|  12|0x0000000083a00000, 0x0000000083b00000, 0x0000000083b00000|100%|HC|  |TAMS 0x0000000083a00000| PB 0x0000000083a00000| Complete 
|  13|0x0000000083b00000, 0x0000000083c00000, 0x0000000083c00000|100%| O|  |TAMS 0x0000000083b00000| PB 0x0000000083b00000| Untracked 
|  14|0x0000000083c00000, 0x0000000083d00000, 0x0000000083d00000|100%| O|  |TAMS 0x0000000083c00000| PB 0x0000000083c00000| Untracked 
|  15|0x0000000083d00000, 0x0000000083e00000, 0x0000000083e00000|100%| O|  |TAMS 0x0000000083d00000| PB 0x0000000083d00000| Untracked 
|  16|0x0000000083e00000, 0x0000000083f00000, 0x0000000083f00000|100%|HS|  |TAMS 0x0000000083e00000| PB 0x0000000083e00000| Complete 
|  17|0x0000000083f00000, 0x0000000083f00000, 0x0000000084000000|  0%| F|  |TAMS 0x0000000083f00000| PB 0x0000000083f00000| Untracked 
|  18|0x0000000084000000, 0x0000000084100000, 0x0000000084100000|100%| O|  |TAMS 0x0000000084000000| PB 0x0000000084000000| Untracked 
|  19|0x0000000084100000, 0x0000000084200000, 0x0000000084200000|100%| O|  |TAMS 0x0000000084100000| PB 0x0000000084100000| Untracked 
|  20|0x0000000084200000, 0x0000000084300000, 0x0000000084300000|100%| O|  |TAMS 0x0000000084200000| PB 0x0000000084200000| Untracked 
|  21|0x0000000084300000, 0x0000000084400000, 0x0000000084400000|100%| O|  |TAMS 0x0000000084300000| PB 0x0000000084300000| Untracked 
|  22|0x0000000084400000, 0x0000000084500000, 0x0000000084500000|100%| O|  |TAMS 0x0000000084400000| PB 0x0000000084400000| Untracked 
|  23|0x0000000084500000, 0x0000000084600000, 0x0000000084600000|100%| O|  |TAMS 0x0000000084500000| PB 0x0000000084500000| Untracked 
|  24|0x0000000084600000, 0x0000000084700000, 0x0000000084700000|100%| O|  |TAMS 0x0000000084600000| PB 0x0000000084600000| Untracked 
|  25|0x0000000084700000, 0x0000000084800000, 0x0000000084800000|100%| O|  |TAMS 0x0000000084700000| PB 0x0000000084700000| Untracked 
|  26|0x0000000084800000, 0x0000000084900000, 0x0000000084900000|100%| O|Cm|TAMS 0x0000000084800000| PB 0x0000000084800000| Complete 
|  27|0x0000000084900000, 0x0000000084a00000, 0x0000000084a00000|100%| O|  |TAMS 0x0000000084900000| PB 0x0000000084900000| Untracked 
|  28|0x0000000084a00000, 0x0000000084b00000, 0x0000000084b00000|100%| O|  |TAMS 0x0000000084a00000| PB 0x0000000084a00000| Untracked 
|  29|0x0000000084b00000, 0x0000000084c00000, 0x0000000084c00000|100%|HS|  |TAMS 0x0000000084b00000| PB 0x0000000084b00000| Complete 
|  30|0x0000000084c00000, 0x0000000084d00000, 0x0000000084d00000|100%|HC|  |TAMS 0x0000000084c00000| PB 0x0000000084c00000| Complete 
|  31|0x0000000084d00000, 0x0000000084e00000, 0x0000000084e00000|100%|HC|  |TAMS 0x0000000084d00000| PB 0x0000000084d00000| Complete 
|  32|0x0000000084e00000, 0x0000000084f00000, 0x0000000084f00000|100%|HC|  |TAMS 0x0000000084e00000| PB 0x0000000084e00000| Complete 
|  33|0x0000000084f00000, 0x0000000085000000, 0x0000000085000000|100%|HC|  |TAMS 0x0000000084f00000| PB 0x0000000084f00000| Complete 
|  34|0x0000000085000000, 0x0000000085100000, 0x0000000085100000|100%|HC|  |TAMS 0x0000000085000000| PB 0x0000000085000000| Complete 
|  35|0x0000000085100000, 0x0000000085200000, 0x0000000085200000|100%| O|  |TAMS 0x0000000085100000| PB 0x0000000085100000| Untracked 
|  36|0x0000000085200000, 0x0000000085300000, 0x0000000085300000|100%| O|  |TAMS 0x0000000085200000| PB 0x0000000085200000| Untracked 
|  37|0x0000000085300000, 0x0000000085400000, 0x0000000085400000|100%| O|  |TAMS 0x0000000085300000| PB 0x0000000085300000| Untracked 
|  38|0x0000000085400000, 0x0000000085500000, 0x0000000085500000|100%| O|  |TAMS 0x0000000085400000| PB 0x0000000085400000| Untracked 
|  39|0x0000000085500000, 0x0000000085600000, 0x0000000085600000|100%| O|  |TAMS 0x0000000085500000| PB 0x0000000085500000| Untracked 
|  40|0x0000000085600000, 0x0000000085700000, 0x0000000085700000|100%| O|  |TAMS 0x0000000085600000| PB 0x0000000085600000| Untracked 
|  41|0x0000000085700000, 0x0000000085800000, 0x0000000085800000|100%| O|  |TAMS 0x0000000085700000| PB 0x0000000085700000| Untracked 
|  42|0x0000000085800000, 0x0000000085900000, 0x0000000085900000|100%| O|  |TAMS 0x0000000085800000| PB 0x0000000085800000| Untracked 
|  43|0x0000000085900000, 0x0000000085a00000, 0x0000000085a00000|100%| O|  |TAMS 0x0000000085900000| PB 0x0000000085900000| Untracked 
|  44|0x0000000085a00000, 0x0000000085b00000, 0x0000000085b00000|100%| O|  |TAMS 0x0000000085a00000| PB 0x0000000085a00000| Untracked 
|  45|0x0000000085b00000, 0x0000000085c00000, 0x0000000085c00000|100%| O|  |TAMS 0x0000000085b00000| PB 0x0000000085b00000| Untracked 
|  46|0x0000000085c00000, 0x0000000085d00000, 0x0000000085d00000|100%| O|  |TAMS 0x0000000085c00000| PB 0x0000000085c00000| Untracked 
|  47|0x0000000085d00000, 0x0000000085d564e0, 0x0000000085e00000| 33%| O|  |TAMS 0x0000000085d00000| PB 0x0000000085d00000| Untracked 
|  48|0x0000000085e00000, 0x0000000085e00000, 0x0000000085f00000|  0%| F|  |TAMS 0x0000000085e00000| PB 0x0000000085e00000| Untracked 
|  49|0x0000000085f00000, 0x0000000085f00000, 0x0000000086000000|  0%| F|  |TAMS 0x0000000085f00000| PB 0x0000000085f00000| Untracked 
|  50|0x0000000086000000, 0x0000000086000000, 0x0000000086100000|  0%| F|  |TAMS 0x0000000086000000| PB 0x0000000086000000| Untracked 
|  51|0x0000000086100000, 0x0000000086100000, 0x0000000086200000|  0%| F|  |TAMS 0x0000000086100000| PB 0x0000000086100000| Untracked 
|  52|0x0000000086200000, 0x0000000086200000, 0x0000000086300000|  0%| F|  |TAMS 0x0000000086200000| PB 0x0000000086200000| Untracked 
|  53|0x0000000086300000, 0x0000000086300000, 0x0000000086400000|  0%| F|  |TAMS 0x0000000086300000| PB 0x0000000086300000| Untracked 
|  54|0x0000000086400000, 0x0000000086400000, 0x0000000086500000|  0%| F|  |TAMS 0x0000000086400000| PB 0x0000000086400000| Untracked 
|  55|0x0000000086500000, 0x0000000086500000, 0x0000000086600000|  0%| F|  |TAMS 0x0000000086500000| PB 0x0000000086500000| Untracked 
|  56|0x0000000086600000, 0x0000000086600000, 0x0000000086700000|  0%| F|  |TAMS 0x0000000086600000| PB 0x0000000086600000| Untracked 
|  57|0x0000000086700000, 0x0000000086700000, 0x0000000086800000|  0%| F|  |TAMS 0x0000000086700000| PB 0x0000000086700000| Untracked 
|  58|0x0000000086800000, 0x0000000086800000, 0x0000000086900000|  0%| F|  |TAMS 0x0000000086800000| PB 0x0000000086800000| Untracked 
|  59|0x0000000086900000, 0x0000000086900000, 0x0000000086a00000|  0%| F|  |TAMS 0x0000000086900000| PB 0x0000000086900000| Untracked 
|  60|0x0000000086a00000, 0x0000000086a50e50, 0x0000000086b00000| 31%| S|CS|TAMS 0x0000000086a00000| PB 0x0000000086a00000| Complete 
|  61|0x0000000086b00000, 0x0000000086c00000, 0x0000000086c00000|100%| S|CS|TAMS 0x0000000086b00000| PB 0x0000000086b00000| Complete 
|  62|0x0000000086c00000, 0x0000000086d00000, 0x0000000086d00000|100%| S|CS|TAMS 0x0000000086c00000| PB 0x0000000086c00000| Complete 
|  63|0x0000000086d00000, 0x0000000086d00000, 0x0000000086e00000|  0%| F|  |TAMS 0x0000000086d00000| PB 0x0000000086d00000| Untracked 
|  64|0x0000000086e00000, 0x0000000086e00000, 0x0000000086f00000|  0%| F|  |TAMS 0x0000000086e00000| PB 0x0000000086e00000| Untracked 
|  65|0x0000000086f00000, 0x0000000086f00000, 0x0000000087000000|  0%| F|  |TAMS 0x0000000086f00000| PB 0x0000000086f00000| Untracked 
|  66|0x0000000087000000, 0x0000000087000000, 0x0000000087100000|  0%| F|  |TAMS 0x0000000087000000| PB 0x0000000087000000| Untracked 
|  67|0x0000000087100000, 0x0000000087100000, 0x0000000087200000|  0%| F|  |TAMS 0x0000000087100000| PB 0x0000000087100000| Untracked 
|  68|0x0000000087200000, 0x0000000087200000, 0x0000000087300000|  0%| F|  |TAMS 0x0000000087200000| PB 0x0000000087200000| Untracked 
|  69|0x0000000087300000, 0x0000000087300000, 0x0000000087400000|  0%| F|  |TAMS 0x0000000087300000| PB 0x0000000087300000| Untracked 
|  70|0x0000000087400000, 0x0000000087400000, 0x0000000087500000|  0%| F|  |TAMS 0x0000000087400000| PB 0x0000000087400000| Untracked 
|  71|0x0000000087500000, 0x0000000087500000, 0x0000000087600000|  0%| F|  |TAMS 0x0000000087500000| PB 0x0000000087500000| Untracked 
|  72|0x0000000087600000, 0x0000000087600000, 0x0000000087700000|  0%| F|  |TAMS 0x0000000087600000| PB 0x0000000087600000| Untracked 
|  73|0x0000000087700000, 0x0000000087700000, 0x0000000087800000|  0%| F|  |TAMS 0x0000000087700000| PB 0x0000000087700000| Untracked 
|  74|0x0000000087800000, 0x0000000087800000, 0x0000000087900000|  0%| F|  |TAMS 0x0000000087800000| PB 0x0000000087800000| Untracked 
|  75|0x0000000087900000, 0x0000000087900000, 0x0000000087a00000|  0%| F|  |TAMS 0x0000000087900000| PB 0x0000000087900000| Untracked 
|  76|0x0000000087a00000, 0x0000000087a00000, 0x0000000087b00000|  0%| F|  |TAMS 0x0000000087a00000| PB 0x0000000087a00000| Untracked 
|  77|0x0000000087b00000, 0x0000000087b00000, 0x0000000087c00000|  0%| F|  |TAMS 0x0000000087b00000| PB 0x0000000087b00000| Untracked 
|  78|0x0000000087c00000, 0x0000000087c00000, 0x0000000087d00000|  0%| F|  |TAMS 0x0000000087c00000| PB 0x0000000087c00000| Untracked 
|  79|0x0000000087d00000, 0x0000000087e00000, 0x0000000087e00000|100%| E|  |TAMS 0x0000000087d00000| PB 0x0000000087d00000| Complete 
|  80|0x0000000087e00000, 0x0000000087f00000, 0x0000000087f00000|100%| E|CS|TAMS 0x0000000087e00000| PB 0x0000000087e00000| Complete 
|  81|0x0000000087f00000, 0x0000000088000000, 0x0000000088000000|100%| E|CS|TAMS 0x0000000087f00000| PB 0x0000000087f00000| Complete 
|  82|0x0000000088000000, 0x0000000088100000, 0x0000000088100000|100%| E|CS|TAMS 0x0000000088000000| PB 0x0000000088000000| Complete 
|  83|0x0000000088100000, 0x0000000088200000, 0x0000000088200000|100%| E|CS|TAMS 0x0000000088100000| PB 0x0000000088100000| Complete 
|  84|0x0000000088200000, 0x0000000088300000, 0x0000000088300000|100%| E|CS|TAMS 0x0000000088200000| PB 0x0000000088200000| Complete 
|  85|0x0000000088300000, 0x0000000088400000, 0x0000000088400000|100%| E|CS|TAMS 0x0000000088300000| PB 0x0000000088300000| Complete 
|  86|0x0000000088400000, 0x0000000088500000, 0x0000000088500000|100%| E|CS|TAMS 0x0000000088400000| PB 0x0000000088400000| Complete 
|  87|0x0000000088500000, 0x0000000088600000, 0x0000000088600000|100%| E|CS|TAMS 0x0000000088500000| PB 0x0000000088500000| Complete 
|  88|0x0000000088600000, 0x0000000088700000, 0x0000000088700000|100%| E|CS|TAMS 0x0000000088600000| PB 0x0000000088600000| Complete 
|  89|0x0000000088700000, 0x0000000088800000, 0x0000000088800000|100%| E|CS|TAMS 0x0000000088700000| PB 0x0000000088700000| Complete 
|  90|0x0000000088800000, 0x0000000088900000, 0x0000000088900000|100%| E|CS|TAMS 0x0000000088800000| PB 0x0000000088800000| Complete 
|  91|0x0000000088900000, 0x0000000088a00000, 0x0000000088a00000|100%| E|CS|TAMS 0x0000000088900000| PB 0x0000000088900000| Complete 
|  92|0x0000000088a00000, 0x0000000088b00000, 0x0000000088b00000|100%| E|CS|TAMS 0x0000000088a00000| PB 0x0000000088a00000| Complete 
|  93|0x0000000088b00000, 0x0000000088c00000, 0x0000000088c00000|100%| E|CS|TAMS 0x0000000088b00000| PB 0x0000000088b00000| Complete 
|  94|0x0000000088c00000, 0x0000000088d00000, 0x0000000088d00000|100%| E|CS|TAMS 0x0000000088c00000| PB 0x0000000088c00000| Complete 
|  95|0x0000000088d00000, 0x0000000088e00000, 0x0000000088e00000|100%| E|CS|TAMS 0x0000000088d00000| PB 0x0000000088d00000| Complete 
|  96|0x0000000088e00000, 0x0000000088f00000, 0x0000000088f00000|100%| E|CS|TAMS 0x0000000088e00000| PB 0x0000000088e00000| Complete 
|  97|0x0000000088f00000, 0x0000000089000000, 0x0000000089000000|100%| E|CS|TAMS 0x0000000088f00000| PB 0x0000000088f00000| Complete 
|  98|0x0000000089000000, 0x0000000089100000, 0x0000000089100000|100%| E|CS|TAMS 0x0000000089000000| PB 0x0000000089000000| Complete 
|  99|0x0000000089100000, 0x0000000089200000, 0x0000000089200000|100%| E|CS|TAMS 0x0000000089100000| PB 0x0000000089100000| Complete 
| 100|0x0000000089200000, 0x0000000089300000, 0x0000000089300000|100%| E|CS|TAMS 0x0000000089200000| PB 0x0000000089200000| Complete 
| 101|0x0000000089300000, 0x0000000089400000, 0x0000000089400000|100%| E|CS|TAMS 0x0000000089300000| PB 0x0000000089300000| Complete 
| 103|0x0000000089500000, 0x0000000089600000, 0x0000000089600000|100%| E|CS|TAMS 0x0000000089500000| PB 0x0000000089500000| Complete 
| 125|0x000000008ab00000, 0x000000008ac00000, 0x000000008ac00000|100%| E|CS|TAMS 0x000000008ab00000| PB 0x000000008ab00000| Complete 
|1998|0x00000000ffc00000, 0x00000000ffd00000, 0x00000000ffd00000|100%| O|Cm|TAMS 0x00000000ffc00000| PB 0x00000000ffc00000| Complete 
|1999|0x00000000ffd00000, 0x00000000ffe00000, 0x00000000ffe00000|100%| O|  |TAMS 0x00000000ffd00000| PB 0x00000000ffd00000| Untracked 
|2000|0x00000000ffe00000, 0x00000000fff00000, 0x00000000fff00000|100%| O|  |TAMS 0x00000000ffe00000| PB 0x00000000ffe00000| Untracked 
|2001|0x00000000fff00000, 0x0000000100000000, 0x0000000100000000|100%| O|  |TAMS 0x00000000fff00000| PB 0x00000000fff00000| Untracked 

Card table byte_map: [0x000001acf7820000,0x000001acf7c10000] _byte_map_base: 0x000001acf7409000

Marking Bits: (CMBitMap*) 0x000001acf3fffc30
 Bits: [0x000001acf7c10000, 0x000001acf9b58000)

Polling page: 0x000001acf1dc0000

Metaspace:

Usage:
  Non-class:     48.89 MB used.
      Class:      6.79 MB used.
       Both:     55.67 MB used.

Virtual space:
  Non-class space:       64.00 MB reserved,      49.31 MB ( 77%) committed,  1 nodes.
      Class space:        1.00 GB reserved,       7.12 MB ( <1%) committed,  1 nodes.
             Both:        1.06 GB reserved,      56.44 MB (  5%) committed. 

Chunk freelists:
   Non-Class:  13.77 MB
       Class:  8.91 MB
        Both:  22.67 MB

MaxMetaspaceSize: unlimited
CompressedClassSpaceSize: 1.00 GB
Initial GC threshold: 21.00 MB
Current GC threshold: 81.19 MB
CDS: off
 - commit_granule_bytes: 65536.
 - commit_granule_words: 8192.
 - virtual_space_node_default_size: 8388608.
 - enlarge_chunks_in_place: 1.
 - use_allocation_guard: 0.


Internal statistics:

num_allocs_failed_limit: 6.
num_arena_births: 1252.
num_arena_deaths: 0.
num_vsnodes_births: 2.
num_vsnodes_deaths: 0.
num_space_committed: 901.
num_space_uncommitted: 0.
num_chunks_returned_to_freelist: 6.
num_chunks_taken_from_freelist: 3145.
num_chunk_merges: 6.
num_chunk_splits: 2349.
num_chunks_enlarged: 1778.
num_inconsistent_stats: 0.

CodeHeap 'non-profiled nmethods': size=120000Kb used=2970Kb max_used=2970Kb free=117029Kb
 bounds [0x000001ac87ad0000, 0x000001ac87dc0000, 0x000001ac8f000000]
CodeHeap 'profiled nmethods': size=120000Kb used=9072Kb max_used=9072Kb free=110927Kb
 bounds [0x000001ac80000000, 0x000001ac808e0000, 0x000001ac87530000]
CodeHeap 'non-nmethods': size=5760Kb used=1576Kb max_used=1643Kb free=4183Kb
 bounds [0x000001ac87530000, 0x000001ac877a0000, 0x000001ac87ad0000]
CodeCache: size=245760Kb, used=13618Kb, max_used=13685Kb, free=232139Kb
 total_blobs=5119, nmethods=4474, adapters=548, full_count=0
Compilation: enabled, stopped_count=0, restarted_count=0

Compilation events (20 events):
Event: 11.876 Thread 0x000001acfc7e4e90 nmethod 4709 0x000001ac808c9e10 code [0x000001ac808ca1c0, 0x000001ac808cb6a0]
Event: 11.876 Thread 0x000001acfc7e4e90 4713       3       org.jetbrains.kotlin.parsing.KotlinParsing::parseTypeRef (8 bytes)
Event: 11.877 Thread 0x000001acfc7e4e90 nmethod 4713 0x000001ac808cbe10 code [0x000001ac808cbfe0, 0x000001ac808cc288]
Event: 11.877 Thread 0x000001acfc7e4e90 4714       3       org.jetbrains.kotlin.parsing.KotlinExpressionParsing::parseSelectorCallExpression (48 bytes)
Event: 11.878 Thread 0x000001acfc7e4e90 nmethod 4714 0x000001ac808cc410 code [0x000001ac808cc660, 0x000001ac808ccd88]
Event: 11.878 Thread 0x000001acfc7e4e90 4711       3       org.jetbrains.kotlin.parsing.KotlinExpressionParsing::parseStringTemplateElement (310 bytes)
Event: 11.885 Thread 0x000001acfc7e4e90 nmethod 4711 0x000001ac808cd110 code [0x000001ac808cda00, 0x000001ac808d3430]
Event: 11.885 Thread 0x000001acfc7e4e90 4717   !   3       org.jetbrains.kotlin.com.intellij.psi.impl.source.tree.LazyParseableElement::<init> (98 bytes)
Event: 11.886 Thread 0x000001ac96942ab0 4716       4       org.jetbrains.kotlin.com.intellij.lang.DefaultASTFactoryImpl::createLeaf (72 bytes)
Event: 11.888 Thread 0x000001acfc7e4e90 nmethod 4717 0x000001ac808d4f90 code [0x000001ac808d5320, 0x000001ac808d6b40]
Event: 11.888 Thread 0x000001acfc7e4e90 4722       3       org.jetbrains.kotlin.types.TypeAttributes$Companion::getEmpty (4 bytes)
Event: 11.889 Thread 0x000001acfc7e4e90 nmethod 4722 0x000001ac808d7410 code [0x000001ac808d75c0, 0x000001ac808d7730]
Event: 11.889 Thread 0x000001acfc7e4e90 4715       3       org.jetbrains.kotlin.com.intellij.lang.impl.MarkerOptionalData::markCollapsed (17 bytes)
Event: 11.889 Thread 0x000001acfc7e4e90 nmethod 4715 0x000001ac808d7810 code [0x000001ac808d79e0, 0x000001ac808d7c80]
Event: 11.889 Thread 0x000001acfc7e4e90 4719       3       org.jetbrains.kotlin.resolve.scopes.LazyScopeAdapter::getWorkerScope (13 bytes)
Event: 11.889 Thread 0x000001acfc7e4e90 nmethod 4719 0x000001ac808d7e10 code [0x000001ac808d7fc0, 0x000001ac808d8288]
Event: 11.889 Thread 0x000001acfc7e4e90 4720       3       org.jetbrains.kotlin.com.intellij.util.SmartList::<init> (5 bytes)
Event: 11.890 Thread 0x000001acfc7e4e90 nmethod 4720 0x000001ac808d8390 code [0x000001ac808d8540, 0x000001ac808d8770]
Event: 11.890 Thread 0x000001acfc7e4e90 4721       3       java.util.HashMap::newHashMap (44 bytes)
Event: 11.890 Thread 0x000001acfc7e4e90 nmethod 4721 0x000001ac808d8890 code [0x000001ac808d8b20, 0x000001ac808d92f8]

GC Heap History (20 events):
Event: 2.996 GC heap before
{Heap before GC invocations=4 (full 0):
 garbage-first heap   total 30720K, used 30017K [0x0000000082e00000, 0x0000000100000000)
  region size 1024K, 17 young (17408K), 3 survivors (3072K)
 Metaspace       used 29320K, committed 29568K, reserved 1114112K
  class space    used 3531K, committed 3648K, reserved 1048576K
}
Event: 3.014 GC heap after
{Heap after GC invocations=5 (full 0):
 garbage-first heap   total 36864K, used 18599K [0x0000000082e00000, 0x0000000100000000)
  region size 1024K, 3 young (3072K), 3 survivors (3072K)
 Metaspace       used 29320K, committed 29568K, reserved 1114112K
  class space    used 3531K, committed 3648K, reserved 1048576K
}
Event: 3.104 GC heap before
{Heap before GC invocations=5 (full 0):
 garbage-first heap   total 36864K, used 29863K [0x0000000082e00000, 0x0000000100000000)
  region size 1024K, 14 young (14336K), 3 survivors (3072K)
 Metaspace       used 29320K, committed 29568K, reserved 1114112K
  class space    used 3531K, committed 3648K, reserved 1048576K
}
Event: 3.120 GC heap after
{Heap after GC invocations=6 (full 0):
 garbage-first heap   total 36864K, used 22089K [0x0000000082e00000, 0x0000000100000000)
  region size 1024K, 2 young (2048K), 2 survivors (2048K)
 Metaspace       used 29320K, committed 29568K, reserved 1114112K
  class space    used 3531K, committed 3648K, reserved 1048576K
}
Event: 3.270 GC heap before
{Heap before GC invocations=6 (full 0):
 garbage-first heap   total 36864K, used 28233K [0x0000000082e00000, 0x0000000100000000)
  region size 1024K, 10 young (10240K), 2 survivors (2048K)
 Metaspace       used 29433K, committed 29760K, reserved 1114112K
  class space    used 3536K, committed 3712K, reserved 1048576K
}
Event: 3.296 GC heap after
{Heap after GC invocations=7 (full 0):
 garbage-first heap   total 37888K, used 27527K [0x0000000082e00000, 0x0000000100000000)
  region size 1024K, 2 young (2048K), 2 survivors (2048K)
 Metaspace       used 29433K, committed 29760K, reserved 1114112K
  class space    used 3536K, committed 3712K, reserved 1048576K
}
Event: 3.362 GC heap before
{Heap before GC invocations=8 (full 0):
 garbage-first heap   total 48128K, used 31623K [0x0000000082e00000, 0x0000000100000000)
  region size 1024K, 6 young (6144K), 2 survivors (2048K)
 Metaspace       used 29439K, committed 29760K, reserved 1114112K
  class space    used 3537K, committed 3712K, reserved 1048576K
}
Event: 3.375 GC heap after
{Heap after GC invocations=9 (full 0):
 garbage-first heap   total 48128K, used 31059K [0x0000000082e00000, 0x0000000100000000)
  region size 1024K, 1 young (1024K), 1 survivors (1024K)
 Metaspace       used 29439K, committed 29760K, reserved 1114112K
  class space    used 3537K, committed 3712K, reserved 1048576K
}
Event: 3.455 GC heap before
{Heap before GC invocations=9 (full 0):
 garbage-first heap   total 48128K, used 39251K [0x0000000082e00000, 0x0000000100000000)
  region size 1024K, 8 young (8192K), 1 survivors (1024K)
 Metaspace       used 29441K, committed 29760K, reserved 1114112K
  class space    used 3537K, committed 3712K, reserved 1048576K
}
Event: 3.467 GC heap after
{Heap after GC invocations=10 (full 0):
 garbage-first heap   total 48128K, used 26503K [0x0000000082e00000, 0x0000000100000000)
  region size 1024K, 1 young (1024K), 1 survivors (1024K)
 Metaspace       used 29441K, committed 29760K, reserved 1114112K
  class space    used 3537K, committed 3712K, reserved 1048576K
}
Event: 3.494 GC heap before
{Heap before GC invocations=10 (full 0):
 garbage-first heap   total 48128K, used 29575K [0x0000000082e00000, 0x0000000100000000)
  region size 1024K, 5 young (5120K), 1 survivors (1024K)
 Metaspace       used 29443K, committed 29760K, reserved 1114112K
  class space    used 3537K, committed 3712K, reserved 1048576K
}
Event: 3.500 GC heap after
{Heap after GC invocations=11 (full 0):
 garbage-first heap   total 110592K, used 27456K [0x0000000082e00000, 0x0000000100000000)
  region size 1024K, 2 young (2048K), 2 survivors (2048K)
 Metaspace       used 29443K, committed 29760K, reserved 1114112K
  class space    used 3537K, committed 3712K, reserved 1048576K
}
Event: 4.820 GC heap before
{Heap before GC invocations=11 (full 0):
 garbage-first heap   total 110592K, used 83776K [0x0000000082e00000, 0x0000000100000000)
  region size 1024K, 44 young (45056K), 2 survivors (2048K)
 Metaspace       used 36139K, committed 36480K, reserved 1114112K
  class space    used 4476K, committed 4608K, reserved 1048576K
}
Event: 4.842 GC heap after
{Heap after GC invocations=12 (full 0):
 garbage-first heap   total 110592K, used 44851K [0x0000000082e00000, 0x0000000100000000)
  region size 1024K, 6 young (6144K), 6 survivors (6144K)
 Metaspace       used 36139K, committed 36480K, reserved 1114112K
  class space    used 4476K, committed 4608K, reserved 1048576K
}
Event: 6.422 GC heap before
{Heap before GC invocations=12 (full 0):
 garbage-first heap   total 110592K, used 81715K [0x0000000082e00000, 0x0000000100000000)
  region size 1024K, 42 young (43008K), 6 survivors (6144K)
 Metaspace       used 43165K, committed 43648K, reserved 1114112K
  class space    used 5213K, committed 5440K, reserved 1048576K
}
Event: 6.448 GC heap after
{Heap after GC invocations=13 (full 0):
 garbage-first heap   total 110592K, used 49221K [0x0000000082e00000, 0x0000000100000000)
  region size 1024K, 4 young (4096K), 4 survivors (4096K)
 Metaspace       used 43165K, committed 43648K, reserved 1114112K
  class space    used 5213K, committed 5440K, reserved 1048576K
}
Event: 8.499 GC heap before
{Heap before GC invocations=13 (full 0):
 garbage-first heap   total 110592K, used 78917K [0x0000000082e00000, 0x0000000100000000)
  region size 1024K, 34 young (34816K), 4 survivors (4096K)
 Metaspace       used 48873K, committed 49600K, reserved 1114112K
  class space    used 5949K, committed 6336K, reserved 1048576K
}
Event: 8.522 GC heap after
{Heap after GC invocations=14 (full 0):
 garbage-first heap   total 110592K, used 52289K [0x0000000082e00000, 0x0000000100000000)
  region size 1024K, 4 young (4096K), 4 survivors (4096K)
 Metaspace       used 48873K, committed 49600K, reserved 1114112K
  class space    used 5949K, committed 6336K, reserved 1048576K
}
Event: 9.488 GC heap before
{Heap before GC invocations=15 (full 0):
 garbage-first heap   total 110592K, used 90177K [0x0000000082e00000, 0x0000000100000000)
  region size 1024K, 41 young (41984K), 4 survivors (4096K)
 Metaspace       used 50862K, committed 51648K, reserved 1114112K
  class space    used 6185K, committed 6528K, reserved 1048576K
}
Event: 9.508 GC heap after
{Heap after GC invocations=16 (full 0):
 garbage-first heap   total 110592K, used 53795K [0x0000000082e00000, 0x0000000100000000)
  region size 1024K, 3 young (3072K), 3 survivors (3072K)
 Metaspace       used 50862K, committed 51648K, reserved 1114112K
  class space    used 6185K, committed 6528K, reserved 1048576K
}

Dll operation events (3 events):
Event: 0.011 Loaded shared library C:\Program Files\Android\Android Studio\jbr\bin\java.dll
Event: 0.017 Loaded shared library C:\Program Files\Android\Android Studio\jbr\bin\zip.dll
Event: 2.656 Loaded shared library C:\Program Files\Android\Android Studio\jbr\bin\verify.dll

Deoptimization events (20 events):
Event: 10.112 Thread 0x000001acf1bc83d0 Uncommon trap: trap_request=0xffffff45 fr.pc=0x000001ac87b5d54c relative=0x000000000000010c
Event: 10.112 Thread 0x000001acf1bc83d0 Uncommon trap: reason=unstable_if action=reinterpret pc=0x000001ac87b5d54c method=java.text.StringCharacterIterator.current()C @ 19 c2
Event: 10.112 Thread 0x000001acf1bc83d0 DEOPT PACKING pc=0x000001ac87b5d54c sp=0x00000012248fc070
Event: 10.112 Thread 0x000001acf1bc83d0 DEOPT UNPACKING pc=0x000001ac875846a2 sp=0x00000012248fc008 mode 2
Event: 10.776 Thread 0x000001acf1bc83d0 Uncommon trap: trap_request=0xffffffc6 fr.pc=0x000001ac87b5a8d8 relative=0x00000000000000b8
Event: 10.776 Thread 0x000001acf1bc83d0 Uncommon trap: reason=bimorphic_or_optimized_type_check action=maybe_recompile pc=0x000001ac87b5a8d8 method=java.util.AbstractList$Itr.hasNext()Z @ 8 c2
Event: 10.776 Thread 0x000001acf1bc83d0 DEOPT PACKING pc=0x000001ac87b5a8d8 sp=0x00000012248fa9d0
Event: 10.776 Thread 0x000001acf1bc83d0 DEOPT UNPACKING pc=0x000001ac875846a2 sp=0x00000012248fa968 mode 2
Event: 10.776 Thread 0x000001acf1bc83d0 Uncommon trap: trap_request=0xffffffc6 fr.pc=0x000001ac87b5a8d8 relative=0x00000000000000b8
Event: 10.776 Thread 0x000001acf1bc83d0 Uncommon trap: reason=bimorphic_or_optimized_type_check action=maybe_recompile pc=0x000001ac87b5a8d8 method=java.util.AbstractList$Itr.hasNext()Z @ 8 c2
Event: 10.776 Thread 0x000001acf1bc83d0 DEOPT PACKING pc=0x000001ac87b5a8d8 sp=0x00000012248fa9d0
Event: 10.776 Thread 0x000001acf1bc83d0 DEOPT UNPACKING pc=0x000001ac875846a2 sp=0x00000012248fa968 mode 2
Event: 10.982 Thread 0x000001acf1bc83d0 Uncommon trap: trap_request=0xffffffc6 fr.pc=0x000001ac87b5a8d8 relative=0x00000000000000b8
Event: 10.982 Thread 0x000001acf1bc83d0 Uncommon trap: reason=bimorphic_or_optimized_type_check action=maybe_recompile pc=0x000001ac87b5a8d8 method=java.util.AbstractList$Itr.hasNext()Z @ 8 c2
Event: 10.982 Thread 0x000001acf1bc83d0 DEOPT PACKING pc=0x000001ac87b5a8d8 sp=0x00000012248fa930
Event: 10.982 Thread 0x000001acf1bc83d0 DEOPT UNPACKING pc=0x000001ac875846a2 sp=0x00000012248fa8c8 mode 2
Event: 10.982 Thread 0x000001acf1bc83d0 Uncommon trap: trap_request=0xffffffc6 fr.pc=0x000001ac87b5a8d8 relative=0x00000000000000b8
Event: 10.982 Thread 0x000001acf1bc83d0 Uncommon trap: reason=bimorphic_or_optimized_type_check action=maybe_recompile pc=0x000001ac87b5a8d8 method=java.util.AbstractList$Itr.hasNext()Z @ 8 c2
Event: 10.982 Thread 0x000001acf1bc83d0 DEOPT PACKING pc=0x000001ac87b5a8d8 sp=0x00000012248fa930
Event: 10.982 Thread 0x000001acf1bc83d0 DEOPT UNPACKING pc=0x000001ac875846a2 sp=0x00000012248fa8c8 mode 2

Classes loaded (20 events):
Event: 10.659 Loading class java/util/stream/DoubleStream
Event: 10.660 Loading class java/util/stream/DoubleStream done
Event: 10.684 Loading class java/util/stream/ForEachOps
Event: 10.684 Loading class java/util/stream/ForEachOps done
Event: 10.684 Loading class java/util/stream/ForEachOps$ForEachOp$OfRef
Event: 10.684 Loading class java/util/stream/ForEachOps$ForEachOp
Event: 10.685 Loading class java/util/stream/ForEachOps$ForEachOp done
Event: 10.685 Loading class java/util/stream/ForEachOps$ForEachOp$OfRef done
Event: 10.827 Loading class java/util/Collections$SynchronizedSet
Event: 10.827 Loading class java/util/Collections$SynchronizedCollection
Event: 10.828 Loading class java/util/Collections$SynchronizedCollection done
Event: 10.828 Loading class java/util/Collections$SynchronizedSet done
Event: 11.276 Loading class java/util/EnumMap$EntrySet
Event: 11.277 Loading class java/util/EnumMap$EntrySet done
Event: 11.277 Loading class java/util/EnumMap$EntryIterator
Event: 11.277 Loading class java/util/EnumMap$EnumMapIterator
Event: 11.277 Loading class java/util/EnumMap$EnumMapIterator done
Event: 11.277 Loading class java/util/EnumMap$EntryIterator done
Event: 11.277 Loading class java/util/EnumMap$EntryIterator$Entry
Event: 11.277 Loading class java/util/EnumMap$EntryIterator$Entry done

Classes unloaded (0 events):
No events

Classes redefined (0 events):
No events

Internal exceptions (20 events):
Event: 6.700 Thread 0x000001acf1bc83d0 Exception <a 'java/lang/NoSuchMethodError'{0x0000000089171708}: 'java.lang.Object java.lang.invoke.DirectMethodHandle$Holder.invokeSpecial(java.lang.Object, java.lang.Object, java.lang.Object, java.lang.Object, java.lang.Object, java.lang.Object, java.lang.Object, java.lang.Object, java.lang.Object, java.lang.Object, java.lang.Object, java.lang.Object, java.lang.Object, java.lang.Object, java.lang.Object, java.lang.Object, java.lang.Object, java.lang.Object, java.lang.Object)'> (0x0000000089171708) 
thrown
Event: 6.701 Thread 0x000001acf1bc83d0 Exception <a 'java/lang/NoSuchMethodError'{0x0000000089176380}: 'java.lang.Object java.lang.invoke.DelegatingMethodHandle$Holder.reinvoke_L(java.lang.Object, java.lang.Object, java.lang.Object, java.lang.Object, java.lang.Object, java.lang.Object, java.lang.Object, java.lang.Object, java.lang.Object, java.lang.Object, java.lang.Object, java.lang.Object, java.lang.Object, java.lang.Object, java.lang.Object, java.lang.Object, java.lang.Object, java.lang.Object)'> (0x0000000089176380) 
thrown [s\src\hotspot\s
Event: 6.720 Thread 0x000001acf1bc83d0 Exception <a 'java/lang/NoSuchMethodError'{0x00000000891fdb18}: 'java.lang.Object java.lang.invoke.DirectMethodHandle$Holder.newInvokeSpecial(java.lang.Object, java.lang.Object, java.lang.Object, java.lang.Object, java.lang.Object, java.lang.Object, java.lang.Object, java.lang.Object, java.lang.Object, java.lang.Object, java.lang.Object, java.lang.Object, java.lang.Object, java.lang.Object, java.lang.Object, java.lang.Object, java.lang.Object, java.lang.Object, java.lang.Object, java.lang.Object, java.lang
Event: 6.722 Thread 0x000001acf1bc83d0 Exception <a 'java/lang/NoSuchMethodError'{0x0000000089004c58}: 'java.lang.Object java.lang.invoke.DirectMethodHandle$Holder.invokeSpecial(java.lang.Object, java.lang.Object, java.lang.Object, java.lang.Object, java.lang.Object, java.lang.Object, java.lang.Object, java.lang.Object, java.lang.Object, java.lang.Object, java.lang.Object, java.lang.Object, java.lang.Object, java.lang.Object, java.lang.Object, java.lang.Object, java.lang.Object, java.lang.Object, java.lang.Object, java.lang.Object, java.lang.Ob
Event: 6.722 Thread 0x000001acf1bc83d0 Exception <a 'java/lang/NoSuchMethodError'{0x000000008900a3d0}: 'java.lang.Object java.lang.invoke.DelegatingMethodHandle$Holder.reinvoke_L(java.lang.Object, java.lang.Object, java.lang.Object, java.lang.Object, java.lang.Object, java.lang.Object, java.lang.Object, java.lang.Object, java.lang.Object, java.lang.Object, java.lang.Object, java.lang.Object, java.lang.Object, java.lang.Object, java.lang.Object, java.lang.Object, java.lang.Object, java.lang.Object, java.lang.Object, java.lang.Object, java.lang.O
Event: 6.739 Thread 0x000001acf1bc83d0 Exception <a 'java/lang/NoSuchMethodError'{0x00000000890d8350}: 'java.lang.Object java.lang.invoke.DirectMethodHandle$Holder.invokeStatic(java.lang.Object, java.lang.Object, java.lang.Object, java.lang.Object, java.lang.Object, java.lang.Object, java.lang.Object, java.lang.Object, java.lang.Object, java.lang.Object, java.lang.Object, java.lang.Object, java.lang.Object, java.lang.Object, java.lang.Object, java.lang.Object, java.lang.Object, java.lang.Object, java.lang.Object, java.lang.Object, java.lang.Obj
Event: 6.744 Thread 0x000001acf1bc83d0 Exception <a 'java/lang/NoSuchMethodError'{0x0000000088f0ab88}: 'java.lang.Object java.lang.invoke.DirectMethodHandle$Holder.invokeStatic(java.lang.Object, java.lang.Object, java.lang.Object, java.lang.Object, java.lang.Object, java.lang.Object, java.lang.Object, java.lang.Object, java.lang.Object, java.lang.Object, java.lang.Object, java.lang.Object, java.lang.Object, java.lang.Object, java.lang.Object, java.lang.Object, java.lang.Object, java.lang.Object, java.lang.Object, java.lang.Object, java.lang.Obj
Event: 6.770 Thread 0x000001acf1bc83d0 Exception <a 'java/lang/NoSuchMethodError'{0x0000000088f8f920}: 'java.lang.Object java.lang.invoke.DirectMethodHandle$Holder.newInvokeSpecial(java.lang.Object, java.lang.Object, java.lang.Object, java.lang.Object, java.lang.Object, java.lang.Object, java.lang.Object, java.lang.Object, java.lang.Object, java.lang.Object, java.lang.Object, java.lang.Object, java.lang.Object)'> (0x0000000088f8f920) 
thrown [s\src\hotspot\share\interpreter\linkResolver.cpp, line 784]
Event: 6.771 Thread 0x000001acf1bc83d0 Exception <a 'java/lang/NoSuchMethodError'{0x0000000088f94930}: 'java.lang.Object java.lang.invoke.DirectMethodHandle$Holder.invokeSpecial(java.lang.Object, java.lang.Object, java.lang.Object, java.lang.Object, java.lang.Object, java.lang.Object, java.lang.Object, java.lang.Object, java.lang.Object, java.lang.Object, java.lang.Object, java.lang.Object, java.lang.Object, java.lang.Object)'> (0x0000000088f94930) 
thrown [s\src\hotspot\share\interpreter\linkResolver.cpp, line 784]
Event: 6.772 Thread 0x000001acf1bc83d0 Exception <a 'java/lang/NoSuchMethodError'{0x0000000088f98e80}: 'java.lang.Object java.lang.invoke.DelegatingMethodHandle$Holder.reinvoke_L(java.lang.Object, java.lang.Object, java.lang.Object, java.lang.Object, java.lang.Object, java.lang.Object, java.lang.Object, java.lang.Object, java.lang.Object, java.lang.Object, java.lang.Object, java.lang.Object, java.lang.Object)'> (0x0000000088f98e80) 
thrown [s\src\hotspot\share\interpreter\linkResolver.cpp, line 784]
Event: 7.240 Thread 0x000001acf1bc83d0 Exception <a 'java/lang/NoSuchMethodError'{0x00000000888dbbf0}: 'java.lang.Object java.lang.invoke.Invokers$Holder.invokeExact_MT(java.lang.Object, java.lang.Object, long, java.lang.Object)'> (0x00000000888dbbf0) 
thrown [s\src\hotspot\share\interpreter\linkResolver.cpp, line 784]
Event: 7.822 Thread 0x000001acf1bc83d0 Exception <a 'java/lang/NoSuchMethodError'{0x000000008813f4f8}: 'java.lang.Object java.lang.invoke.DirectMethodHandle$Holder.newInvokeSpecial(java.lang.Object, java.lang.Object, java.lang.Object, int)'> (0x000000008813f4f8) 
thrown [s\src\hotspot\share\interpreter\linkResolver.cpp, line 784]
Event: 7.823 Thread 0x000001acf1bc83d0 Exception <a 'java/lang/NoSuchMethodError'{0x0000000088143678}: 'java.lang.Object java.lang.invoke.DirectMethodHandle$Holder.invokeSpecial(java.lang.Object, java.lang.Object, java.lang.Object, java.lang.Object, int)'> (0x0000000088143678) 
thrown [s\src\hotspot\share\interpreter\linkResolver.cpp, line 784]
Event: 7.824 Thread 0x000001acf1bc83d0 Exception <a 'java/lang/NoSuchMethodError'{0x0000000088146dc0}: 'java.lang.Object java.lang.invoke.Invokers$Holder.linkToTargetMethod(java.lang.Object, java.lang.Object, int, java.lang.Object)'> (0x0000000088146dc0) 
thrown [s\src\hotspot\share\interpreter\linkResolver.cpp, line 784]
Event: 8.588 Thread 0x000001acfc7a33f0 Implicit null exception at 0x000001ac87d001cb to 0x000001ac87d005d4
Event: 8.841 Thread 0x000001acf1bc83d0 Exception <a 'java/lang/NoSuchMethodError'{0x00000000892a82f0}: 'java.lang.Object java.lang.invoke.DirectMethodHandle$Holder.newInvokeSpecial(java.lang.Object, java.lang.Object, java.lang.Object, java.lang.Object, int)'> (0x00000000892a82f0) 
thrown [s\src\hotspot\share\interpreter\linkResolver.cpp, line 784]
Event: 8.843 Thread 0x000001acf1bc83d0 Exception <a 'java/lang/NoSuchMethodError'{0x00000000892acc08}: 'java.lang.Object java.lang.invoke.DirectMethodHandle$Holder.invokeSpecial(java.lang.Object, java.lang.Object, java.lang.Object, java.lang.Object, java.lang.Object, int)'> (0x00000000892acc08) 
thrown [s\src\hotspot\share\interpreter\linkResolver.cpp, line 784]
Event: 8.844 Thread 0x000001acf1bc83d0 Exception <a 'java/lang/NoSuchMethodError'{0x00000000892b0f48}: 'java.lang.Object java.lang.invoke.Invokers$Holder.linkToTargetMethod(java.lang.Object, java.lang.Object, java.lang.Object, int, java.lang.Object)'> (0x00000000892b0f48) 
thrown [s\src\hotspot\share\interpreter\linkResolver.cpp, line 784]
Event: 11.299 Thread 0x000001acf1bc83d0 Exception <a 'java/lang/NoSuchMethodError'{0x0000000088279ef0}: 'java.lang.Object java.lang.invoke.DirectMethodHandle$Holder.newInvokeSpecial(java.lang.Object, java.lang.Object, java.lang.Object, java.lang.Object, int, java.lang.Object)'> (0x0000000088279ef0) 
thrown [s\src\hotspot\share\interpreter\linkResolver.cpp, line 784]
Event: 11.299 Thread 0x000001acf1bc83d0 Exception <a 'java/lang/NoSuchMethodError'{0x000000008827e2d0}: 'java.lang.Object java.lang.invoke.DirectMethodHandle$Holder.invokeSpecial(java.lang.Object, java.lang.Object, java.lang.Object, java.lang.Object, java.lang.Object, int, java.lang.Object)'> (0x000000008827e2d0) 
thrown [s\src\hotspot\share\interpreter\linkResolver.cpp, line 784]

ZGC Phase Switch (0 events):
No events

VM Operations (20 events):
Event: 9.586 Executing VM operation: HandshakeAllThreads (Deoptimize)
Event: 9.586 Executing VM operation: HandshakeAllThreads (Deoptimize) done
Event: 9.588 Executing VM operation: HandshakeAllThreads (Deoptimize)
Event: 9.588 Executing VM operation: HandshakeAllThreads (Deoptimize) done
Event: 10.294 Executing VM operation: HandshakeAllThreads (Deoptimize)
Event: 10.294 Executing VM operation: HandshakeAllThreads (Deoptimize) done
Event: 10.474 Executing VM operation: HandshakeAllThreads (Deoptimize)
Event: 10.474 Executing VM operation: HandshakeAllThreads (Deoptimize) done
Event: 10.561 Executing VM operation: HandshakeAllThreads (Deoptimize)
Event: 10.561 Executing VM operation: HandshakeAllThreads (Deoptimize) done
Event: 10.561 Executing VM operation: Cleanup
Event: 10.561 Executing VM operation: Cleanup done
Event: 10.605 Executing VM operation: HandshakeAllThreads (Deoptimize)
Event: 10.605 Executing VM operation: HandshakeAllThreads (Deoptimize) done
Event: 10.644 Executing VM operation: HandshakeAllThreads (Deoptimize)
Event: 10.644 Executing VM operation: HandshakeAllThreads (Deoptimize) done
Event: 11.005 Executing VM operation: HandshakeAllThreads (Deoptimize)
Event: 11.005 Executing VM operation: HandshakeAllThreads (Deoptimize) done
Event: 12.018 Executing VM operation: Cleanup
Event: 12.019 Executing VM operation: Cleanup done

Memory protections (0 events):
No events

Nmethod flushes (20 events):
Event: 8.586 Thread 0x000001acfc752450 flushing  nmethod 0x000001ac80260690
Event: 8.586 Thread 0x000001acfc752450 flushing  nmethod 0x000001ac80261890
Event: 8.586 Thread 0x000001acfc752450 flushing  nmethod 0x000001ac80262490
Event: 8.586 Thread 0x000001acfc752450 flushing  nmethod 0x000001ac80263890
Event: 8.586 Thread 0x000001acfc752450 flushing  nmethod 0x000001ac80263e10
Event: 8.586 Thread 0x000001acfc752450 flushing  nmethod 0x000001ac80264290
Event: 8.586 Thread 0x000001acfc752450 flushing  nmethod 0x000001ac80264a10
Event: 8.586 Thread 0x000001acfc752450 flushing  nmethod 0x000001ac80265590
Event: 8.586 Thread 0x000001acfc752450 flushing  nmethod 0x000001ac80265d10
Event: 8.586 Thread 0x000001acfc752450 flushing  nmethod 0x000001ac80269190
Event: 8.586 Thread 0x000001acfc752450 flushing  nmethod 0x000001ac8026a990
Event: 8.586 Thread 0x000001acfc752450 flushing  nmethod 0x000001ac8026af90
Event: 8.586 Thread 0x000001acfc752450 flushing  nmethod 0x000001ac8026c510
Event: 8.586 Thread 0x000001acfc752450 flushing  nmethod 0x000001ac8026cf10
Event: 8.586 Thread 0x000001acfc752450 flushing  nmethod 0x000001ac8026dd10
Event: 8.586 Thread 0x000001acfc752450 flushing  nmethod 0x000001ac8026e890
Event: 8.586 Thread 0x000001acfc752450 flushing  nmethod 0x000001ac80270310
Event: 8.586 Thread 0x000001acfc752450 flushing  nmethod 0x000001ac80270690
Event: 8.586 Thread 0x000001acfc752450 flushing  nmethod 0x000001ac80271210
Event: 8.586 Thread 0x000001acfc752450 flushing osr nmethod 0x000001ac80271c10

Events (20 events):
Event: 0.155 Loaded shared library C:\Program Files\Android\Android Studio\jbr\bin\net.dll
Event: 0.157 Loaded shared library C:\Program Files\Android\Android Studio\jbr\bin\nio.dll
Event: 0.180 Thread 0x000001acfc7e2740 Thread added: 0x000001acfc9d9400
Event: 0.180 Thread 0x000001acfc7e2740 Thread added: 0x000001acfc9d9ab0
Event: 0.194 Loaded shared library C:\Program Files\Android\Android Studio\jbr\bin\zip.dll
Event: 0.246 Loaded shared library C:\Program Files\Android\Android Studio\jbr\bin\jimage.dll
Event: 0.335 Thread 0x000001acfc9d9ab0 Thread exited: 0x000001acfc9d9ab0
Event: 0.429 Thread 0x000001acfc7e2740 Thread added: 0x000001acfccc2c40
Event: 1.402 Thread 0x000001acfccc2c40 Thread exited: 0x000001acfccc2c40
Event: 1.403 Thread 0x000001acfc9d9400 Thread exited: 0x000001acfc9d9400
Event: 2.847 Thread 0x000001acfc7e4e90 Thread added: 0x000001acfddef380
Event: 2.870 Thread 0x000001acfc7e4e90 Thread added: 0x000001acfdf1ff90
Event: 4.790 Thread 0x000001acfdf1ff90 Thread exited: 0x000001acfdf1ff90
Event: 4.791 Thread 0x000001acfddef380 Thread exited: 0x000001acfddef380
Event: 5.958 Thread 0x000001acfc7e4e90 Thread added: 0x000001acfd669b60
Event: 6.295 Thread 0x000001acfc7e4e90 Thread added: 0x000001ac965ea0f0
Event: 8.342 Thread 0x000001ac965ea0f0 Thread exited: 0x000001ac965ea0f0
Event: 11.673 Thread 0x000001acfd669b60 Thread exited: 0x000001acfd669b60
Event: 11.719 Thread 0x000001acfc7e4e90 Thread added: 0x000001acff020bf0
Event: 11.885 Thread 0x000001acfc7e4e90 Thread added: 0x000001ac96942ab0


Dynamic libraries:
0x00007ff7a1790000 - 0x00007ff7a179a000 	C:\Program Files\Android\Android Studio\jbr\bin\java.exe
0x00007ffa91920000 - 0x00007ffa91b87000 	C:\WINDOWS\SYSTEM32\ntdll.dll
0x00007ffa904f0000 - 0x00007ffa905b9000 	C:\WINDOWS\System32\KERNEL32.DLL
0x00007ffa8eee0000 - 0x00007ffa8f2cf000 	C:\WINDOWS\System32\KERNELBASE.dll
0x00007ffa8ec20000 - 0x00007ffa8ed6b000 	C:\WINDOWS\System32\ucrtbase.dll
0x00007ffa81ad0000 - 0x00007ffa81ae8000 	C:\Program Files\Android\Android Studio\jbr\bin\jli.dll
0x00007ffa6f5e0000 - 0x00007ffa6f5fb000 	C:\Program Files\Android\Android Studio\jbr\bin\VCRUNTIME140.dll
0x00007ffa8fc30000 - 0x00007ffa8fdf5000 	C:\WINDOWS\System32\USER32.dll
0x00007ffa78380000 - 0x00007ffa78613000 	C:\WINDOWS\WinSxS\amd64_microsoft.windows.common-controls_6595b64144ccf1df_6.0.26100.7309_none_3e05feeae336a044\COMCTL32.dll
0x00007ffa8ea70000 - 0x00007ffa8ea97000 	C:\WINDOWS\System32\win32u.dll
0x00007ffa8f6d0000 - 0x00007ffa8f779000 	C:\WINDOWS\System32\msvcrt.dll
0x00007ffa8fb00000 - 0x00007ffa8fb2b000 	C:\WINDOWS\System32\GDI32.dll
0x00007ffa8f440000 - 0x00007ffa8f56c000 	C:\WINDOWS\System32\gdi32full.dll
0x00007ffa8f2e0000 - 0x00007ffa8f383000 	C:\WINDOWS\System32\msvcp_win.dll
0x00007ffa90af0000 - 0x00007ffa90b21000 	C:\WINDOWS\System32\IMM32.DLL
0x00007ffa89c30000 - 0x00007ffa89c3c000 	C:\Program Files\Android\Android Studio\jbr\bin\vcruntime140_1.dll
0x00007ffa57580000 - 0x00007ffa5760d000 	C:\Program Files\Android\Android Studio\jbr\bin\msvcp140.dll
0x00007ffa24d60000 - 0x00007ffa259f6000 	C:\Program Files\Android\Android Studio\jbr\bin\server\jvm.dll
0x00007ffa90610000 - 0x00007ffa906c4000 	C:\WINDOWS\System32\ADVAPI32.dll
0x00007ffa8fe80000 - 0x00007ffa8ff26000 	C:\WINDOWS\System32\sechost.dll
0x00007ffa90940000 - 0x00007ffa90a58000 	C:\WINDOWS\System32\RPCRT4.dll
0x00007ffa907b0000 - 0x00007ffa90824000 	C:\WINDOWS\System32\WS2_32.dll
0x00007ffa8e8f0000 - 0x00007ffa8e94e000 	C:\WINDOWS\SYSTEM32\POWRPROF.dll
0x00007ffa83ae0000 - 0x00007ffa83aeb000 	C:\WINDOWS\SYSTEM32\VERSION.dll
0x00007ffa787c0000 - 0x00007ffa787f5000 	C:\WINDOWS\SYSTEM32\WINMM.dll
0x00007ffa8e8d0000 - 0x00007ffa8e8e4000 	C:\WINDOWS\SYSTEM32\UMPDC.dll
0x00007ffa8d7e0000 - 0x00007ffa8d7fb000 	C:\WINDOWS\SYSTEM32\kernel.appcore.dll
0x00007ffa81af0000 - 0x00007ffa81afa000 	C:\Program Files\Android\Android Studio\jbr\bin\jimage.dll
0x00007ffa82680000 - 0x00007ffa828c2000 	C:\WINDOWS\SYSTEM32\DBGHELP.DLL
0x00007ffa91460000 - 0x00007ffa917e5000 	C:\WINDOWS\System32\combase.dll
0x00007ffa906d0000 - 0x00007ffa907a6000 	C:\WINDOWS\System32\OLEAUT32.dll
0x00007ffa6df00000 - 0x00007ffa6df3c000 	C:\WINDOWS\SYSTEM32\dbgcore.DLL
0x00007ffa8f390000 - 0x00007ffa8f435000 	C:\WINDOWS\System32\bcryptPrimitives.dll
0x00007ffa6bfc0000 - 0x00007ffa6bfe0000 	C:\Program Files\Android\Android Studio\jbr\bin\java.dll
0x00007ffa672e0000 - 0x00007ffa672f8000 	C:\Program Files\Android\Android Studio\jbr\bin\zip.dll
0x00007ffa90d00000 - 0x00007ffa91453000 	C:\WINDOWS\System32\SHELL32.dll
0x00007ffa8ed70000 - 0x00007ffa8eeda000 	C:\WINDOWS\System32\wintypes.dll
0x00007ffa8c630000 - 0x00007ffa8ce8e000 	C:\WINDOWS\SYSTEM32\windows.storage.dll
0x00007ffa903f0000 - 0x00007ffa904e5000 	C:\WINDOWS\System32\SHCORE.dll
0x00007ffa908d0000 - 0x00007ffa90936000 	C:\WINDOWS\System32\shlwapi.dll
0x00007ffa8e990000 - 0x00007ffa8e9b9000 	C:\WINDOWS\SYSTEM32\profapi.dll
0x00007ffa815b0000 - 0x00007ffa815c0000 	C:\Program Files\Android\Android Studio\jbr\bin\net.dll
0x00007ffa88b90000 - 0x00007ffa88cb8000 	C:\WINDOWS\SYSTEM32\WINHTTP.dll
0x00007ffa8dd30000 - 0x00007ffa8dd9b000 	C:\WINDOWS\system32\mswsock.dll
0x00007ffa67120000 - 0x00007ffa67136000 	C:\Program Files\Android\Android Studio\jbr\bin\nio.dll
0x00007ffa7ffa0000 - 0x00007ffa7ffb0000 	C:\Program Files\Android\Android Studio\jbr\bin\verify.dll

JVMTI agents: none

dbghelp: loaded successfully - version: 4.0.5 - missing functions: none
symbol engine: initialized successfully - sym options: 0x614 - pdb path: .;C:\Program Files\Android\Android Studio\jbr\bin;C:\WINDOWS\SYSTEM32;C:\WINDOWS\WinSxS\amd64_microsoft.windows.common-controls_6595b64144ccf1df_6.0.26100.7309_none_3e05feeae336a044;C:\Program Files\Android\Android Studio\jbr\bin\server

VM Arguments:
java_command: org.jetbrains.kotlin.cli.jvm.K2JVMCompiler @C:\Users\user\Desktop\flutter\packages\flutter_tools\gradle\build\20260103_4520380994460157792.compiler.options
java_class_path (initial): C:\Users\user\.gradle\caches\modules-2\files-2.1\org.jetbrains.kotlin\kotlin-compiler-embeddable\2.0.21\79346ed53db48b18312a472602eb5c057070c54d\kotlin-compiler-embeddable-2.0.21.jar;C:\Users\user\.gradle\caches\modules-2\files-2.1\org.jetbrains.kotlin\kotlin-stdlib\2.0.21\618b539767b4899b4660a83006e052b63f1db551\kotlin-stdlib-2.0.21.jar;C:\Users\user\.gradle\caches\modules-2\files-2.1\org.jetbrains.kotlin\kotlin-script-runtime\2.0.21\c9b044380ad41f89aa89aa896c2d32a8c0b2129d\kotlin-script-runtime-2.0.21.jar;C:\Users\user\.gradle\caches\modules-2\files-2.1\org.jetbrains.kotlin\kotlin-reflect\1.6.10\1cbe9c92c12a94eea200d23c2bbaedaf3daf5132\kotlin-reflect-1.6.10.jar;C:\Users\user\.gradle\caches\modules-2\files-2.1\org.jetbrains.kotlin\kotlin-daemon-embeddable\2.0.21\c9e933b23287de9b5a17e2116b4657bb91aea72c\kotlin-daemon-embeddable-2.0.21.jar;C:\Users\user\.gradle\caches\modules-2\files-2.1\org.jetbrains.intellij.deps\trove4j\1.0.20200330\3afb14d5f9ceb459d724e907a21145e8ff394f02\trove4j-1.0.20200330.jar;C:\Users\user\.gradle\caches\modules-2\files-2.1\org.jetbrains.kotlinx\kotlinx-coroutines-core-jvm\1.6.4\2c997cd1c0ef33f3e751d3831929aeff1390cb30\kotlinx-coroutines-core-jvm-1.6.4.jar;C:\Users\user\.gradle\caches\modules-2\files-2.1\org.jetbrains\annotations\13.0\919f0dfe192fb4e063e7dacadee7f8bb9a2672a9\annotations-13.0.jar
Launcher Type: SUN_STANDARD

[Global flags]
     intx CICompilerCount                          = 4                                         {product} {ergonomic}
     uint ConcGCThreads                            = 2                                         {product} {ergonomic}
     uint G1ConcRefinementThreads                  = 8                                         {product} {ergonomic}
   size_t G1HeapRegionSize                         = 1048576                                   {product} {ergonomic}
    uintx GCDrainStackTargetSize                   = 64                                        {product} {ergonomic}
   size_t InitialHeapSize                          = 132120576                                 {product} {ergonomic}
   size_t MarkStackSize                            = 4194304                                   {product} {ergonomic}
   size_t MaxHeapSize                              = 2099249152                                {product} {ergonomic}
   size_t MaxNewSize                               = 1259339776                                {product} {ergonomic}
   size_t MinHeapDeltaBytes                        = 1048576                                   {product} {ergonomic}
   size_t MinHeapSize                              = 8388608                                   {product} {ergonomic}
    uintx NonNMethodCodeHeapSize                   = 5839372                                {pd product} {ergonomic}
    uintx NonProfiledCodeHeapSize                  = 122909434                              {pd product} {ergonomic}
    uintx ProfiledCodeHeapSize                     = 122909434                              {pd product} {ergonomic}
    uintx ReservedCodeCacheSize                    = 251658240                              {pd product} {ergonomic}
     bool SegmentedCodeCache                       = true                                      {product} {ergonomic}
   size_t SoftMaxHeapSize                          = 2099249152                             {manageable} {ergonomic}
     bool UseCompressedOops                        = true                           {product lp64_product} {ergonomic}
     bool UseG1GC                                  = true                                      {product} {ergonomic}
     bool UseLargePagesIndividualAllocation        = false                                  {pd product} {ergonomic}

Logging:
Log output configuration:
 #0: stdout all=warning uptime,level,tags foldmultilines=false
 #1: stderr all=off uptime,level,tags foldmultilines=false

Environment Variables:
JAVA_HOME=C:\Program Files\Android\Android Studio\jbr
CLASSPATH=C:\Users\user\Desktop\cours et Tds\pharmacie\android\\gradle\wrapper\gradle-wrapper.jar
PATH=C:\Program Files\Android\Android Studio\jbr\bin;C:\Users\user\Desktop\flutter\bin\;C:\WINDOWS\system32;C:\WINDOWS;C:\WINDOWS\System32\Wbem;C:\WINDOWS\System32\WindowsPowerShell\v1.0\;C:\WINDOWS\System32\OpenSSH\;C:\Program Files (x86)\AOMEI\AOMEI Backupper\6.5.1;C:\Program Files\Git\cmd;C:\ProgramData\chocolatey\bin;C:\Program Files\nodejs\;C:\Program Files\dotnet\;C:\Users\user\AppData\Local\Microsoft\WindowsApps;C:\Users\user\AppData\Local\Programs\Microsoft VS Code\bin;C:\Users\user\AppData\Roaming\npm;C:\Program Files\heroku\bin;C:\ffmpeg\bin;C:\Users\user\Downloads\stripe_1.31.0_windows_x86_64\;C:\Users\user\Downloads\stripe;C:\Users\user\Desktop\flutter\bin;C:\Users\user\AppData\Local\Pub\Cache\bin;
USERNAME=user
LANG=en_US.UTF-8
OS=Windows_NT
PROCESSOR_IDENTIFIER=Intel64 Family 6 Model 142 Stepping 12, GenuineIntel
TMP=C:\Users\user\AppData\Local\Temp
TEMP=C:\Users\user\AppData\Local\Temp




Periodic native trim disabled

JNI global refs:
JNI global refs: 12, weak refs: 1

JNI global refs memory usage: 835, weak refs: 833

Process memory usage:
Resident Set Size: 263320K (3% of 8194560K total physical memory with 1081320K free physical memory)

OOME stack traces (most recent first):
Classloader memory used:
Loader jdk.internal.loader.ClassLoaders$AppClassLoader                                 : 43098K
Loader bootstrap                                                                       : 12969K
Loader java.net.URLClassLoader                                                         : 596K
Loader jdk.internal.jrtfs.JrtFileSystemProvider$JrtFsLoader                            : 327K
Loader jdk.internal.loader.ClassLoaders$PlatformClassLoader                            : 67872B

Classes loaded by more than one classloader:
Class jdk.internal.jimage.BasicImageReader                                            : loaded 2 times (x 95B)
Class jdk.internal.jimage.decompressor.StringSharingDecompressorFactory               : loaded 2 times (x 74B)
Class jdk.internal.jrtfs.JrtFileSystemProvider                                        : loaded 2 times (x 101B)
Class jdk.internal.jimage.ImageLocation                                               : loaded 2 times (x 90B)
Class jdk.internal.jimage.ImageBufferCache$1                                          : loaded 2 times (x 83B)
Class jdk.internal.jimage.ImageBufferCache$2                                          : loaded 2 times (x 91B)
Class jdk.internal.jimage.ImageHeader                                                 : loaded 2 times (x 71B)
Class jdk.internal.jimage.decompressor.ResourceDecompressor                           : loaded 2 times (x 70B)
Class jdk.internal.jimage.ImageStringsReader                                          : loaded 2 times (x 80B)
Class jdk.internal.jimage.ImageReader                                                 : loaded 2 times (x 75B)
Class jdk.internal.jimage.ImageReader$SharedImageReader                               : loaded 2 times (x 95B)
Class jdk.internal.jimage.decompressor.ResourceDecompressorFactory                    : loaded 2 times (x 74B)
Class jdk.internal.jimage.ImageReader$Node                                            : loaded 2 times (x 84B)
Class jdk.internal.jimage.BasicImageReader$1                                          : loaded 2 times (x 77B)
Class jdk.internal.jimage.decompressor.Decompressor                                   : loaded 2 times (x 72B)
Class jdk.internal.jimage.ImageBufferCache                                            : loaded 2 times (x 71B)
Class jdk.internal.jrtfs.JrtPath                                                      : loaded 2 times (x 118B)
Class jdk.internal.jimage.decompressor.ResourceDecompressorRepository                 : loaded 2 times (x 71B)
Class jdk.internal.jimage.ImageReader$Directory                                       : loaded 2 times (x 84B)
Class jdk.internal.jimage.decompressor.ZipDecompressorFactory                         : loaded 2 times (x 74B)
Class jdk.internal.jimage.decompressor.ZipDecompressor                                : loaded 2 times (x 75B)
Class jdk.internal.jimage.ImageStrings                                                : loaded 2 times (x 70B)
Class jdk.internal.jrtfs.JrtFileSystem                                                : loaded 2 times (x 102B)
Class jdk.internal.jimage.decompressor.CompressedResourceHeader                       : loaded 2 times (x 71B)
Class jdk.internal.jimage.decompressor.ResourceDecompressor$StringsProvider           : loaded 2 times (x 70B)

---------------  S Y S T E M  ---------------

OS:
 Windows 11 , 64 bit Build 26100 (10.0.26100.7309)
OS uptime: 24 days 2:28 hours
Hyper-V role detected

CPU: total 8 (initial active 8) (4 cores per cpu, 2 threads per core) family 6 model 142 stepping 12 microcode 0xf0, cx8, cmov, fxsr, ht, mmx, 3dnowpref, sse, sse2, sse3, ssse3, sse4.1, sse4.2, popcnt, lzcnt, tsc, tscinvbit, avx, avx2, aes, erms, clmul, bmi1, bmi2, adx, fma, vzeroupper, clflush, clflushopt, hv, rdtscp, f16c
Processor Information for the first 8 processors :
  Max Mhz: 1896, Current Mhz: 1596, Mhz Limit: 1592

Memory: 4k page, system-wide physical 8002M (1056M free)
TotalPageFile size 18560M (AvailPageFile size 4M)
current process WorkingSet (physical memory assigned to process): 257M, peak: 270M
current process commit charge ("private bytes"): 298M, peak: 314M

vm_info: OpenJDK 64-Bit Server VM (21.0.8+-14196175-b1038.72) for windows-amd64 JRE (21.0.8+-14196175-b1038.72), built on 2025-10-01T10:24:33Z by "builder" with MS VC++ 16.10 / 16.11 (VS2019)

END.
