#
# There is insufficient memory for the Java Runtime Environment to continue.
# Native memory allocation (malloc) failed to allocate 1070816 bytes. Error detail: Chunk::new
# Possible reasons:
#   The system is out of physical RAM or swap space
#   This process is running with CompressedOops enabled, and the Java Heap may be blocking the growth of the native heap
# Possible solutions:
#   Reduce memory load on the system
#   Increase physical memory or swap space
#   Check if swap backing store is full
#   Decrease Java heap size (-Xmx/-Xms)
#   Decrease number of Java threads
#   Decrease Java thread stack sizes (-Xss)
#   Set larger code cache with -XX:ReservedCodeCacheSize=
#   JVM is running with Zero Based Compressed Oops mode in which the Java heap is
#     placed in the first 32GB address space. The Java Heap base address is the
#     maximum limit for the native heap growth. Please use -XX:HeapBaseMinAddress
#     to set the Java Heap base and to place the Java Heap above 32GB virtual address.
# This output file may be truncated or incomplete.
#
#  Out of Memory Error (arena.cpp:191), pid=15276, tid=19468
#
# JRE version: OpenJDK Runtime Environment Temurin-17.0.17+10 (17.0.17+10) (build 17.0.17+10)
# Java VM: OpenJDK 64-Bit Server VM Temurin-17.0.17+10 (17.0.17+10, mixed mode, sharing, tiered, compressed oops, compressed class ptrs, g1 gc, windows-amd64)
# No core dump will be written. Minidumps are not enabled by default on client versions of Windows
#

---------------  S U M M A R Y ------------

Command Line: --add-opens=java.base/java.lang=ALL-UNNAMED --add-opens=java.base/java.lang.invoke=ALL-UNNAMED --add-opens=java.base/java.util=ALL-UNNAMED --add-opens=java.prefs/java.util.prefs=ALL-UNNAMED --add-exports=jdk.compiler/com.sun.tools.javac.api=ALL-UNNAMED --add-exports=jdk.compiler/com.sun.tools.javac.util=ALL-UNNAMED --add-opens=java.base/java.util=ALL-UNNAMED --add-opens=java.prefs/java.util.prefs=ALL-UNNAMED --add-opens=java.base/java.nio.charset=ALL-UNNAMED --add-opens=java.base/java.net=ALL-UNNAMED --add-opens=java.base/java.util.concurrent.atomic=ALL-UNNAMED --add-opens=java.xml/javax.xml.namespace=ALL-UNNAMED -XX:MaxMetaspaceSize=4G -XX:ReservedCodeCacheSize=512m -XX:+HeapDumpOnOutOfMemoryError -Xmx8G -Dfile.encoding=windows-1252 -Duser.country=US -Duser.language=en -Duser.variant -javaagent:C:\Users\user\.gradle\wrapper\dists\gradle-8.14-all\c2qonpi39x1mddn7hk5gh9iqj\gradle-8.14\lib\agents\gradle-instrumentation-agent-8.14.jar org.gradle.launcher.daemon.bootstrap.GradleDaemon 8.14

Host: Intel(R) Core(TM) i5-8365U CPU @ 1.60GHz, 8 cores, 7G,  Windows 11 , 64 bit Build 26100 (10.0.26100.7309)
Time: Sat Jan  3 18:32:27 2026 Romance Standard Time elapsed time: 177.692716 seconds (0d 0h 2m 57s)

---------------  T H R E A D  ---------------

Current thread (0x0000022f518ddad0):  JavaThread "C2 CompilerThread1" daemon [_thread_in_native, id=19468, stack(0x0000009fa4400000,0x0000009fa4500000)]


Current CompileTask:
C2:177692 19710       4       org.gradle.internal.serialize.HierarchicalNameSerializer::readFirstOccurrenceOfName (60 bytes)

Stack: [0x0000009fa4400000,0x0000009fa4500000]
Native frames: (J=compiled Java code, j=interpreted, Vv=VM code, C=native code)
V  [jvm.dll+0x683fb9]
V  [jvm.dll+0x83a1b5]
V  [jvm.dll+0x83bc2e]
V  [jvm.dll+0x83c2b3]
V  [jvm.dll+0x248eff]
V  [jvm.dll+0xad496]
V  [jvm.dll+0xadb3c]
V  [jvm.dll+0x2b05df]
V  [jvm.dll+0x58a5b5]
V  [jvm.dll+0x222e84]
V  [jvm.dll+0x22327d]
V  [jvm.dll+0x21bfdb]
V  [jvm.dll+0x2190fe]
V  [jvm.dll+0x1a4920]
V  [jvm.dll+0x22989a]
V  [jvm.dll+0x227a4b]
V  [jvm.dll+0x7effb8]
V  [jvm.dll+0x7ea44c]
V  [jvm.dll+0x682e87]
C  [ucrtbase.dll+0x37b0]
C  [KERNEL32.DLL+0x2e8d7]
C  [ntdll.dll+0x8c53c]


---------------  P R O C E S S  ---------------

Threads class SMR info:
_java_thread_list=0x0000022f5107d980, length=124, elements={
0x0000022ee55ba060, 0x0000022efa896c30, 0x0000022efa897700, 0x0000022efd134f00,
0x0000022efd1377e0, 0x0000022efd13a2d0, 0x0000022efd13bbb0, 0x0000022efd1677b0,
0x0000022efd1690d0, 0x0000022efd16a000, 0x0000022efd26ff40, 0x0000022efd34ef00,
0x0000022f431ed460, 0x0000022f43694030, 0x0000022f43d7c870, 0x0000022f440c4360,
0x0000022f43991d40, 0x0000022f438d3230, 0x0000022f438d3740, 0x0000022f438d3c50,
0x0000022f438d4160, 0x0000022f438d2810, 0x0000022f438d2d20, 0x0000022f440b34a0,
0x0000022f440b48e0, 0x0000022f440b4df0, 0x0000022f440b5300, 0x0000022f440b3ec0,
0x0000022f440b43d0, 0x0000022f50841ca0, 0x0000022f5083ea00, 0x0000022f50840d70,
0x0000022f5083f420, 0x0000022f508426c0, 0x0000022f50844010, 0x0000022f50845450,
0x0000022f50843b00, 0x0000022f50845960, 0x0000022f50845e70, 0x0000022f50846380,
0x0000022f50844520, 0x0000022f50844a30, 0x0000022f50844f40, 0x0000022f440b7160,
0x0000022f440b5d20, 0x0000022f506d6f00, 0x0000022f506d7410, 0x0000022f506d4680,
0x0000022f506d4170, 0x0000022f506d5ac0, 0x0000022f506d3c60, 0x0000022f506d7920,
0x0000022f506d64e0, 0x0000022f506d7e30, 0x0000022f506d8340, 0x0000022f506d8850,
0x0000022f506d50a0, 0x0000022f5105a230, 0x0000022f5105b160, 0x0000022f51059d20,
0x0000022f51057ec0, 0x0000022f510579b0, 0x0000022f51059300, 0x0000022f510583d0,
0x0000022f510588e0, 0x0000022f51059810, 0x0000022f5105a740, 0x0000022f5105ac50,
0x0000022f481764f0, 0x0000022f48173c70, 0x0000022f481750b0, 0x0000022f48174ba0,
0x0000022f481755c0, 0x0000022f48175ad0, 0x0000022f48176a00, 0x0000022f48175fe0,
0x0000022f48176f10, 0x0000022f48174690, 0x0000022f48177420, 0x0000022f48174180,
0x0000022f48177930, 0x0000022f4817abd0, 0x0000022f48178860, 0x0000022f48179ca0,
0x0000022f48178350, 0x0000022f4817b0e0, 0x0000022f48177e40, 0x0000022f48179280,
0x0000022f52267f60, 0x0000022f52267540, 0x0000022f52267a50, 0x0000022f522698b0,
0x0000022f52266610, 0x0000022f52266100, 0x0000022f522693a0, 0x0000022f43c0ece0,
0x0000022f43c0f1f0, 0x0000022f43c0fc10, 0x0000022f43c10b40, 0x0000022f43c11050,
0x0000022f43c11560, 0x0000022f43c11a70, 0x0000022f43c0f700, 0x0000022f43c0e7d0,
0x0000022f43c15730, 0x0000022f43c11f80, 0x0000022f43c12490, 0x0000022f43c142f0,
0x0000022f43c13de0, 0x0000022f43c133c0, 0x0000022f43c14d10, 0x0000022f43c15c40,
0x0000022f43c138d0, 0x0000022f43c14800, 0x0000022f43c16150, 0x0000022f518ddad0,
0x0000022f43c15220, 0x0000022f43c129a0, 0x0000022f52267030, 0x0000022f52268470,
0x0000022f508421b0, 0x0000022f506db0d0, 0x0000022f47625780, 0x0000022efdc045c0
}

Java Threads: ( => current thread )
  0x0000022ee55ba060 JavaThread "main" [_thread_blocked, id=16704, stack(0x0000009f9bc00000,0x0000009f9bd00000)]
  0x0000022efa896c30 JavaThread "Reference Handler" daemon [_thread_blocked, id=27024, stack(0x0000009f9c300000,0x0000009f9c400000)]
  0x0000022efa897700 JavaThread "Finalizer" daemon [_thread_blocked, id=25404, stack(0x0000009f9c400000,0x0000009f9c500000)]
  0x0000022efd134f00 JavaThread "Signal Dispatcher" daemon [_thread_blocked, id=16332, stack(0x0000009f9c500000,0x0000009f9c600000)]
  0x0000022efd1377e0 JavaThread "Attach Listener" daemon [_thread_blocked, id=23692, stack(0x0000009f9c600000,0x0000009f9c700000)]
  0x0000022efd13a2d0 JavaThread "Service Thread" daemon [_thread_blocked, id=10040, stack(0x0000009f9c700000,0x0000009f9c800000)]
  0x0000022efd13bbb0 JavaThread "Monitor Deflation Thread" daemon [_thread_blocked, id=10812, stack(0x0000009f9c800000,0x0000009f9c900000)]
  0x0000022efd1677b0 JavaThread "C2 CompilerThread0" daemon [_thread_in_native, id=25988, stack(0x0000009f9c900000,0x0000009f9ca00000)]
  0x0000022efd1690d0 JavaThread "C1 CompilerThread0" daemon [_thread_blocked, id=25144, stack(0x0000009f9ca00000,0x0000009f9cb00000)]
  0x0000022efd16a000 JavaThread "Sweeper thread" daemon [_thread_blocked, id=20856, stack(0x0000009f9cb00000,0x0000009f9cc00000)]
  0x0000022efd26ff40 JavaThread "Common-Cleaner" daemon [_thread_blocked, id=7940, stack(0x0000009f9cc00000,0x0000009f9cd00000)]
  0x0000022efd34ef00 JavaThread "Notification Thread" daemon [_thread_blocked, id=21936, stack(0x0000009f9ce00000,0x0000009f9cf00000)]
  0x0000022f431ed460 JavaThread "Daemon health stats" [_thread_blocked, id=6336, stack(0x0000009f9d200000,0x0000009f9d300000)]
  0x0000022f43694030 JavaThread "Incoming local TCP Connector on port 64780" [_thread_in_native, id=14420, stack(0x0000009f9cd00000,0x0000009f9ce00000)]
  0x0000022f43d7c870 JavaThread "Daemon periodic checks" [_thread_blocked, id=9448, stack(0x0000009f9d500000,0x0000009f9d600000)]
  0x0000022f440c4360 JavaThread "Daemon" [_thread_blocked, id=22272, stack(0x0000009f9d700000,0x0000009f9d800000)]
  0x0000022f43991d40 JavaThread "Handler for socket connection from /127.0.0.1:64780 to /127.0.0.1:64781" [_thread_in_native, id=11420, stack(0x0000009f9d800000,0x0000009f9d900000)]
  0x0000022f438d3230 JavaThread "Cancel handler" [_thread_blocked, id=10476, stack(0x0000009f9d600000,0x0000009f9d700000)]
  0x0000022f438d3740 JavaThread "Daemon worker" [_thread_in_Java, id=10676, stack(0x0000009f9d900000,0x0000009f9da00000)]
  0x0000022f438d3c50 JavaThread "Asynchronous log dispatcher for DefaultDaemonConnection: socket connection from /127.0.0.1:64780 to /127.0.0.1:64781" [_thread_blocked, id=9348, stack(0x0000009f9da00000,0x0000009f9db00000)]
  0x0000022f438d4160 JavaThread "Stdin handler" [_thread_blocked, id=18308, stack(0x0000009f9db00000,0x0000009f9dc00000)]
  0x0000022f438d2810 JavaThread "Daemon client event forwarder" [_thread_blocked, id=2852, stack(0x0000009f9dc00000,0x0000009f9dd00000)]
  0x0000022f438d2d20 JavaThread "Cache worker for journal cache (C:\Users\user\.gradle\caches\journal-1)" [_thread_blocked, id=17728, stack(0x0000009f9dd00000,0x0000009f9de00000)]
  0x0000022f440b34a0 JavaThread "File lock request listener" [_thread_in_native, id=1140, stack(0x0000009f9de00000,0x0000009f9df00000)]
  0x0000022f440b48e0 JavaThread "Cache worker for file hash cache (C:\Users\user\.gradle\caches\8.14\fileHashes)" [_thread_in_Java, id=18548, stack(0x0000009f9df00000,0x0000009f9e000000)]
  0x0000022f440b4df0 JavaThread "Cache worker for file hash cache (C:\Users\user\Desktop\cours et Tds\pharmacie\android\.gradle\8.14\fileHashes)" [_thread_blocked, id=26620, stack(0x0000009f9e400000,0x0000009f9e500000)]
  0x0000022f440b5300 JavaThread "Cache worker for Build Output Cleanup Cache (C:\Users\user\Desktop\cours et Tds\pharmacie\android\.gradle\buildOutputCleanup)" [_thread_blocked, id=12824, stack(0x0000009f9e500000,0x0000009f9e600000)]
  0x0000022f440b3ec0 JavaThread "File watcher server" daemon [_thread_in_native, id=3804, stack(0x0000009f9e700000,0x0000009f9e800000)]
  0x0000022f440b43d0 JavaThread "File watcher consumer" daemon [_thread_blocked, id=11044, stack(0x0000009f9e800000,0x0000009f9e900000)]
  0x0000022f50841ca0 JavaThread "Cache worker for checksums cache (C:\Users\user\Desktop\cours et Tds\pharmacie\android\.gradle\8.14\checksums)" [_thread_blocked, id=26428, stack(0x0000009f9e900000,0x0000009f9ea00000)]
  0x0000022f5083ea00 JavaThread "Cache worker for file content cache (C:\Users\user\.gradle\caches\8.14\fileContent)" [_thread_blocked, id=4112, stack(0x0000009f9f000000,0x0000009f9f100000)]
  0x0000022f50840d70 JavaThread "Cache worker for cache directory md-supplier (C:\Users\user\.gradle\caches\8.14\md-supplier)" [_thread_blocked, id=7568, stack(0x0000009f9f100000,0x0000009f9f200000)]
  0x0000022f5083f420 JavaThread "Cache worker for cache directory md-rule (C:\Users\user\.gradle\caches\8.14\md-rule)" [_thread_blocked, id=17512, stack(0x0000009f9f200000,0x0000009f9f300000)]
  0x0000022f508426c0 JavaThread "Cache worker for Build Output Cleanup Cache (C:\Users\user\Desktop\flutter\packages\flutter_tools\gradle\.gradle\buildOutputCleanup)" [_thread_blocked, id=19124, stack(0x0000009f9f300000,0x0000009f9f400000)]
  0x0000022f50844010 JavaThread "Unconstrained build operations" [_thread_blocked, id=18184, stack(0x0000009f9f700000,0x0000009f9f800000)]
  0x0000022f50845450 JavaThread "Unconstrained build operations Thread 2" [_thread_blocked, id=9592, stack(0x0000009f9f800000,0x0000009f9f900000)]
  0x0000022f50843b00 JavaThread "Unconstrained build operations Thread 3" [_thread_blocked, id=12392, stack(0x0000009f9f900000,0x0000009f9fa00000)]
  0x0000022f50845960 JavaThread "Unconstrained build operations Thread 4" [_thread_blocked, id=23384, stack(0x0000009f9fa00000,0x0000009f9fb00000)]
  0x0000022f50845e70 JavaThread "Unconstrained build operations Thread 5" [_thread_blocked, id=6592, stack(0x0000009f9fb00000,0x0000009f9fc00000)]
  0x0000022f50846380 JavaThread "Unconstrained build operations Thread 6" [_thread_blocked, id=10976, stack(0x0000009f9fc00000,0x0000009f9fd00000)]
  0x0000022f50844520 JavaThread "Unconstrained build operations Thread 7" [_thread_blocked, id=26568, stack(0x0000009f9fd00000,0x0000009f9fe00000)]
  0x0000022f50844a30 JavaThread "Unconstrained build operations Thread 8" [_thread_blocked, id=13132, stack(0x0000009f9fe00000,0x0000009f9ff00000)]
  0x0000022f50844f40 JavaThread "Unconstrained build operations Thread 9" [_thread_blocked, id=6604, stack(0x0000009f9ff00000,0x0000009fa0000000)]
  0x0000022f440b7160 JavaThread "Unconstrained build operations Thread 10" [_thread_blocked, id=19320, stack(0x0000009fa0000000,0x0000009fa0100000)]
  0x0000022f440b5d20 JavaThread "Unconstrained build operations Thread 11" [_thread_blocked, id=14356, stack(0x0000009fa0100000,0x0000009fa0200000)]
  0x0000022f506d6f00 JavaThread "Unconstrained build operations Thread 12" [_thread_blocked, id=26964, stack(0x0000009fa0200000,0x0000009fa0300000)]
  0x0000022f506d7410 JavaThread "Unconstrained build operations Thread 13" [_thread_blocked, id=4312, stack(0x0000009fa0300000,0x0000009fa0400000)]
  0x0000022f506d4680 JavaThread "Unconstrained build operations Thread 14" [_thread_blocked, id=20272, stack(0x0000009fa0400000,0x0000009fa0500000)]
  0x0000022f506d4170 JavaThread "Unconstrained build operations Thread 15" [_thread_blocked, id=1564, stack(0x0000009fa0500000,0x0000009fa0600000)]
  0x0000022f506d5ac0 JavaThread "Unconstrained build operations Thread 16" [_thread_blocked, id=5348, stack(0x0000009fa0600000,0x0000009fa0700000)]
  0x0000022f506d3c60 JavaThread "Unconstrained build operations Thread 17" [_thread_blocked, id=2980, stack(0x0000009fa0700000,0x0000009fa0800000)]
  0x0000022f506d7920 JavaThread "Unconstrained build operations Thread 18" [_thread_blocked, id=3508, stack(0x0000009fa0800000,0x0000009fa0900000)]
  0x0000022f506d64e0 JavaThread "Unconstrained build operations Thread 19" [_thread_blocked, id=10872, stack(0x0000009fa0900000,0x0000009fa0a00000)]
  0x0000022f506d7e30 JavaThread "Unconstrained build operations Thread 20" [_thread_blocked, id=6864, stack(0x0000009fa0a00000,0x0000009fa0b00000)]
  0x0000022f506d8340 JavaThread "Unconstrained build operations Thread 21" [_thread_blocked, id=25488, stack(0x0000009fa0b00000,0x0000009fa0c00000)]
  0x0000022f506d8850 JavaThread "Memory manager" [_thread_blocked, id=14604, stack(0x0000009fa0c00000,0x0000009fa0d00000)]
  0x0000022f506d50a0 JavaThread "build event listener" [_thread_blocked, id=13280, stack(0x0000009fa0d00000,0x0000009fa0e00000)]
  0x0000022f5105a230 JavaThread "Execution worker" [_thread_blocked, id=20040, stack(0x0000009fa0f00000,0x0000009fa1000000)]
  0x0000022f5105b160 JavaThread "Execution worker Thread 2" [_thread_blocked, id=8196, stack(0x0000009fa1000000,0x0000009fa1100000)]
  0x0000022f51059d20 JavaThread "Execution worker Thread 3" [_thread_blocked, id=18604, stack(0x0000009fa1100000,0x0000009fa1200000)]
  0x0000022f51057ec0 JavaThread "Execution worker Thread 4" [_thread_blocked, id=12456, stack(0x0000009fa1200000,0x0000009fa1300000)]
  0x0000022f510579b0 JavaThread "Execution worker Thread 5" [_thread_blocked, id=10556, stack(0x0000009fa1300000,0x0000009fa1400000)]
  0x0000022f51059300 JavaThread "Execution worker Thread 6" [_thread_blocked, id=14608, stack(0x0000009fa1400000,0x0000009fa1500000)]
  0x0000022f510583d0 JavaThread "Execution worker Thread 7" [_thread_blocked, id=21280, stack(0x0000009fa1500000,0x0000009fa1600000)]
  0x0000022f510588e0 JavaThread "Cache worker for execution history cache (C:\Users\user\Desktop\flutter\packages\flutter_tools\gradle\.gradle\8.14\executionHistory)" [_thread_blocked, id=22024, stack(0x0000009fa1600000,0x0000009fa1700000)]
  0x0000022f51059810 JavaThread "Unconstrained build operations Thread 22" [_thread_blocked, id=3284, stack(0x0000009fa1700000,0x0000009fa1800000)]
  0x0000022f5105a740 JavaThread "Unconstrained build operations Thread 23" [_thread_blocked, id=27008, stack(0x0000009fa1800000,0x0000009fa1900000)]
  0x0000022f5105ac50 JavaThread "Unconstrained build operations Thread 24" [_thread_blocked, id=11584, stack(0x0000009fa1900000,0x0000009fa1a00000)]
  0x0000022f481764f0 JavaThread "Unconstrained build operations Thread 25" [_thread_blocked, id=14068, stack(0x0000009fa1a00000,0x0000009fa1b00000)]
  0x0000022f48173c70 JavaThread "Unconstrained build operations Thread 26" [_thread_blocked, id=10644, stack(0x0000009fa1b00000,0x0000009fa1c00000)]
  0x0000022f481750b0 JavaThread "Unconstrained build operations Thread 27" [_thread_blocked, id=1468, stack(0x0000009fa1c00000,0x0000009fa1d00000)]
  0x0000022f48174ba0 JavaThread "Unconstrained build operations Thread 28" [_thread_blocked, id=21072, stack(0x0000009fa1d00000,0x0000009fa1e00000)]
  0x0000022f481755c0 JavaThread "Unconstrained build operations Thread 29" [_thread_blocked, id=7576, stack(0x0000009fa1e00000,0x0000009fa1f00000)]
  0x0000022f48175ad0 JavaThread "Unconstrained build operations Thread 30" [_thread_blocked, id=2144, stack(0x0000009fa1f00000,0x0000009fa2000000)]
  0x0000022f48176a00 JavaThread "Unconstrained build operations Thread 31" [_thread_blocked, id=22912, stack(0x0000009fa2000000,0x0000009fa2100000)]
  0x0000022f48175fe0 JavaThread "Unconstrained build operations Thread 32" [_thread_blocked, id=21636, stack(0x0000009fa2100000,0x0000009fa2200000)]
  0x0000022f48176f10 JavaThread "Unconstrained build operations Thread 33" [_thread_blocked, id=16528, stack(0x0000009fa2200000,0x0000009fa2300000)]
  0x0000022f48174690 JavaThread "Unconstrained build operations Thread 34" [_thread_blocked, id=20072, stack(0x0000009fa2300000,0x0000009fa2400000)]
  0x0000022f48177420 JavaThread "Unconstrained build operations Thread 35" [_thread_blocked, id=6160, stack(0x0000009fa2400000,0x0000009fa2500000)]
  0x0000022f48174180 JavaThread "Unconstrained build operations Thread 36" [_thread_blocked, id=20628, stack(0x0000009fa2500000,0x0000009fa2600000)]
  0x0000022f48177930 JavaThread "Unconstrained build operations Thread 37" [_thread_blocked, id=13324, stack(0x0000009fa2600000,0x0000009fa2700000)]
  0x0000022f4817abd0 JavaThread "Unconstrained build operations Thread 38" [_thread_blocked, id=26880, stack(0x0000009fa2700000,0x0000009fa2800000)]
  0x0000022f48178860 JavaThread "Unconstrained build operations Thread 39" [_thread_blocked, id=15856, stack(0x0000009fa2800000,0x0000009fa2900000)]
  0x0000022f48179ca0 JavaThread "Unconstrained build operations Thread 40" [_thread_blocked, id=7328, stack(0x0000009fa2900000,0x0000009fa2a00000)]
  0x0000022f48178350 JavaThread "Unconstrained build operations Thread 41" [_thread_blocked, id=22032, stack(0x0000009fa2a00000,0x0000009fa2b00000)]
  0x0000022f4817b0e0 JavaThread "Unconstrained build operations Thread 42" [_thread_blocked, id=19836, stack(0x0000009fa2b00000,0x0000009fa2c00000)]
  0x0000022f48177e40 JavaThread "Unconstrained build operations Thread 43" [_thread_blocked, id=26056, stack(0x0000009fa2c00000,0x0000009fa2d00000)]
  0x0000022f48179280 JavaThread "Unconstrained build operations Thread 44" [_thread_blocked, id=17844, stack(0x0000009fa2d00000,0x0000009fa2e00000)]
  0x0000022f52267f60 JavaThread "WorkerExecutor Queue" [_thread_blocked, id=17788, stack(0x0000009f9f400000,0x0000009f9f500000)]
  0x0000022f52267540 JavaThread "RMI Scheduler(0)" daemon [_thread_blocked, id=18684, stack(0x0000009f9e300000,0x0000009f9e400000)]
  0x0000022f52267a50 JavaThread "RMI GC Daemon" daemon [_thread_blocked, id=1072, stack(0x0000009fa2f00000,0x0000009fa3000000)]
  0x0000022f522698b0 JavaThread "RMI TCP Accept-0" daemon [_thread_in_native, id=23948, stack(0x0000009fa3000000,0x0000009fa3100000)]
  0x0000022f52266610 JavaThread "RMI Reaper" [_thread_blocked, id=16280, stack(0x0000009fa3100000,0x0000009fa3200000)]
  0x0000022f52266100 JavaThread "Unconstrained build operations Thread 45" [_thread_blocked, id=25244, stack(0x0000009f9ba00000,0x0000009f9bb00000)]
  0x0000022f522693a0 JavaThread "Unconstrained build operations Thread 46" [_thread_blocked, id=24696, stack(0x0000009f9bb00000,0x0000009f9bc00000)]
  0x0000022f43c0ece0 JavaThread "Unconstrained build operations Thread 47" [_thread_blocked, id=4024, stack(0x0000009fa3400000,0x0000009fa3500000)]
  0x0000022f43c0f1f0 JavaThread "Unconstrained build operations Thread 48" [_thread_blocked, id=15000, stack(0x0000009fa3500000,0x0000009fa3600000)]
  0x0000022f43c0fc10 JavaThread "Unconstrained build operations Thread 49" [_thread_blocked, id=9384, stack(0x0000009fa3600000,0x0000009fa3700000)]
  0x0000022f43c10b40 JavaThread "Unconstrained build operations Thread 50" [_thread_blocked, id=17944, stack(0x0000009fa3700000,0x0000009fa3800000)]
  0x0000022f43c11050 JavaThread "Unconstrained build operations Thread 51" [_thread_blocked, id=2560, stack(0x0000009fa3800000,0x0000009fa3900000)]
  0x0000022f43c11560 JavaThread "Unconstrained build operations Thread 52" [_thread_blocked, id=23800, stack(0x0000009fa3900000,0x0000009fa3a00000)]
  0x0000022f43c11a70 JavaThread "Unconstrained build operations Thread 53" [_thread_blocked, id=20672, stack(0x0000009fa3a00000,0x0000009fa3b00000)]
  0x0000022f43c0f700 JavaThread "Unconstrained build operations Thread 54" [_thread_blocked, id=380, stack(0x0000009fa3b00000,0x0000009fa3c00000)]
  0x0000022f43c0e7d0 JavaThread "Unconstrained build operations Thread 55" [_thread_blocked, id=7652, stack(0x0000009fa3c00000,0x0000009fa3d00000)]
  0x0000022f43c15730 JavaThread "Unconstrained build operations Thread 56" [_thread_blocked, id=13472, stack(0x0000009fa3d00000,0x0000009fa3e00000)]
  0x0000022f43c11f80 JavaThread "Unconstrained build operations Thread 57" [_thread_blocked, id=18508, stack(0x0000009fa3e00000,0x0000009fa3f00000)]
  0x0000022f43c12490 JavaThread "Unconstrained build operations Thread 58" [_thread_blocked, id=820, stack(0x0000009fa3f00000,0x0000009fa4000000)]
  0x0000022f43c142f0 JavaThread "Unconstrained build operations Thread 59" [_thread_blocked, id=12512, stack(0x0000009fa4000000,0x0000009fa4100000)]
  0x0000022f43c13de0 JavaThread "Unconstrained build operations Thread 60" [_thread_blocked, id=18088, stack(0x0000009f9b900000,0x0000009f9ba00000)]
  0x0000022f43c133c0 JavaThread "Unconstrained build operations Thread 61" [_thread_blocked, id=22360, stack(0x0000009f9f500000,0x0000009f9f600000)]
  0x0000022f43c14d10 JavaThread "Unconstrained build operations Thread 62" [_thread_blocked, id=24644, stack(0x0000009fa0e00000,0x0000009fa0f00000)]
  0x0000022f43c15c40 JavaThread "Unconstrained build operations Thread 63" [_thread_blocked, id=1940, stack(0x0000009fa2e00000,0x0000009fa2f00000)]
  0x0000022f43c138d0 JavaThread "Unconstrained build operations Thread 64" [_thread_blocked, id=5864, stack(0x0000009fa4100000,0x0000009fa4200000)]
  0x0000022f43c14800 JavaThread "Unconstrained build operations Thread 65" [_thread_blocked, id=13388, stack(0x0000009fa4200000,0x0000009fa4300000)]
  0x0000022f43c16150 JavaThread "Unconstrained build operations Thread 66" [_thread_blocked, id=1096, stack(0x0000009fa4300000,0x0000009fa4400000)]
=>0x0000022f518ddad0 JavaThread "C2 CompilerThread1" daemon [_thread_in_native, id=19468, stack(0x0000009fa4400000,0x0000009fa4500000)]
  0x0000022f43c15220 JavaThread "Unconstrained build operations Thread 67" [_thread_in_vm, id=19592, stack(0x0000009fa4500000,0x0000009fa4600000)]
  0x0000022f43c129a0 JavaThread "Unconstrained build operations Thread 68" [_thread_blocked, id=4068, stack(0x0000009fa4600000,0x0000009fa4700000)]
  0x0000022f52267030 JavaThread "Unconstrained build operations Thread 69" [_thread_in_native, id=21876, stack(0x0000009fa4700000,0x0000009fa4800000)]
  0x0000022f52268470 JavaThread "Unconstrained build operations Thread 70" [_thread_in_vm, id=11844, stack(0x0000009fa4800000,0x0000009fa4900000)] _threads_hazard_ptr=0x0000022f5107d980
  0x0000022f508421b0 JavaThread "Unconstrained build operations Thread 71" [_thread_in_Java, id=10652, stack(0x0000009fa4900000,0x0000009fa4a00000)]
  0x0000022f506db0d0 JavaThread "Unconstrained build operations Thread 72" [_thread_in_Java, id=24324, stack(0x0000009fa4a00000,0x0000009fa4b00000)]
  0x0000022f47625780 JavaThread "Unconstrained build operations Thread 73" [_thread_in_native, id=22408, stack(0x0000009fa4b00000,0x0000009fa4c00000)]
  0x0000022efdc045c0 JavaThread "C2 CompilerThread2" daemon [_thread_in_native, id=20716, stack(0x0000009fa4c00000,0x0000009fa4d00000)]

Other Threads:
  0x0000022efa88f490 VMThread "VM Thread" [stack: 0x0000009f9c200000,0x0000009f9c300000] [id=3460]
  0x0000022efd355c10 WatcherThread [stack: 0x0000009f9cf00000,0x0000009f9d000000] [id=18044]
  0x0000022ee5669800 GCTaskThread "GC Thread#0" [stack: 0x0000009f9bd00000,0x0000009f9be00000] [id=11028]
  0x0000022efd8ae910 GCTaskThread "GC Thread#1" [stack: 0x0000009f9d000000,0x0000009f9d100000] [id=1556]
  0x0000022efd4390c0 GCTaskThread "GC Thread#2" [stack: 0x0000009f9d100000,0x0000009f9d200000] [id=25096]
  0x0000022f435383a0 GCTaskThread "GC Thread#3" [stack: 0x0000009f9d300000,0x0000009f9d400000] [id=23256]
  0x0000022f43671550 GCTaskThread "GC Thread#4" [stack: 0x0000009f9d400000,0x0000009f9d500000] [id=7680]
  0x0000022f434685f0 GCTaskThread "GC Thread#5" [stack: 0x0000009f9e000000,0x0000009f9e100000] [id=13556]
  0x0000022f43468070 GCTaskThread "GC Thread#6" [stack: 0x0000009f9e100000,0x0000009f9e200000] [id=7368]
  0x0000022f43468330 GCTaskThread "GC Thread#7" [stack: 0x0000009f9e200000,0x0000009f9e300000] [id=22100]
  0x0000022ee566e400 ConcurrentGCThread "G1 Main Marker" [stack: 0x0000009f9be00000,0x0000009f9bf00000] [id=25676]
  0x0000022efa6ace50 ConcurrentGCThread "G1 Conc#0" [stack: 0x0000009f9bf00000,0x0000009f9c000000] [id=11708]
  0x0000022f43468b70 ConcurrentGCThread "G1 Conc#1" [stack: 0x0000009f9e600000,0x0000009f9e700000] [id=11160]
  0x0000022efa741420 ConcurrentGCThread "G1 Refine#0" [stack: 0x0000009f9c000000,0x0000009f9c100000] [id=6344]
  0x0000022f44bfa540 ConcurrentGCThread "G1 Refine#1" [stack: 0x0000009f9ea00000,0x0000009f9eb00000] [id=22280]
  0x0000022f44bf8dc0 ConcurrentGCThread "G1 Refine#2" [stack: 0x0000009f9eb00000,0x0000009f9ec00000] [id=8400]
  0x0000022f44bf8200 ConcurrentGCThread "G1 Refine#3" [stack: 0x0000009f9ec00000,0x0000009f9ed00000] [id=9204]
  0x0000022f44bf7060 ConcurrentGCThread "G1 Refine#4" [stack: 0x0000009f9ed00000,0x0000009f9ee00000] [id=13216]
  0x0000022f44bfa830 ConcurrentGCThread "G1 Refine#5" [stack: 0x0000009f9ee00000,0x0000009f9ef00000] [id=1836]
  0x0000022f44bf93a0 ConcurrentGCThread "G1 Refine#6" [stack: 0x0000009f9ef00000,0x0000009f9f000000] [id=21144]
  0x0000022efa742c10 ConcurrentGCThread "G1 Service" [stack: 0x0000009f9c100000,0x0000009f9c200000] [id=19692]

Threads with active compile tasks:
C2 CompilerThread0  177799 19705       4       org.gradle.internal.serialize.HierarchicalNameSerializer::readName (51 bytes)
C2 CompilerThread1  177799 19710       4       org.gradle.internal.serialize.HierarchicalNameSerializer::readFirstOccurrenceOfName (60 bytes)
C2 CompilerThread2  177799 19721   !   4       org.gradle.internal.serialize.kryo.KryoBackedDecoder::readSmallInt (16 bytes)

VM state: not at safepoint (normal execution)

VM Mutex/Monitor currently owned by a thread: None

Heap address: 0x0000000600000000, size: 8192 MB, Compressed Oops mode: Zero based, Oop shift amount: 3

CDS archive(s) mapped at: [0x0000022efe000000-0x0000022efebb0000-0x0000022efebb0000), size 12255232, SharedBaseAddress: 0x0000022efe000000, ArchiveRelocationMode: 1.
Compressed class space mapped at: 0x0000022eff000000-0x0000022f3f000000, reserved size: 1073741824
Narrow klass base: 0x0000022efe000000, Narrow klass shift: 0, Narrow klass range: 0x100000000

GC Precious Log:
 CPUs: 8 total, 8 available
 Memory: 8002M
 Large Page Support: Disabled
 NUMA Support: Disabled
 Compressed Oops: Enabled (Zero based)
 Heap Region Size: 4M
 Heap Min Capacity: 8M
 Heap Initial Capacity: 128M
 Heap Max Capacity: 8G
 Pre-touch: Disabled
 Parallel Workers: 8
 Concurrent Workers: 2
 Concurrent Refinement Workers: 8
 Periodic GC: Disabled

Heap:
 garbage-first heap   total 413696K, used 328458K [0x0000000600000000, 0x0000000800000000)
  region size 4096K, 45 young (184320K), 5 survivors (20480K)
 Metaspace       used 144167K, committed 145088K, reserved 1179648K
  class space    used 18625K, committed 19072K, reserved 1048576K

Heap Regions: E=young(eden), S=young(survivor), O=old, HS=humongous(starts), HC=humongous(continues), CS=collection set, F=free, OA=open archive, CA=closed archive, TAMS=top-at-mark-start (previous, next)
|   0|0x0000000600000000, 0x0000000600400000, 0x0000000600400000|100%|HS|  |TAMS 0x0000000600400000, 0x0000000600000000| Complete 
|   1|0x0000000600400000, 0x0000000600800000, 0x0000000600800000|100%| O|  |TAMS 0x0000000600800000, 0x0000000600400000| Untracked 
|   2|0x0000000600800000, 0x0000000600c00000, 0x0000000600c00000|100%| O|  |TAMS 0x0000000600c00000, 0x0000000600800000| Untracked 
|   3|0x0000000600c00000, 0x0000000600fecc00, 0x0000000601000000| 98%| O|  |TAMS 0x0000000600fecc00, 0x0000000600c00000| Untracked 
|   4|0x0000000601000000, 0x0000000601400000, 0x0000000601400000|100%| O|  |TAMS 0x0000000601400000, 0x0000000601000000| Untracked 
|   5|0x0000000601400000, 0x0000000601800000, 0x0000000601800000|100%| O|  |TAMS 0x0000000601800000, 0x0000000601400000| Untracked 
|   6|0x0000000601800000, 0x0000000601c00000, 0x0000000601c00000|100%| O|  |TAMS 0x0000000601c00000, 0x0000000601800000| Untracked 
|   7|0x0000000601c00000, 0x0000000602000000, 0x0000000602000000|100%| O|  |TAMS 0x0000000602000000, 0x0000000601c00000| Untracked 
|   8|0x0000000602000000, 0x0000000602400000, 0x0000000602400000|100%| O|  |TAMS 0x0000000602400000, 0x0000000602000000| Untracked 
|   9|0x0000000602400000, 0x0000000602800000, 0x0000000602800000|100%| O|  |TAMS 0x0000000602800000, 0x0000000602400000| Untracked 
|  10|0x0000000602800000, 0x0000000602c00000, 0x0000000602c00000|100%| O|  |TAMS 0x0000000602c00000, 0x0000000602800000| Untracked 
|  11|0x0000000602c00000, 0x0000000603000000, 0x0000000603000000|100%| O|  |TAMS 0x0000000603000000, 0x0000000602c00000| Untracked 
|  12|0x0000000603000000, 0x0000000603400000, 0x0000000603400000|100%| O|  |TAMS 0x0000000603000000, 0x0000000603000000| Untracked 
|  13|0x0000000603400000, 0x0000000603800000, 0x0000000603800000|100%| O|  |TAMS 0x0000000603400000, 0x0000000603400000| Untracked 
|  14|0x0000000603800000, 0x0000000603c00000, 0x0000000603c00000|100%| O|  |TAMS 0x0000000603800000, 0x0000000603800000| Untracked 
|  15|0x0000000603c00000, 0x0000000604000000, 0x0000000604000000|100%| O|  |TAMS 0x0000000604000000, 0x0000000603c00000| Untracked 
|  16|0x0000000604000000, 0x0000000604400000, 0x0000000604400000|100%|HS|  |TAMS 0x0000000604400000, 0x0000000604000000| Complete 
|  17|0x0000000604400000, 0x0000000604800000, 0x0000000604800000|100%| O|  |TAMS 0x0000000604800000, 0x0000000604400000| Untracked 
|  18|0x0000000604800000, 0x0000000604c00000, 0x0000000604c00000|100%| O|  |TAMS 0x0000000604c00000, 0x0000000604800000| Untracked 
|  19|0x0000000604c00000, 0x0000000605000000, 0x0000000605000000|100%| O|  |TAMS 0x0000000604c00000, 0x0000000604c00000| Untracked 
|  20|0x0000000605000000, 0x0000000605400000, 0x0000000605400000|100%| O|  |TAMS 0x0000000605000000, 0x0000000605000000| Untracked 
|  21|0x0000000605400000, 0x0000000605800000, 0x0000000605800000|100%| O|  |TAMS 0x0000000605800000, 0x0000000605400000| Untracked 
|  22|0x0000000605800000, 0x0000000605c00000, 0x0000000605c00000|100%| O|  |TAMS 0x0000000605ac9000, 0x0000000605800000| Untracked 
|  23|0x0000000605c00000, 0x0000000606000000, 0x0000000606000000|100%|HS|  |TAMS 0x0000000605c00000, 0x0000000605c00000| Complete 
|  24|0x0000000606000000, 0x0000000606400000, 0x0000000606400000|100%| O|  |TAMS 0x0000000606000000, 0x0000000606000000| Untracked 
|  25|0x0000000606400000, 0x0000000606800000, 0x0000000606800000|100%| O|  |TAMS 0x0000000606400000, 0x0000000606400000| Untracked 
|  26|0x0000000606800000, 0x0000000606c00000, 0x0000000606c00000|100%| O|  |TAMS 0x0000000606800000, 0x0000000606800000| Untracked 
|  27|0x0000000606c00000, 0x0000000607000000, 0x0000000607000000|100%| O|  |TAMS 0x0000000606c00000, 0x0000000606c00000| Untracked 
|  28|0x0000000607000000, 0x0000000607400000, 0x0000000607400000|100%| O|  |TAMS 0x0000000607000000, 0x0000000607000000| Untracked 
|  29|0x0000000607400000, 0x0000000607800000, 0x0000000607800000|100%| O|  |TAMS 0x0000000607400000, 0x0000000607400000| Untracked 
|  30|0x0000000607800000, 0x0000000607c00000, 0x0000000607c00000|100%| O|  |TAMS 0x0000000607800000, 0x0000000607800000| Untracked 
|  31|0x0000000607c00000, 0x0000000608000000, 0x0000000608000000|100%| O|  |TAMS 0x0000000607c00000, 0x0000000607c00000| Untracked 
|  32|0x0000000608000000, 0x0000000608400000, 0x0000000608400000|100%| O|  |TAMS 0x0000000608000000, 0x0000000608000000| Untracked 
|  33|0x0000000608400000, 0x0000000608800000, 0x0000000608800000|100%| O|  |TAMS 0x0000000608400000, 0x0000000608400000| Untracked 
|  34|0x0000000608800000, 0x0000000608c00000, 0x0000000608c00000|100%| O|  |TAMS 0x0000000608800000, 0x0000000608800000| Untracked 
|  35|0x0000000608c00000, 0x0000000609000000, 0x0000000609000000|100%| O|  |TAMS 0x0000000608c00000, 0x0000000608c00000| Untracked 
|  36|0x0000000609000000, 0x0000000609400000, 0x0000000609400000|100%| O|  |TAMS 0x0000000609000000, 0x0000000609000000| Untracked 
|  37|0x0000000609400000, 0x0000000609426e00, 0x0000000609800000|  3%| O|  |TAMS 0x0000000609400000, 0x0000000609400000| Untracked 
|  38|0x0000000609800000, 0x0000000609800000, 0x0000000609c00000|  0%| F|  |TAMS 0x0000000609800000, 0x0000000609800000| Untracked 
|  39|0x0000000609c00000, 0x0000000609c00000, 0x000000060a000000|  0%| F|  |TAMS 0x0000000609c00000, 0x0000000609c00000| Untracked 
|  40|0x000000060a000000, 0x000000060a000000, 0x000000060a400000|  0%| F|  |TAMS 0x000000060a000000, 0x000000060a000000| Untracked 
|  41|0x000000060a400000, 0x000000060a400000, 0x000000060a800000|  0%| F|  |TAMS 0x000000060a400000, 0x000000060a400000| Untracked 
|  42|0x000000060a800000, 0x000000060a800000, 0x000000060ac00000|  0%| F|  |TAMS 0x000000060a800000, 0x000000060a800000| Untracked 
|  43|0x000000060ac00000, 0x000000060ac00000, 0x000000060b000000|  0%| F|  |TAMS 0x000000060ac00000, 0x000000060ac00000| Untracked 
|  44|0x000000060b000000, 0x000000060b000000, 0x000000060b400000|  0%| F|  |TAMS 0x000000060b000000, 0x000000060b000000| Untracked 
|  45|0x000000060b400000, 0x000000060b400000, 0x000000060b800000|  0%| F|  |TAMS 0x000000060b400000, 0x000000060b400000| Untracked 
|  46|0x000000060b800000, 0x000000060b800000, 0x000000060bc00000|  0%| F|  |TAMS 0x000000060b800000, 0x000000060b800000| Untracked 
|  47|0x000000060bc00000, 0x000000060bc00000, 0x000000060c000000|  0%| F|  |TAMS 0x000000060bc00000, 0x000000060bc00000| Untracked 
|  48|0x000000060c000000, 0x000000060c000000, 0x000000060c400000|  0%| F|  |TAMS 0x000000060c000000, 0x000000060c000000| Untracked 
|  49|0x000000060c400000, 0x000000060c400000, 0x000000060c800000|  0%| F|  |TAMS 0x000000060c400000, 0x000000060c400000| Untracked 
|  50|0x000000060c800000, 0x000000060c800000, 0x000000060cc00000|  0%| F|  |TAMS 0x000000060c800000, 0x000000060c800000| Untracked 
|  51|0x000000060cc00000, 0x000000060ccaeea0, 0x000000060d000000| 17%| S|CS|TAMS 0x000000060cc00000, 0x000000060cc00000| Complete 
|  52|0x000000060d000000, 0x000000060d000000, 0x000000060d400000|  0%| F|  |TAMS 0x000000060d000000, 0x000000060d000000| Untracked 
|  53|0x000000060d400000, 0x000000060d800000, 0x000000060d800000|100%| S|CS|TAMS 0x000000060d400000, 0x000000060d400000| Complete 
|  54|0x000000060d800000, 0x000000060dc00000, 0x000000060dc00000|100%| S|CS|TAMS 0x000000060d800000, 0x000000060d800000| Complete 
|  55|0x000000060dc00000, 0x000000060e000000, 0x000000060e000000|100%| S|CS|TAMS 0x000000060dc00000, 0x000000060dc00000| Complete 
|  56|0x000000060e000000, 0x000000060e400000, 0x000000060e400000|100%| S|CS|TAMS 0x000000060e000000, 0x000000060e000000| Complete 
|  57|0x000000060e400000, 0x000000060e400000, 0x000000060e800000|  0%| F|  |TAMS 0x000000060e400000, 0x000000060e400000| Untracked 
|  58|0x000000060e800000, 0x000000060e800000, 0x000000060ec00000|  0%| F|  |TAMS 0x000000060e800000, 0x000000060e800000| Untracked 
|  59|0x000000060ec00000, 0x000000060ec00000, 0x000000060f000000|  0%| F|  |TAMS 0x000000060ec00000, 0x000000060ec00000| Untracked 
|  60|0x000000060f000000, 0x000000060f000000, 0x000000060f400000|  0%| F|  |TAMS 0x000000060f000000, 0x000000060f000000| Untracked 
|  61|0x000000060f400000, 0x000000060f712958, 0x000000060f800000| 76%| E|  |TAMS 0x000000060f400000, 0x000000060f400000| Complete 
|  62|0x000000060f800000, 0x000000060fc00000, 0x000000060fc00000|100%| E|CS|TAMS 0x000000060f800000, 0x000000060f800000| Complete 
|  63|0x000000060fc00000, 0x0000000610000000, 0x0000000610000000|100%| E|CS|TAMS 0x000000060fc00000, 0x000000060fc00000| Complete 
|  64|0x0000000610000000, 0x0000000610400000, 0x0000000610400000|100%| E|CS|TAMS 0x0000000610000000, 0x0000000610000000| Complete 
|  65|0x0000000610400000, 0x0000000610800000, 0x0000000610800000|100%| E|CS|TAMS 0x0000000610400000, 0x0000000610400000| Complete 
|  66|0x0000000610800000, 0x0000000610c00000, 0x0000000610c00000|100%| E|CS|TAMS 0x0000000610800000, 0x0000000610800000| Complete 
|  67|0x0000000610c00000, 0x0000000611000000, 0x0000000611000000|100%| E|CS|TAMS 0x0000000610c00000, 0x0000000610c00000| Complete 
|  68|0x0000000611000000, 0x0000000611400000, 0x0000000611400000|100%| E|CS|TAMS 0x0000000611000000, 0x0000000611000000| Complete 
|  69|0x0000000611400000, 0x0000000611800000, 0x0000000611800000|100%| E|CS|TAMS 0x0000000611400000, 0x0000000611400000| Complete 
|  70|0x0000000611800000, 0x0000000611c00000, 0x0000000611c00000|100%| E|CS|TAMS 0x0000000611800000, 0x0000000611800000| Complete 
|  71|0x0000000611c00000, 0x0000000612000000, 0x0000000612000000|100%| E|CS|TAMS 0x0000000611c00000, 0x0000000611c00000| Complete 
|  72|0x0000000612000000, 0x0000000612400000, 0x0000000612400000|100%| E|CS|TAMS 0x0000000612000000, 0x0000000612000000| Complete 
|  73|0x0000000612400000, 0x0000000612800000, 0x0000000612800000|100%| E|CS|TAMS 0x0000000612400000, 0x0000000612400000| Complete 
|  74|0x0000000612800000, 0x0000000612c00000, 0x0000000612c00000|100%| E|CS|TAMS 0x0000000612800000, 0x0000000612800000| Complete 
|  75|0x0000000612c00000, 0x0000000613000000, 0x0000000613000000|100%| E|CS|TAMS 0x0000000612c00000, 0x0000000612c00000| Complete 
|  76|0x0000000613000000, 0x0000000613400000, 0x0000000613400000|100%| E|CS|TAMS 0x0000000613000000, 0x0000000613000000| Complete 
|  77|0x0000000613400000, 0x0000000613800000, 0x0000000613800000|100%| E|CS|TAMS 0x0000000613400000, 0x0000000613400000| Complete 
|  78|0x0000000613800000, 0x0000000613c00000, 0x0000000613c00000|100%| E|CS|TAMS 0x0000000613800000, 0x0000000613800000| Complete 
|  79|0x0000000613c00000, 0x0000000614000000, 0x0000000614000000|100%| E|CS|TAMS 0x0000000613c00000, 0x0000000613c00000| Complete 
|  80|0x0000000614000000, 0x0000000614400000, 0x0000000614400000|100%| E|CS|TAMS 0x0000000614000000, 0x0000000614000000| Complete 
|  81|0x0000000614400000, 0x0000000614800000, 0x0000000614800000|100%| E|CS|TAMS 0x0000000614400000, 0x0000000614400000| Complete 
|  82|0x0000000614800000, 0x0000000614c00000, 0x0000000614c00000|100%| E|CS|TAMS 0x0000000614800000, 0x0000000614800000| Complete 
|  83|0x0000000614c00000, 0x0000000615000000, 0x0000000615000000|100%| E|CS|TAMS 0x0000000614c00000, 0x0000000614c00000| Complete 
|  84|0x0000000615000000, 0x0000000615400000, 0x0000000615400000|100%| E|CS|TAMS 0x0000000615000000, 0x0000000615000000| Complete 
|  85|0x0000000615400000, 0x0000000615800000, 0x0000000615800000|100%| E|CS|TAMS 0x0000000615400000, 0x0000000615400000| Complete 
|  86|0x0000000615800000, 0x0000000615c00000, 0x0000000615c00000|100%| E|CS|TAMS 0x0000000615800000, 0x0000000615800000| Complete 
|  87|0x0000000615c00000, 0x0000000616000000, 0x0000000616000000|100%| E|CS|TAMS 0x0000000615c00000, 0x0000000615c00000| Complete 
|  88|0x0000000616000000, 0x0000000616400000, 0x0000000616400000|100%| E|CS|TAMS 0x0000000616000000, 0x0000000616000000| Complete 
|  89|0x0000000616400000, 0x0000000616800000, 0x0000000616800000|100%| E|CS|TAMS 0x0000000616400000, 0x0000000616400000| Complete 
|  90|0x0000000616800000, 0x0000000616c00000, 0x0000000616c00000|100%| E|CS|TAMS 0x0000000616800000, 0x0000000616800000| Complete 
|  91|0x0000000616c00000, 0x0000000617000000, 0x0000000617000000|100%| E|CS|TAMS 0x0000000616c00000, 0x0000000616c00000| Complete 
|  92|0x0000000617000000, 0x0000000617400000, 0x0000000617400000|100%| E|CS|TAMS 0x0000000617000000, 0x0000000617000000| Complete 
|  93|0x0000000617400000, 0x0000000617800000, 0x0000000617800000|100%| E|CS|TAMS 0x0000000617400000, 0x0000000617400000| Complete 
|  94|0x0000000617800000, 0x0000000617c00000, 0x0000000617c00000|100%| E|CS|TAMS 0x0000000617800000, 0x0000000617800000| Complete 
|  95|0x0000000617c00000, 0x0000000618000000, 0x0000000618000000|100%| E|CS|TAMS 0x0000000617c00000, 0x0000000617c00000| Complete 
|  96|0x0000000618000000, 0x0000000618400000, 0x0000000618400000|100%| E|CS|TAMS 0x0000000618000000, 0x0000000618000000| Complete 
|  97|0x0000000618400000, 0x0000000618800000, 0x0000000618800000|100%| E|CS|TAMS 0x0000000618400000, 0x0000000618400000| Complete 
|  98|0x0000000618800000, 0x0000000618c00000, 0x0000000618c00000|100%| E|CS|TAMS 0x0000000618800000, 0x0000000618800000| Complete 
|  99|0x0000000618c00000, 0x0000000619000000, 0x0000000619000000|100%| E|CS|TAMS 0x0000000618c00000, 0x0000000618c00000| Complete 
| 100|0x0000000619000000, 0x0000000619400000, 0x0000000619400000|100%| E|CS|TAMS 0x0000000619000000, 0x0000000619000000| Complete 

Card table byte_map: [0x0000022ef0610000,0x0000022ef1610000] _byte_map_base: 0x0000022eed610000

Marking Bits (Prev, Next): (CMBitMap*) 0x0000022ee5669d70, (CMBitMap*) 0x0000022ee5669d30
 Prev Bits: [0x0000022ea0000000, 0x0000022ea8000000)
 Next Bits: [0x0000022ef2610000, 0x0000022efa610000)

Polling page: 0x0000022ee5670000

Metaspace:

Usage:
  Non-class:    122.60 MB used.
      Class:     18.19 MB used.
       Both:    140.79 MB used.

Virtual space:
  Non-class space:      128.00 MB reserved,     123.06 MB ( 96%) committed,  2 nodes.
      Class space:        1.00 GB reserved,      18.62 MB (  2%) committed,  1 nodes.
             Both:        1.12 GB reserved,     141.69 MB ( 12%) committed. 

Chunk freelists:
   Non-Class:  4.20 MB
       Class:  13.35 MB
        Both:  17.56 MB

MaxMetaspaceSize: 4.00 GB
CompressedClassSpaceSize: 1.00 GB
Initial GC threshold: 21.00 MB
Current GC threshold: 191.88 MB
CDS: on
MetaspaceReclaimPolicy: balanced
 - commit_granule_bytes: 65536.
 - commit_granule_words: 8192.
 - virtual_space_node_default_size: 8388608.
 - enlarge_chunks_in_place: 1.
 - new_chunks_are_fully_committed: 0.
 - uncommit_free_chunks: 1.
 - use_allocation_guard: 0.
 - handle_deallocations: 1.


Internal statistics:

num_allocs_failed_limit: 12.
num_arena_births: 1350.
num_arena_deaths: 0.
num_vsnodes_births: 3.
num_vsnodes_deaths: 0.
num_space_committed: 2265.
num_space_uncommitted: 0.
num_chunks_returned_to_freelist: 12.
num_chunks_taken_from_freelist: 6861.
num_chunk_merges: 12.
num_chunk_splits: 4886.
num_chunks_enlarged: 3662.
num_inconsistent_stats: 0.

CodeHeap 'non-profiled nmethods': size=259264Kb used=11162Kb max_used=11162Kb free=248101Kb
 bounds [0x0000022e902d0000, 0x0000022e90dc0000, 0x0000022ea0000000]
CodeHeap 'profiled nmethods': size=259264Kb used=36326Kb max_used=36326Kb free=222937Kb
 bounds [0x0000022e80000000, 0x0000022e82380000, 0x0000022e8fd30000]
CodeHeap 'non-nmethods': size=5760Kb used=1955Kb max_used=2042Kb free=3804Kb
 bounds [0x0000022e8fd30000, 0x0000022e8ffa0000, 0x0000022e902d0000]
 total_blobs=17994 nmethods=16929 adapters=972
 compilation: enabled
              stopped_count=0, restarted_count=0
 full_count=0

Compilation events (20 events):
Event: 176.673 Thread 0x0000022efd1690d0 nmethod 19771 0x0000022e8236b290 code [0x0000022e8236b5e0, 0x0000022e8236d0c8]
Event: 176.673 Thread 0x0000022efd1690d0 19770       2       org.gradle.internal.classpath.types.ExternalPluginsInstrumentationTypeRegistry::computeSuperTypesWithRecursiveCaching (80 bytes)
Event: 176.674 Thread 0x0000022efd1690d0 nmethod 19770 0x0000022e8236da10 code [0x0000022e8236dc20, 0x0000022e8236e0d8]
Event: 176.675 Thread 0x0000022efd1690d0 19769       2       org.gradle.internal.classpath.types.ExternalPluginsInstrumentationTypeRegistry::computeInstrumentedSuperTypes (53 bytes)
Event: 176.675 Thread 0x0000022efdc045c0 nmethod 19737 0x0000022e90db2790 code [0x0000022e90db2940, 0x0000022e90db2db8]
Event: 176.675 Thread 0x0000022efd1690d0 nmethod 19769 0x0000022e8236e310 code [0x0000022e8236e500, 0x0000022e8236e788]
Event: 176.675 Thread 0x0000022efd1690d0 19772       2       org.gradle.internal.classpath.types.ExternalPluginsInstrumentationTypeRegistry::getDirectSuperTypes (48 bytes)
Event: 176.676 Thread 0x0000022efdc045c0 19763 %     4       com.google.common.collect.RegularImmutableMap::fromEntryArrayCheckingBucketOverflow @ 48 (282 bytes)
Event: 176.676 Thread 0x0000022efd1690d0 nmethod 19772 0x0000022e8236e910 code [0x0000022e8236eb00, 0x0000022e8236ed78]
Event: 176.676 Thread 0x0000022efd1690d0 19773       2       org.gradle.internal.classpath.types.ExternalPluginsInstrumentationTypeRegistry::getSuperTypes (70 bytes)
Event: 176.677 Thread 0x0000022efd1690d0 nmethod 19773 0x0000022e8236ef10 code [0x0000022e8236f100, 0x0000022e8236f528]
Event: 176.679 Thread 0x0000022efd1690d0 19774       2       java.util.concurrent.ConcurrentHashMap::get (162 bytes)
Event: 176.680 Thread 0x0000022efd1690d0 nmethod 19774 0x0000022e8236f710 code [0x0000022e8236f920, 0x0000022e8236fe88]
Event: 176.681 Thread 0x0000022efd1690d0 19775       3       java.util.concurrent.ConcurrentHashMap::addCount (280 bytes)
Event: 176.683 Thread 0x0000022efd1690d0 nmethod 19775 0x0000022e82370190 code [0x0000022e823703e0, 0x0000022e82370d38]
Event: 176.683 Thread 0x0000022efd1690d0 19776       3       org.gradle.internal.classpath.types.ExternalPluginsInstrumentationTypeRegistry$$Lambda$3331/0x0000022f002a4660::test (8 bytes)
Event: 176.683 Thread 0x0000022efd1690d0 nmethod 19776 0x0000022e82371010 code [0x0000022e823711e0, 0x0000022e82371508]
Event: 176.688 Thread 0x0000022efd1690d0 19777       3       org.gradle.internal.classpath.types.ExternalPluginsInstrumentationTypeRegistry::computeAndCacheInstrumentedSuperTypes (39 bytes)
Event: 176.688 Thread 0x0000022efd1690d0 nmethod 19777 0x0000022e82371690 code [0x0000022e82371860, 0x0000022e82371cc8]
Event: 176.717 Thread 0x0000022efd1690d0 19779       2       org.gradle.cache.internal.DefaultCrossBuildInMemoryCacheFactory$CrossBuildCacheRetainingDataFromPreviousBuild::get (18 bytes)

GC Heap History (20 events):
Event: 170.415 GC heap before
{Heap before GC invocations=45 (full 0):
 garbage-first heap   total 270336K, used 208578K [0x0000000600000000, 0x0000000800000000)
  region size 4096K, 22 young (90112K), 2 survivors (8192K)
 Metaspace       used 143776K, committed 144640K, reserved 1179648K
  class space    used 18603K, committed 19008K, reserved 1048576K
}
Event: 170.446 GC heap after
{Heap after GC invocations=46 (full 0):
 garbage-first heap   total 270336K, used 136370K [0x0000000600000000, 0x0000000800000000)
  region size 4096K, 3 young (12288K), 3 survivors (12288K)
 Metaspace       used 143776K, committed 144640K, reserved 1179648K
  class space    used 18603K, committed 19008K, reserved 1048576K
}
Event: 170.822 GC heap before
{Heap before GC invocations=46 (full 0):
 garbage-first heap   total 270336K, used 218290K [0x0000000600000000, 0x0000000800000000)
  region size 4096K, 23 young (94208K), 3 survivors (12288K)
 Metaspace       used 143843K, committed 144768K, reserved 1179648K
  class space    used 18605K, committed 19072K, reserved 1048576K
}
Event: 170.846 GC heap after
{Heap after GC invocations=47 (full 0):
 garbage-first heap   total 270336K, used 139658K [0x0000000600000000, 0x0000000800000000)
  region size 4096K, 1 young (4096K), 1 survivors (4096K)
 Metaspace       used 143843K, committed 144768K, reserved 1179648K
  class space    used 18605K, committed 19072K, reserved 1048576K
}
Event: 171.147 GC heap before
{Heap before GC invocations=47 (full 0):
 garbage-first heap   total 270336K, used 213386K [0x0000000600000000, 0x0000000800000000)
  region size 4096K, 21 young (86016K), 1 survivors (4096K)
 Metaspace       used 143865K, committed 144768K, reserved 1179648K
  class space    used 18605K, committed 19072K, reserved 1048576K
}
Event: 171.153 GC heap after
{Heap after GC invocations=48 (full 0):
 garbage-first heap   total 270336K, used 144448K [0x0000000600000000, 0x0000000800000000)
  region size 4096K, 3 young (12288K), 3 survivors (12288K)
 Metaspace       used 143865K, committed 144768K, reserved 1179648K
  class space    used 18605K, committed 19072K, reserved 1048576K
}
Event: 171.390 GC heap before
{Heap before GC invocations=48 (full 0):
 garbage-first heap   total 270336K, used 218176K [0x0000000600000000, 0x0000000800000000)
  region size 4096K, 21 young (86016K), 3 survivors (12288K)
 Metaspace       used 143874K, committed 144768K, reserved 1179648K
  class space    used 18605K, committed 19072K, reserved 1048576K
}
Event: 171.397 GC heap after
{Heap after GC invocations=49 (full 0):
 garbage-first heap   total 270336K, used 145989K [0x0000000600000000, 0x0000000800000000)
  region size 4096K, 2 young (8192K), 2 survivors (8192K)
 Metaspace       used 143874K, committed 144768K, reserved 1179648K
  class space    used 18605K, committed 19072K, reserved 1048576K
}
Event: 171.691 GC heap before
{Heap before GC invocations=49 (full 0):
 garbage-first heap   total 270336K, used 219717K [0x0000000600000000, 0x0000000800000000)
  region size 4096K, 21 young (86016K), 2 survivors (8192K)
 Metaspace       used 143915K, committed 144832K, reserved 1179648K
  class space    used 18605K, committed 19072K, reserved 1048576K
}
Event: 171.698 GC heap after
{Heap after GC invocations=50 (full 0):
 garbage-first heap   total 339968K, used 148651K [0x0000000600000000, 0x0000000800000000)
  region size 4096K, 2 young (8192K), 2 survivors (8192K)
 Metaspace       used 143915K, committed 144832K, reserved 1179648K
  class space    used 18605K, committed 19072K, reserved 1048576K
}
Event: 172.088 GC heap before
{Heap before GC invocations=50 (full 0):
 garbage-first heap   total 339968K, used 267435K [0x0000000600000000, 0x0000000800000000)
  region size 4096K, 32 young (131072K), 2 survivors (8192K)
 Metaspace       used 143952K, committed 144960K, reserved 1179648K
  class space    used 18605K, committed 19072K, reserved 1048576K
}
Event: 172.096 GC heap after
{Heap after GC invocations=51 (full 0):
 garbage-first heap   total 339968K, used 155640K [0x0000000600000000, 0x0000000800000000)
  region size 4096K, 3 young (12288K), 3 survivors (12288K)
 Metaspace       used 143952K, committed 144960K, reserved 1179648K
  class space    used 18605K, committed 19072K, reserved 1048576K
}
Event: 172.333 GC heap before
{Heap before GC invocations=51 (full 0):
 garbage-first heap   total 339968K, used 270328K [0x0000000600000000, 0x0000000800000000)
  region size 4096K, 32 young (131072K), 3 survivors (12288K)
 Metaspace       used 143956K, committed 144960K, reserved 1179648K
  class space    used 18605K, committed 19072K, reserved 1048576K
}
Event: 172.342 GC heap after
{Heap after GC invocations=52 (full 0):
 garbage-first heap   total 339968K, used 156223K [0x0000000600000000, 0x0000000800000000)
  region size 4096K, 2 young (8192K), 2 survivors (8192K)
 Metaspace       used 143956K, committed 144960K, reserved 1179648K
  class space    used 18605K, committed 19072K, reserved 1048576K
}
Event: 172.708 GC heap before
{Heap before GC invocations=52 (full 0):
 garbage-first heap   total 339968K, used 275007K [0x0000000600000000, 0x0000000800000000)
  region size 4096K, 32 young (131072K), 2 survivors (8192K)
 Metaspace       used 143977K, committed 144960K, reserved 1179648K
  class space    used 18605K, committed 19072K, reserved 1048576K
}
Event: 172.718 GC heap after
{Heap after GC invocations=53 (full 0):
 garbage-first heap   total 339968K, used 159279K [0x0000000600000000, 0x0000000800000000)
  region size 4096K, 3 young (12288K), 3 survivors (12288K)
 Metaspace       used 143977K, committed 144960K, reserved 1179648K
  class space    used 18605K, committed 19072K, reserved 1048576K
}
Event: 173.087 GC heap before
{Heap before GC invocations=53 (full 0):
 garbage-first heap   total 339968K, used 278063K [0x0000000600000000, 0x0000000800000000)
  region size 4096K, 33 young (135168K), 3 survivors (12288K)
 Metaspace       used 143995K, committed 144960K, reserved 1179648K
  class space    used 18605K, committed 19072K, reserved 1048576K
}
Event: 173.099 GC heap after
{Heap after GC invocations=54 (full 0):
 garbage-first heap   total 413696K, used 163033K [0x0000000600000000, 0x0000000800000000)
  region size 4096K, 3 young (12288K), 3 survivors (12288K)
 Metaspace       used 143995K, committed 144960K, reserved 1179648K
  class space    used 18605K, committed 19072K, reserved 1048576K
}
Event: 173.997 GC heap before
{Heap before GC invocations=54 (full 0):
 garbage-first heap   total 413696K, used 343257K [0x0000000600000000, 0x0000000800000000)
  region size 4096K, 47 young (192512K), 3 survivors (12288K)
 Metaspace       used 144035K, committed 145024K, reserved 1179648K
  class space    used 18605K, committed 19072K, reserved 1048576K
}
Event: 174.011 GC heap after
{Heap after GC invocations=55 (full 0):
 garbage-first heap   total 413696K, used 168714K [0x0000000600000000, 0x0000000800000000)
  region size 4096K, 5 young (20480K), 5 survivors (20480K)
 Metaspace       used 144035K, committed 145024K, reserved 1179648K
  class space    used 18605K, committed 19072K, reserved 1048576K
}

Dll operation events (16 events):
Event: 0.023 Loaded shared library C:\Program Files\Eclipse Adoptium\jdk-17.0.17.10-hotspot\bin\java.dll
Event: 0.060 Loaded shared library C:\Program Files\Eclipse Adoptium\jdk-17.0.17.10-hotspot\bin\jsvml.dll
Event: 0.211 Loaded shared library C:\Program Files\Eclipse Adoptium\jdk-17.0.17.10-hotspot\bin\zip.dll
Event: 0.224 Loaded shared library C:\Program Files\Eclipse Adoptium\jdk-17.0.17.10-hotspot\bin\instrument.dll
Event: 0.238 Loaded shared library C:\Program Files\Eclipse Adoptium\jdk-17.0.17.10-hotspot\bin\net.dll
Event: 0.245 Loaded shared library C:\Program Files\Eclipse Adoptium\jdk-17.0.17.10-hotspot\bin\nio.dll
Event: 0.253 Loaded shared library C:\Program Files\Eclipse Adoptium\jdk-17.0.17.10-hotspot\bin\zip.dll
Event: 0.987 Loaded shared library C:\Program Files\Eclipse Adoptium\jdk-17.0.17.10-hotspot\bin\jimage.dll
Event: 1.339 Loaded shared library C:\Program Files\Eclipse Adoptium\jdk-17.0.17.10-hotspot\bin\verify.dll
Event: 1.511 Loaded shared library C:\Users\user\.gradle\native\1def1411415f61bf3af743bc5b6707747c0891f09f0c88961ee8f79bc544acac\windows-amd64\native-platform.dll
Event: 1.543 Loaded shared library C:\Users\user\.gradle\native\0.2.7\x86_64-windows-gnu\gradle-fileevents.dll
Event: 5.016 Loaded shared library C:\Program Files\Eclipse Adoptium\jdk-17.0.17.10-hotspot\bin\management.dll
Event: 5.025 Loaded shared library C:\Program Files\Eclipse Adoptium\jdk-17.0.17.10-hotspot\bin\management_ext.dll
Event: 5.639 Loaded shared library C:\Program Files\Eclipse Adoptium\jdk-17.0.17.10-hotspot\bin\extnet.dll
Event: 6.221 Loaded shared library C:\Program Files\Eclipse Adoptium\jdk-17.0.17.10-hotspot\bin\sunmscapi.dll
Event: 52.211 Loaded shared library C:\Program Files\Eclipse Adoptium\jdk-17.0.17.10-hotspot\bin\rmi.dll

Deoptimization events (20 events):
Event: 176.682 Thread 0x0000022f508421b0 Uncommon trap: trap_request=0xffffffc6 fr.pc=0x0000022e90d441b8 relative=0x00000000000014b8
Event: 176.682 Thread 0x0000022f508421b0 Uncommon trap: reason=bimorphic_or_optimized_type_check action=maybe_recompile pc=0x0000022e90d441b8 method=org.gradle.internal.serialize.AbstractCollectionSerializer.write(Lorg/gradle/internal/serialize/Encoder;Ljava/util/Collection;)V @ 2 c2
Event: 176.682 Thread 0x0000022f508421b0 DEOPT PACKING pc=0x0000022e90d441b8 sp=0x0000009fa49fb4a0
Event: 176.682 Thread 0x0000022f508421b0 DEOPT UNPACKING pc=0x0000022e8fd869a3 sp=0x0000009fa49fb480 mode 2
Event: 176.682 Thread 0x0000022f508421b0 Uncommon trap: trap_request=0xffffffc6 fr.pc=0x0000022e90d441b8 relative=0x00000000000014b8
Event: 176.682 Thread 0x0000022f508421b0 Uncommon trap: reason=bimorphic_or_optimized_type_check action=maybe_recompile pc=0x0000022e90d441b8 method=org.gradle.internal.serialize.AbstractCollectionSerializer.write(Lorg/gradle/internal/serialize/Encoder;Ljava/util/Collection;)V @ 2 c2
Event: 176.682 Thread 0x0000022f508421b0 DEOPT PACKING pc=0x0000022e90d441b8 sp=0x0000009fa49fb4a0
Event: 176.682 Thread 0x0000022f508421b0 DEOPT UNPACKING pc=0x0000022e8fd869a3 sp=0x0000009fa49fb480 mode 2
Event: 176.682 Thread 0x0000022f508421b0 Uncommon trap: trap_request=0xffffffc6 fr.pc=0x0000022e90d441b8 relative=0x00000000000014b8
Event: 176.682 Thread 0x0000022f508421b0 Uncommon trap: reason=bimorphic_or_optimized_type_check action=maybe_recompile pc=0x0000022e90d441b8 method=org.gradle.internal.serialize.AbstractCollectionSerializer.write(Lorg/gradle/internal/serialize/Encoder;Ljava/util/Collection;)V @ 2 c2
Event: 176.682 Thread 0x0000022f508421b0 DEOPT PACKING pc=0x0000022e90d441b8 sp=0x0000009fa49fb4a0
Event: 176.682 Thread 0x0000022f508421b0 DEOPT UNPACKING pc=0x0000022e8fd869a3 sp=0x0000009fa49fb480 mode 2
Event: 176.682 Thread 0x0000022f508421b0 Uncommon trap: trap_request=0xffffffc6 fr.pc=0x0000022e90d441b8 relative=0x00000000000014b8
Event: 176.682 Thread 0x0000022f508421b0 Uncommon trap: reason=bimorphic_or_optimized_type_check action=maybe_recompile pc=0x0000022e90d441b8 method=org.gradle.internal.serialize.AbstractCollectionSerializer.write(Lorg/gradle/internal/serialize/Encoder;Ljava/util/Collection;)V @ 2 c2
Event: 176.682 Thread 0x0000022f508421b0 DEOPT PACKING pc=0x0000022e90d441b8 sp=0x0000009fa49fb4a0
Event: 176.682 Thread 0x0000022f508421b0 DEOPT UNPACKING pc=0x0000022e8fd869a3 sp=0x0000009fa49fb480 mode 2
Event: 176.692 Thread 0x0000022f52267030 DEOPT PACKING pc=0x0000022e81ee9e7a sp=0x0000009fa47fb600
Event: 176.692 Thread 0x0000022f52267030 DEOPT UNPACKING pc=0x0000022e8fd87143 sp=0x0000009fa47fab10 mode 0
Event: 177.684 Thread 0x0000022f438d3740 DEOPT PACKING pc=0x0000022e81ee9e9b sp=0x0000009f9d9f4420
Event: 177.684 Thread 0x0000022f438d3740 DEOPT UNPACKING pc=0x0000022e8fd87143 sp=0x0000009f9d9f3930 mode 0

Classes loaded (20 events):
Event: 97.745 Loading class sun/security/ssl/SSLEngineOutputRecord$HandshakeFragment
Event: 97.745 Loading class sun/security/ssl/SSLEngineOutputRecord$HandshakeFragment done
Event: 97.745 Loading class sun/security/ssl/SSLEngineOutputRecord$HandshakeMemo
Event: 97.746 Loading class sun/security/ssl/SSLEngineOutputRecord$RecordMemo
Event: 97.746 Loading class sun/security/ssl/SSLEngineOutputRecord$RecordMemo done
Event: 97.746 Loading class sun/security/ssl/SSLEngineOutputRecord$HandshakeMemo done
Event: 97.944 Loading class sun/security/ssl/PreSharedKeyExtension$SHPreSharedKeySpec
Event: 97.944 Loading class sun/security/ssl/PreSharedKeyExtension$SHPreSharedKeySpec done
Event: 107.040 Loading class jdk/internal/misc/ScopedMemoryAccess$Scope$Handle
Event: 107.043 Loading class jdk/internal/misc/ScopedMemoryAccess$Scope$Handle done
Event: 127.365 Loading class sun/net/ConnectionResetException
Event: 127.366 Loading class sun/net/ConnectionResetException done
Event: 127.366 Loading class sun/security/ssl/Alert
Event: 127.369 Loading class sun/security/ssl/Alert done
Event: 127.369 Loading class sun/security/ssl/Alert$AlertConsumer
Event: 127.370 Loading class sun/security/ssl/Alert$AlertConsumer done
Event: 127.370 Loading class sun/security/ssl/Alert$Level
Event: 127.371 Loading class sun/security/ssl/Alert$Level done
Event: 158.000 Loading class java/util/concurrent/locks/ReentrantReadWriteLock$Sync$HoldCounter
Event: 158.001 Loading class java/util/concurrent/locks/ReentrantReadWriteLock$Sync$HoldCounter done

Classes unloaded (0 events):
No events

Classes redefined (0 events):
No events

Internal exceptions (20 events):
Event: 89.766 Thread 0x0000022f5105a230 Exception <a 'sun/nio/fs/WindowsException'{0x000000060c49f380}> (0x000000060c49f380) 
thrown [s\src\hotspot\share\prims\jni.cpp, line 516]
Event: 89.767 Thread 0x0000022f5105a230 Exception <a 'sun/nio/fs/WindowsException'{0x000000060c4a18d8}> (0x000000060c4a18d8) 
thrown [s\src\hotspot\share\prims\jni.cpp, line 516]
Event: 89.768 Thread 0x0000022f5105a230 Exception <a 'sun/nio/fs/WindowsException'{0x000000060c4a3c00}> (0x000000060c4a3c00) 
thrown [s\src\hotspot\share\prims\jni.cpp, line 516]
Event: 89.768 Thread 0x0000022f5105a230 Exception <a 'sun/nio/fs/WindowsException'{0x000000060c4a5cf0}> (0x000000060c4a5cf0) 
thrown [s\src\hotspot\share\prims\jni.cpp, line 516]
Event: 89.777 Thread 0x0000022f5105a230 Exception <a 'sun/nio/fs/WindowsException'{0x000000060c4c2c20}> (0x000000060c4c2c20) 
thrown [s\src\hotspot\share\prims\jni.cpp, line 516]
Event: 89.777 Thread 0x0000022f5105a230 Exception <a 'sun/nio/fs/WindowsException'{0x000000060c4c4e70}> (0x000000060c4c4e70) 
thrown [s\src\hotspot\share\prims\jni.cpp, line 516]
Event: 89.778 Thread 0x0000022f5105a230 Exception <a 'sun/nio/fs/WindowsException'{0x000000060c501e18}> (0x000000060c501e18) 
thrown [s\src\hotspot\share\prims\jni.cpp, line 516]
Event: 90.629 Thread 0x0000022f438d3740 Exception <a 'sun/nio/fs/WindowsException'{0x000000060bb26be8}> (0x000000060bb26be8) 
thrown [s\src\hotspot\share\prims\jni.cpp, line 516]
Event: 95.333 Thread 0x0000022f438d3740 Exception <a 'java/lang/NoSuchMethodError'{0x000000060fa4be98}: 'int java.lang.invoke.DirectMethodHandle$Holder.invokeSpecial(java.lang.Object, java.lang.Object, int)'> (0x000000060fa4be98) 
thrown [s\src\hotspot\share\interpreter\linkResolver.cpp, line 759]
Event: 97.059 Thread 0x0000022f438d3740 Exception <a 'java/lang/NoSuchMethodError'{0x000000060f192258}: 'void java.lang.invoke.DirectMethodHandle$Holder.invokeVirtual(java.lang.Object, java.lang.Object, long)'> (0x000000060f192258) 
thrown [s\src\hotspot\share\interpreter\linkResolver.cpp, line 759]
Event: 127.366 Thread 0x0000022f43c0e7d0 Exception <a 'sun/net/ConnectionResetException'{0x000000060c448e60}: Connection reset> (0x000000060c448e60) 
thrown [s\src\hotspot\share\prims\jni.cpp, line 535]
Event: 127.371 Thread 0x0000022f43c0e7d0 Exception <a 'java/io/IOException'{0x000000060c4515e8}: Connection reset by peer> (0x000000060c4515e8) 
thrown [s\src\hotspot\share\prims\jni.cpp, line 535]
Event: 129.644 Thread 0x0000022f43c11a70 Exception <a 'sun/net/ConnectionResetException'{0x000000060ca45588}: Connection reset> (0x000000060ca45588) 
thrown [s\src\hotspot\share\prims\jni.cpp, line 535]
Event: 129.645 Thread 0x0000022f43c11a70 Exception <a 'java/io/IOException'{0x000000060c639760}: Connection reset by peer> (0x000000060c639760) 
thrown [s\src\hotspot\share\prims\jni.cpp, line 535]
Event: 131.234 Thread 0x0000022f43c142f0 Exception <a 'sun/net/ConnectionResetException'{0x000000060ca545c8}: Connection reset> (0x000000060ca545c8) 
thrown [s\src\hotspot\share\prims\jni.cpp, line 535]
Event: 131.235 Thread 0x0000022f43c142f0 Exception <a 'java/io/IOException'{0x000000060ca583e8}: Connection reset by peer> (0x000000060ca583e8) 
thrown [s\src\hotspot\share\prims\jni.cpp, line 535]
Event: 146.703 Thread 0x0000022f43c0e7d0 Exception <a 'sun/net/ConnectionResetException'{0x000000060c62e598}: Connection reset> (0x000000060c62e598) 
thrown [s\src\hotspot\share\prims\jni.cpp, line 535]
Event: 146.705 Thread 0x0000022f43c0e7d0 Exception <a 'java/io/IOException'{0x000000060c313340}: Connection reset by peer> (0x000000060c313340) 
thrown [s\src\hotspot\share\prims\jni.cpp, line 535]
Event: 170.219 Thread 0x0000022f438d3740 Implicit null exception at 0x0000022e90b9c583 to 0x0000022e90b9c67a
Event: 175.044 Thread 0x0000022f438d3740 Implicit null exception at 0x0000022e90d9f664 to 0x0000022e90d9f6f8

VM Operations (20 events):
Event: 172.342 Executing VM operation: G1CollectForAllocation done
Event: 172.708 Executing VM operation: G1CollectForAllocation
Event: 172.718 Executing VM operation: G1CollectForAllocation done
Event: 173.087 Executing VM operation: G1CollectForAllocation
Event: 173.087 Executing VM operation: G1CollectForAllocation done
Event: 173.087 Executing VM operation: G1CollectForAllocation
Event: 173.099 Executing VM operation: G1CollectForAllocation done
Event: 173.990 Executing VM operation: G1CollectForAllocation
Event: 173.996 Executing VM operation: G1CollectForAllocation done
Event: 173.997 Executing VM operation: G1CollectForAllocation
Event: 174.011 Executing VM operation: G1CollectForAllocation done
Event: 174.561 Executing VM operation: HandshakeAllThreads
Event: 174.561 Executing VM operation: HandshakeAllThreads done
Event: 174.616 Executing VM operation: HandshakeAllThreads
Event: 174.617 Executing VM operation: HandshakeAllThreads done
Event: 175.031 Executing VM operation: ICBufferFull
Event: 175.032 Executing VM operation: ICBufferFull done
Event: 176.032 Executing VM operation: Cleanup
Event: 176.032 Executing VM operation: Cleanup done
Event: 177.046 Executing VM operation: Cleanup

Memory protections (0 events):
No events

Nmethod flushes (20 events):
Event: 101.734 Thread 0x0000022efd16a000 flushing  nmethod 0x0000022e82099310
Event: 101.734 Thread 0x0000022efd16a000 flushing  nmethod 0x0000022e82099d10
Event: 101.734 Thread 0x0000022efd16a000 flushing  nmethod 0x0000022e820a3790
Event: 101.734 Thread 0x0000022efd16a000 flushing  nmethod 0x0000022e820a6b90
Event: 101.734 Thread 0x0000022efd16a000 flushing  nmethod 0x0000022e820add90
Event: 101.734 Thread 0x0000022efd16a000 flushing osr nmethod 0x0000022e820b7410
Event: 101.734 Thread 0x0000022efd16a000 flushing  nmethod 0x0000022e820bbd10
Event: 101.734 Thread 0x0000022efd16a000 flushing  nmethod 0x0000022e820dbb90
Event: 101.734 Thread 0x0000022efd16a000 flushing  nmethod 0x0000022e820de390
Event: 101.735 Thread 0x0000022efd16a000 flushing  nmethod 0x0000022e821bd110
Event: 174.646 Thread 0x0000022efd16a000 flushing  nmethod 0x0000022e90c3bf90
Event: 174.667 Thread 0x0000022efd16a000 flushing  nmethod 0x0000022e80825390
Event: 174.695 Thread 0x0000022efd16a000 flushing  nmethod 0x0000022e811a8790
Event: 174.695 Thread 0x0000022efd16a000 flushing  nmethod 0x0000022e811a8f90
Event: 174.695 Thread 0x0000022efd16a000 flushing  nmethod 0x0000022e811a9410
Event: 174.720 Thread 0x0000022efd16a000 flushing  nmethod 0x0000022e81b23690
Event: 174.731 Thread 0x0000022efd16a000 flushing  nmethod 0x0000022e81f4ca90
Event: 174.731 Thread 0x0000022efd16a000 flushing  nmethod 0x0000022e81f61210
Event: 174.731 Thread 0x0000022efd16a000 flushing  nmethod 0x0000022e81f64e90
Event: 174.736 Thread 0x0000022efd16a000 flushing  nmethod 0x0000022e821cd890

Events (20 events):
Event: 103.855 Thread 0x0000022f518de570 Thread exited: 0x0000022f518de570
Event: 150.133 Thread 0x0000022f506db0d0 Thread exited: 0x0000022f506db0d0
Event: 155.408 Thread 0x0000022efd1677b0 Thread added: 0x0000022f518dfab0
Event: 156.070 Thread 0x0000022f518dfab0 Thread exited: 0x0000022f518dfab0
Event: 170.220 Thread 0x0000022f438d3740 Thread added: 0x0000022f43c13de0
Event: 170.221 Thread 0x0000022f438d3740 Thread added: 0x0000022f43c133c0
Event: 170.225 Thread 0x0000022f438d3740 Thread added: 0x0000022f43c14d10
Event: 170.232 Thread 0x0000022f438d3740 Thread added: 0x0000022f43c15c40
Event: 170.239 Thread 0x0000022f438d3740 Thread added: 0x0000022f43c138d0
Event: 170.244 Thread 0x0000022f438d3740 Thread added: 0x0000022f43c14800
Event: 170.248 Thread 0x0000022f438d3740 Thread added: 0x0000022f43c16150
Event: 170.309 Thread 0x0000022efd1690d0 Thread added: 0x0000022f518ddad0
Event: 174.941 Thread 0x0000022f438d3740 Thread added: 0x0000022f43c15220
Event: 174.943 Thread 0x0000022f438d3740 Thread added: 0x0000022f43c129a0
Event: 174.950 Thread 0x0000022f438d3740 Thread added: 0x0000022f52267030
Event: 174.951 Thread 0x0000022f438d3740 Thread added: 0x0000022f52268470
Event: 174.952 Thread 0x0000022f438d3740 Thread added: 0x0000022f508421b0
Event: 174.958 Thread 0x0000022f438d3740 Thread added: 0x0000022f506db0d0
Event: 174.961 Thread 0x0000022f438d3740 Thread added: 0x0000022f47625780
Event: 176.656 Thread 0x0000022efd1690d0 Thread added: 0x0000022efdc045c0


Dynamic libraries:
0x00007ff633ea0000 - 0x00007ff633eae000 	C:\Program Files\Eclipse Adoptium\jdk-17.0.17.10-hotspot\bin\java.exe
0x00007ffa91920000 - 0x00007ffa91b87000 	C:\WINDOWS\SYSTEM32\ntdll.dll
0x00007ffa904f0000 - 0x00007ffa905b9000 	C:\WINDOWS\System32\KERNEL32.DLL
0x00007ffa8eee0000 - 0x00007ffa8f2cf000 	C:\WINDOWS\System32\KERNELBASE.dll
0x00007ffa8ec20000 - 0x00007ffa8ed6b000 	C:\WINDOWS\System32\ucrtbase.dll
0x00007ffa67180000 - 0x00007ffa67198000 	C:\Program Files\Eclipse Adoptium\jdk-17.0.17.10-hotspot\bin\jli.dll
0x00007ffa67130000 - 0x00007ffa6714e000 	C:\Program Files\Eclipse Adoptium\jdk-17.0.17.10-hotspot\bin\VCRUNTIME140.dll
0x00007ffa8fc30000 - 0x00007ffa8fdf5000 	C:\WINDOWS\System32\USER32.dll
0x00007ffa78380000 - 0x00007ffa78613000 	C:\WINDOWS\WinSxS\amd64_microsoft.windows.common-controls_6595b64144ccf1df_6.0.26100.7309_none_3e05feeae336a044\COMCTL32.dll
0x00007ffa8ea70000 - 0x00007ffa8ea97000 	C:\WINDOWS\System32\win32u.dll
0x00007ffa8f6d0000 - 0x00007ffa8f779000 	C:\WINDOWS\System32\msvcrt.dll
0x00007ffa8fb00000 - 0x00007ffa8fb2b000 	C:\WINDOWS\System32\GDI32.dll
0x00007ffa8f440000 - 0x00007ffa8f56c000 	C:\WINDOWS\System32\gdi32full.dll
0x00007ffa8f2e0000 - 0x00007ffa8f383000 	C:\WINDOWS\System32\msvcp_win.dll
0x00007ffa90af0000 - 0x00007ffa90b21000 	C:\WINDOWS\System32\IMM32.DLL
0x00007ffa7dd70000 - 0x00007ffa7dd7c000 	C:\Program Files\Eclipse Adoptium\jdk-17.0.17.10-hotspot\bin\vcruntime140_1.dll
0x00007ffa525d0000 - 0x00007ffa5265d000 	C:\Program Files\Eclipse Adoptium\jdk-17.0.17.10-hotspot\bin\msvcp140.dll
0x00007ffa03160000 - 0x00007ffa03dcb000 	C:\Program Files\Eclipse Adoptium\jdk-17.0.17.10-hotspot\bin\server\jvm.dll
0x00007ffa90610000 - 0x00007ffa906c4000 	C:\WINDOWS\System32\ADVAPI32.dll
0x00007ffa8fe80000 - 0x00007ffa8ff26000 	C:\WINDOWS\System32\sechost.dll
0x00007ffa90940000 - 0x00007ffa90a58000 	C:\WINDOWS\System32\RPCRT4.dll
0x00007ffa907b0000 - 0x00007ffa90824000 	C:\WINDOWS\System32\WS2_32.dll
0x00007ffa8e8f0000 - 0x00007ffa8e94e000 	C:\WINDOWS\SYSTEM32\POWRPROF.dll
0x00007ffa83ae0000 - 0x00007ffa83aeb000 	C:\WINDOWS\SYSTEM32\VERSION.dll
0x00007ffa787c0000 - 0x00007ffa787f5000 	C:\WINDOWS\SYSTEM32\WINMM.dll
0x00007ffa8e8d0000 - 0x00007ffa8e8e4000 	C:\WINDOWS\SYSTEM32\UMPDC.dll
0x00007ffa8d7e0000 - 0x00007ffa8d7fb000 	C:\WINDOWS\SYSTEM32\kernel.appcore.dll
0x00007ffa7cd50000 - 0x00007ffa7cd5a000 	C:\Program Files\Eclipse Adoptium\jdk-17.0.17.10-hotspot\bin\jimage.dll
0x00007ffa82680000 - 0x00007ffa828c2000 	C:\WINDOWS\SYSTEM32\DBGHELP.DLL
0x00007ffa91460000 - 0x00007ffa917e5000 	C:\WINDOWS\System32\combase.dll
0x00007ffa906d0000 - 0x00007ffa907a6000 	C:\WINDOWS\System32\OLEAUT32.dll
0x00007ffa6df00000 - 0x00007ffa6df3c000 	C:\WINDOWS\SYSTEM32\dbgcore.DLL
0x00007ffa8f390000 - 0x00007ffa8f435000 	C:\WINDOWS\System32\bcryptPrimitives.dll
0x00007ffa730d0000 - 0x00007ffa730de000 	C:\Program Files\Eclipse Adoptium\jdk-17.0.17.10-hotspot\bin\instrument.dll
0x00007ffa65630000 - 0x00007ffa65655000 	C:\Program Files\Eclipse Adoptium\jdk-17.0.17.10-hotspot\bin\java.dll
0x00007ffa43c20000 - 0x00007ffa43cf7000 	C:\Program Files\Eclipse Adoptium\jdk-17.0.17.10-hotspot\bin\jsvml.dll
0x00007ffa90d00000 - 0x00007ffa91453000 	C:\WINDOWS\System32\SHELL32.dll
0x00007ffa8ed70000 - 0x00007ffa8eeda000 	C:\WINDOWS\System32\wintypes.dll
0x00007ffa8c630000 - 0x00007ffa8ce8e000 	C:\WINDOWS\SYSTEM32\windows.storage.dll
0x00007ffa903f0000 - 0x00007ffa904e5000 	C:\WINDOWS\System32\SHCORE.dll
0x00007ffa908d0000 - 0x00007ffa90936000 	C:\WINDOWS\System32\shlwapi.dll
0x00007ffa8e990000 - 0x00007ffa8e9b9000 	C:\WINDOWS\SYSTEM32\profapi.dll
0x00007ffa61270000 - 0x00007ffa61288000 	C:\Program Files\Eclipse Adoptium\jdk-17.0.17.10-hotspot\bin\zip.dll
0x00007ffa65480000 - 0x00007ffa6549a000 	C:\Program Files\Eclipse Adoptium\jdk-17.0.17.10-hotspot\bin\net.dll
0x00007ffa88b90000 - 0x00007ffa88cb8000 	C:\WINDOWS\SYSTEM32\WINHTTP.dll
0x00007ffa8dd30000 - 0x00007ffa8dd9b000 	C:\WINDOWS\system32\mswsock.dll
0x00007ffa65410000 - 0x00007ffa65426000 	C:\Program Files\Eclipse Adoptium\jdk-17.0.17.10-hotspot\bin\nio.dll
0x00007ffa7cb90000 - 0x00007ffa7cba0000 	C:\Program Files\Eclipse Adoptium\jdk-17.0.17.10-hotspot\bin\verify.dll
0x00007ffa60e30000 - 0x00007ffa60e57000 	C:\Users\user\.gradle\native\1def1411415f61bf3af743bc5b6707747c0891f09f0c88961ee8f79bc544acac\windows-amd64\native-platform.dll
0x00007ffa52800000 - 0x00007ffa52878000 	C:\Users\user\.gradle\native\0.2.7\x86_64-windows-gnu\gradle-fileevents.dll
0x00007ffa796a0000 - 0x00007ffa796aa000 	C:\Program Files\Eclipse Adoptium\jdk-17.0.17.10-hotspot\bin\management.dll
0x00007ffa762b0000 - 0x00007ffa762bc000 	C:\Program Files\Eclipse Adoptium\jdk-17.0.17.10-hotspot\bin\management_ext.dll
0x00007ffa8f6c0000 - 0x00007ffa8f6c8000 	C:\WINDOWS\System32\PSAPI.DLL
0x00007ffa8d1d0000 - 0x00007ffa8d204000 	C:\WINDOWS\SYSTEM32\IPHLPAPI.DLL
0x00007ffa918b0000 - 0x00007ffa918ba000 	C:\WINDOWS\System32\NSI.dll
0x00007ffa89060000 - 0x00007ffa8907e000 	C:\WINDOWS\SYSTEM32\dhcpcsvc6.DLL
0x00007ffa88fb0000 - 0x00007ffa88fd3000 	C:\WINDOWS\SYSTEM32\dhcpcsvc.DLL
0x00007ffa8d210000 - 0x00007ffa8d33c000 	C:\WINDOWS\SYSTEM32\DNSAPI.dll
0x00007ffa73460000 - 0x00007ffa73469000 	C:\Program Files\Eclipse Adoptium\jdk-17.0.17.10-hotspot\bin\extnet.dll
0x00007ffa8e120000 - 0x00007ffa8e13b000 	C:\WINDOWS\SYSTEM32\CRYPTSP.dll
0x00007ffa8d740000 - 0x00007ffa8d77a000 	C:\WINDOWS\system32\rsaenh.dll
0x00007ffa8dde0000 - 0x00007ffa8de0b000 	C:\WINDOWS\SYSTEM32\USERENV.dll
0x00007ffa8e960000 - 0x00007ffa8e98a000 	C:\WINDOWS\SYSTEM32\bcrypt.dll
0x00007ffa8df80000 - 0x00007ffa8df8c000 	C:\WINDOWS\SYSTEM32\CRYPTBASE.dll
0x00007ffa6e220000 - 0x00007ffa6e22e000 	C:\Program Files\Eclipse Adoptium\jdk-17.0.17.10-hotspot\bin\sunmscapi.dll
0x00007ffa8eaa0000 - 0x00007ffa8ec17000 	C:\WINDOWS\System32\CRYPT32.dll
0x00007ffa8e270000 - 0x00007ffa8e2a0000 	C:\WINDOWS\SYSTEM32\ncrypt.dll
0x00007ffa8e220000 - 0x00007ffa8e25f000 	C:\WINDOWS\SYSTEM32\NTASN1.dll
0x00007ffa89c30000 - 0x00007ffa89c38000 	C:\WINDOWS\system32\wshunix.dll
0x00007ff9c9f50000 - 0x00007ff9c9f68000 	C:\WINDOWS\system32\napinsp.dll
0x00007ff9c9f30000 - 0x00007ff9c9f42000 	C:\WINDOWS\System32\winrnr.dll
0x00007ffa5eca0000 - 0x00007ffa5ecc2000 	C:\WINDOWS\system32\nlansp_c.dll
0x00007ffa75c40000 - 0x00007ffa75c56000 	C:\WINDOWS\system32\wshbth.dll
0x00007ffa84090000 - 0x00007ffa8409b000 	C:\Windows\System32\rasadhlp.dll
0x00007ffa89620000 - 0x00007ffa896a6000 	C:\WINDOWS\System32\fwpuclnt.dll
0x00007ffa80040000 - 0x00007ffa80047000 	C:\Program Files\Eclipse Adoptium\jdk-17.0.17.10-hotspot\bin\rmi.dll

dbghelp: loaded successfully - version: 4.0.5 - missing functions: none
symbol engine: initialized successfully - sym options: 0x614 - pdb path: .;C:\Program Files\Eclipse Adoptium\jdk-17.0.17.10-hotspot\bin;C:\WINDOWS\SYSTEM32;C:\WINDOWS\WinSxS\amd64_microsoft.windows.common-controls_6595b64144ccf1df_6.0.26100.7309_none_3e05feeae336a044;C:\Program Files\Eclipse Adoptium\jdk-17.0.17.10-hotspot\bin\server;C:\Users\user\.gradle\native\1def1411415f61bf3af743bc5b6707747c0891f09f0c88961ee8f79bc544acac\windows-amd64;C:\Users\user\.gradle\native\0.2.7\x86_64-windows-gnu

VM Arguments:
jvm_args: --add-opens=java.base/java.lang=ALL-UNNAMED --add-opens=java.base/java.lang.invoke=ALL-UNNAMED --add-opens=java.base/java.util=ALL-UNNAMED --add-opens=java.prefs/java.util.prefs=ALL-UNNAMED --add-exports=jdk.compiler/com.sun.tools.javac.api=ALL-UNNAMED --add-exports=jdk.compiler/com.sun.tools.javac.util=ALL-UNNAMED --add-opens=java.base/java.util=ALL-UNNAMED --add-opens=java.prefs/java.util.prefs=ALL-UNNAMED --add-opens=java.base/java.nio.charset=ALL-UNNAMED --add-opens=java.base/java.net=ALL-UNNAMED --add-opens=java.base/java.util.concurrent.atomic=ALL-UNNAMED --add-opens=java.xml/javax.xml.namespace=ALL-UNNAMED -XX:MaxMetaspaceSize=4G -XX:ReservedCodeCacheSize=512m -XX:+HeapDumpOnOutOfMemoryError -Xmx8G -Dfile.encoding=windows-1252 -Duser.country=US -Duser.language=en -Duser.variant -javaagent:C:\Users\user\.gradle\wrapper\dists\gradle-8.14-all\c2qonpi39x1mddn7hk5gh9iqj\gradle-8.14\lib\agents\gradle-instrumentation-agent-8.14.jar 
java_command: org.gradle.launcher.daemon.bootstrap.GradleDaemon 8.14
java_class_path (initial): C:\Users\user\.gradle\wrapper\dists\gradle-8.14-all\c2qonpi39x1mddn7hk5gh9iqj\gradle-8.14\lib\gradle-daemon-main-8.14.jar
Launcher Type: SUN_STANDARD

[Global flags]
     intx CICompilerCount                          = 4                                         {product} {ergonomic}
     uint ConcGCThreads                            = 2                                         {product} {ergonomic}
     uint G1ConcRefinementThreads                  = 8                                         {product} {ergonomic}
   size_t G1HeapRegionSize                         = 4194304                                   {product} {ergonomic}
    uintx GCDrainStackTargetSize                   = 64                                        {product} {ergonomic}
     bool HeapDumpOnOutOfMemoryError               = true                                   {manageable} {command line}
   size_t InitialHeapSize                          = 134217728                                 {product} {ergonomic}
   size_t MarkStackSize                            = 4194304                                   {product} {ergonomic}
   size_t MaxHeapSize                              = 8589934592                                {product} {command line}
   size_t MaxMetaspaceSize                         = 4294967296                                {product} {command line}
   size_t MaxNewSize                               = 5150605312                                {product} {ergonomic}
   size_t MinHeapDeltaBytes                        = 4194304                                   {product} {ergonomic}
   size_t MinHeapSize                              = 8388608                                   {product} {ergonomic}
    uintx NonNMethodCodeHeapSize                   = 5839372                                {pd product} {ergonomic}
    uintx NonProfiledCodeHeapSize                  = 265515770                              {pd product} {ergonomic}
    uintx ProfiledCodeHeapSize                     = 265515770                              {pd product} {ergonomic}
    uintx ReservedCodeCacheSize                    = 536870912                              {pd product} {command line}
     bool SegmentedCodeCache                       = true                                      {product} {ergonomic}
   size_t SoftMaxHeapSize                          = 8589934592                             {manageable} {ergonomic}
   double SweeperThreshold                         = 0.234375                                  {product} {ergonomic}
     bool UseCompressedClassPointers               = true                           {product lp64_product} {ergonomic}
     bool UseCompressedOops                        = true                           {product lp64_product} {ergonomic}
     bool UseG1GC                                  = true                                      {product} {ergonomic}
     bool UseLargePagesIndividualAllocation        = false                                  {pd product} {ergonomic}

Logging:
Log output configuration:
 #0: stdout all=warning uptime,level,tags
 #1: stderr all=off uptime,level,tags

Environment Variables:
JAVA_HOME=C:\Program Files\Eclipse Adoptium\jdk-17.0.17.10-hotspot
CLASSPATH=C:\Users\user\Desktop\cours et Tds\pharmacie\android\\gradle\wrapper\gradle-wrapper.jar
PATH=C:\Program Files\Eclipse Adoptium\jdk-17.0.17.10-hotspot\bin;C:\WINDOWS\system32;C:\WINDOWS;C:\WINDOWS\System32\Wbem;C:\WINDOWS\System32\WindowsPowerShell\v1.0\;C:\WINDOWS\System32\OpenSSH\;C:\Program Files (x86)\AOMEI\AOMEI Backupper\6.5.1;C:\Program Files\Git\cmd;C:\ProgramData\chocolatey\bin;C:\Program Files\nodejs\;C:\Program Files\dotnet\;C:\Users\user\AppData\Local\Microsoft\WindowsApps;C:\Users\user\AppData\Local\Programs\Microsoft VS Code\bin;C:\Users\user\AppData\Roaming\npm;C:\Program Files\heroku\bin;C:\ffmpeg\bin;C:\Users\user\Downloads\stripe_1.31.0_windows_x86_64\;C:\Users\user\Downloads\stripe;C:\Users\user\Desktop\flutter\bin;C:\Users\user\AppData\Local\Pub\Cache\bin;
USERNAME=user
OS=Windows_NT
PROCESSOR_IDENTIFIER=Intel64 Family 6 Model 142 Stepping 12, GenuineIntel
TMP=C:\Users\user\AppData\Local\Temp
TEMP=C:\Users\user\AppData\Local\Temp



Periodic native trim disabled


---------------  S Y S T E M  ---------------

OS:
 Windows 11 , 64 bit Build 26100 (10.0.26100.7309)
OS uptime: 24 days 18:19 hours
Hyper-V role detected

CPU: total 8 (initial active 8) (4 cores per cpu, 2 threads per core) family 6 model 142 stepping 12 microcode 0xf0, cx8, cmov, fxsr, ht, mmx, 3dnowpref, sse, sse2, sse3, ssse3, sse4.1, sse4.2, popcnt, lzcnt, tsc, tscinvbit, avx, avx2, aes, erms, clmul, bmi1, bmi2, adx, fma, vzeroupper, clflush, clflushopt, hv
Processor Information for processor 0
  Max Mhz: 1896, Current Mhz: 1496, Mhz Limit: 1592
Processor Information for processor 1
  Max Mhz: 1896, Current Mhz: 1496, Mhz Limit: 1592
Processor Information for processor 2
  Max Mhz: 1896, Current Mhz: 1596, Mhz Limit: 1592
Processor Information for processor 3
  Max Mhz: 1896, Current Mhz: 1596, Mhz Limit: 1592
Processor Information for processor 4
  Max Mhz: 1896, Current Mhz: 1496, Mhz Limit: 1592
Processor Information for processor 5
  Max Mhz: 1896, Current Mhz: 1596, Mhz Limit: 1592
Processor Information for processor 6
  Max Mhz: 1896, Current Mhz: 1596, Mhz Limit: 1592
Processor Information for processor 7
  Max Mhz: 1896, Current Mhz: 1496, Mhz Limit: 1592

Memory: 4k page, system-wide physical 8002M (626M free)
TotalPageFile size 18560M (AvailPageFile size 19M)
current process WorkingSet (physical memory assigned to process): 497M, peak: 651M
current process commit charge ("private bytes"): 810M, peak: 823M

vm_info: OpenJDK 64-Bit Server VM (17.0.17+10) for windows-amd64 JRE (17.0.17+10), built on Oct 21 2025 23:25:32 by "admin" with unknown MS VC++:1942

END.
