#
# There is insufficient memory for the Java Runtime Environment to continue.
# Native memory allocation (malloc) failed to allocate 1048576 bytes. Error detail: AllocateHeap
# Possible reasons:
#   The system is out of physical RAM or swap space
#   This process is running with CompressedOops enabled, and the Java Heap may be blocking the growth of the native heap
# Possible solutions:
#   Reduce memory load on the system
#   Increase physical memory or swap space
#   Check if swap backing store is full
#   Decrease Java heap size (-Xmx/-Xms)
#   Decrease number of Java threads
#   Decrease Java thread stack sizes (-Xss)
#   Set larger code cache with -XX:ReservedCodeCacheSize=
#   JVM is running with Unscaled Compressed Oops mode in which the Java heap is
#     placed in the first 4GB address space. The Java Heap base address is the
#     maximum limit for the native heap growth. Please use -XX:HeapBaseMinAddress
#     to set the Java Heap base and to place the Java Heap above 4GB virtual address.
# This output file may be truncated or incomplete.
#
#  Out of Memory Error (allocation.cpp:44), pid=1908, tid=24132
#
# JRE version:  (21.0.8) (build )
# Java VM: OpenJDK 64-Bit Server VM (21.0.8+-14196175-b1038.72, mixed mode, sharing, tiered, compressed oops, compressed class ptrs, g1 gc, windows-amd64)
# No core dump will be written. Minidumps are not enabled by default on client versions of Windows
#

---------------  S U M M A R Y ------------

Command Line: org.jetbrains.kotlin.cli.jvm.K2JVMCompiler @C:\Users\user\Desktop\flutter\packages\flutter_tools\gradle\build\20260103_10189383254960156167.compiler.options

Host: Intel(R) Core(TM) i5-8365U CPU @ 1.60GHz, 8 cores, 7G,  Windows 11 , 64 bit Build 26100 (10.0.26100.7309)
Time: Sat Jan  3 02:36:51 2026 Romance Standard Time elapsed time: 1.019519 seconds (0d 0h 0m 1s)

---------------  T H R E A D  ---------------

Current thread (0x000001d3f85c0f70):  JavaThread "Unknown thread" [_thread_in_vm, id=24132, stack(0x0000006ab6a00000,0x0000006ab6b00000) (1024K)]

Stack: [0x0000006ab6a00000,0x0000006ab6b00000]
Native frames: (J=compiled Java code, j=interpreted, Vv=VM code, C=native code)
V  [jvm.dll+0x6d68d9]
V  [jvm.dll+0x866693]
V  [jvm.dll+0x868c4e]
V  [jvm.dll+0x869333]
V  [jvm.dll+0x280566]
V  [jvm.dll+0xbaf47]
V  [jvm.dll+0x333455]
V  [jvm.dll+0x32bb31]
V  [jvm.dll+0x82e109]
V  [jvm.dll+0x3bf5c8]
V  [jvm.dll+0x817388]
V  [jvm.dll+0x453b6e]
V  [jvm.dll+0x4552d1]
C  [jli.dll+0x52ab]
C  [ucrtbase.dll+0x37b0]
C  [KERNEL32.DLL+0x2e8d7]
C  [ntdll.dll+0x8c53c]


---------------  P R O C E S S  ---------------

Threads class SMR info:
_java_thread_list=0x00007ffa258ab988, length=0, elements={
}

Java Threads: ( => current thread )
Total: 0

Other Threads:
  0x000001d3fa94ff40 WorkerThread "GC Thread#0"                     [id=6620, stack(0x0000006ab6b00000,0x0000006ab6c00000) (1024K)]

[error occurred during error reporting (printing all threads), id 0xc0000005, EXCEPTION_ACCESS_VIOLATION (0xc0000005) at pc=0x00007ffa25097f80]
VM state: not at safepoint (not fully initialized)

VM Mutex/Monitor currently owned by a thread:  ([mutex/lock_event])
[0x00007ffa259186b8] Heap_lock - owner thread: 0x000001d3f85c0f70

Heap address: 0x0000000082e00000, size: 2002 MB, Compressed Oops mode: 32-bit

CDS archive(s) mapped at: [0x0000000000000000-0x0000000000000000-0x0000000000000000), size 0, SharedBaseAddress: 0x0000000800000000, ArchiveRelocationMode: 1.
Narrow klass base: 0x0000000000000000, Narrow klass shift: 0, Narrow klass range: 0x0

GC Precious Log:
 CardTable entry size: 512
 Card Set container configuration: InlinePtr #cards 5 size 8 Array Of Cards #cards 12 size 40 Howl #buckets 4 coarsen threshold 1843 Howl Bitmap #cards 512 size 80 coarsen threshold 460 Card regions per heap region 1 cards per card region 2048

Heap:
 garbage-first heap   total 0K, used 0K [0x0000000082e00000, 0x0000000100000000)
  region size 1024K, 0 young (0K), 0 survivors (0K)
 Metaspace       used 0K, committed 0K, reserved 0K
  class space    used 0K, committed 0K, reserved 0K

Heap Regions: E=young(eden), S=young(survivor), O=old, HS=humongous(starts), HC=humongous(continues), CS=collection set, F=free, TAMS=top-at-mark-start, PB=parsable bottom

Card table byte_map: [0x000001d3fe170000,0x000001d3fe560000] _byte_map_base: 0x000001d3fdd59000

GC Heap History (0 events):
No events

Dll operation events (1 events):
Event: 0.009 Loaded shared library C:\Program Files\Android\Android Studio\jbr\bin\java.dll

Deoptimization events (0 events):
No events

Classes loaded (0 events):
No events

Classes unloaded (0 events):
No events

Classes redefined (0 events):
No events

Internal exceptions (0 events):
No events

ZGC Phase Switch (0 events):
No events

VM Operations (0 events):
No events

Memory protections (0 events):
No events

Nmethod flushes (0 events):
No events

Events (0 events):
No events


Dynamic libraries:
0x00007ff7a1790000 - 0x00007ff7a179a000 	C:\Program Files\Android\Android Studio\jbr\bin\java.exe
0x00007ffa91920000 - 0x00007ffa91b87000 	C:\WINDOWS\SYSTEM32\ntdll.dll
0x00007ffa904f0000 - 0x00007ffa905b9000 	C:\WINDOWS\System32\KERNEL32.DLL
0x00007ffa8eee0000 - 0x00007ffa8f2cf000 	C:\WINDOWS\System32\KERNELBASE.dll
0x00007ffa8ec20000 - 0x00007ffa8ed6b000 	C:\WINDOWS\System32\ucrtbase.dll
0x00007ffa6f5e0000 - 0x00007ffa6f5fb000 	C:\Program Files\Android\Android Studio\jbr\bin\VCRUNTIME140.dll
0x00007ffa81ad0000 - 0x00007ffa81ae8000 	C:\Program Files\Android\Android Studio\jbr\bin\jli.dll
0x00007ffa8fc30000 - 0x00007ffa8fdf5000 	C:\WINDOWS\System32\USER32.dll
0x00007ffa8ea70000 - 0x00007ffa8ea97000 	C:\WINDOWS\System32\win32u.dll
0x00007ffa78380000 - 0x00007ffa78613000 	C:\WINDOWS\WinSxS\amd64_microsoft.windows.common-controls_6595b64144ccf1df_6.0.26100.7309_none_3e05feeae336a044\COMCTL32.dll
0x00007ffa8fb00000 - 0x00007ffa8fb2b000 	C:\WINDOWS\System32\GDI32.dll
0x00007ffa8f6d0000 - 0x00007ffa8f779000 	C:\WINDOWS\System32\msvcrt.dll
0x00007ffa8f440000 - 0x00007ffa8f56c000 	C:\WINDOWS\System32\gdi32full.dll
0x00007ffa8f2e0000 - 0x00007ffa8f383000 	C:\WINDOWS\System32\msvcp_win.dll
0x00007ffa90af0000 - 0x00007ffa90b21000 	C:\WINDOWS\System32\IMM32.DLL
0x00007ffa89c30000 - 0x00007ffa89c3c000 	C:\Program Files\Android\Android Studio\jbr\bin\vcruntime140_1.dll
0x00007ffa57580000 - 0x00007ffa5760d000 	C:\Program Files\Android\Android Studio\jbr\bin\msvcp140.dll
0x00007ffa24d60000 - 0x00007ffa259f6000 	C:\Program Files\Android\Android Studio\jbr\bin\server\jvm.dll
0x00007ffa90610000 - 0x00007ffa906c4000 	C:\WINDOWS\System32\ADVAPI32.dll
0x00007ffa8fe80000 - 0x00007ffa8ff26000 	C:\WINDOWS\System32\sechost.dll
0x00007ffa90940000 - 0x00007ffa90a58000 	C:\WINDOWS\System32\RPCRT4.dll
0x00007ffa907b0000 - 0x00007ffa90824000 	C:\WINDOWS\System32\WS2_32.dll
0x00007ffa8e8f0000 - 0x00007ffa8e94e000 	C:\WINDOWS\SYSTEM32\POWRPROF.dll
0x00007ffa83ae0000 - 0x00007ffa83aeb000 	C:\WINDOWS\SYSTEM32\VERSION.dll
0x00007ffa787c0000 - 0x00007ffa787f5000 	C:\WINDOWS\SYSTEM32\WINMM.dll
0x00007ffa8e8d0000 - 0x00007ffa8e8e4000 	C:\WINDOWS\SYSTEM32\UMPDC.dll
0x00007ffa8d7e0000 - 0x00007ffa8d7fb000 	C:\WINDOWS\SYSTEM32\kernel.appcore.dll
0x00007ffa81af0000 - 0x00007ffa81afa000 	C:\Program Files\Android\Android Studio\jbr\bin\jimage.dll
0x00007ffa82680000 - 0x00007ffa828c2000 	C:\WINDOWS\SYSTEM32\DBGHELP.DLL
0x00007ffa91460000 - 0x00007ffa917e5000 	C:\WINDOWS\System32\combase.dll
0x00007ffa906d0000 - 0x00007ffa907a6000 	C:\WINDOWS\System32\OLEAUT32.dll
0x00007ffa6df00000 - 0x00007ffa6df3c000 	C:\WINDOWS\SYSTEM32\dbgcore.DLL
0x00007ffa8f390000 - 0x00007ffa8f435000 	C:\WINDOWS\System32\bcryptPrimitives.dll
0x00007ffa6bfc0000 - 0x00007ffa6bfe0000 	C:\Program Files\Android\Android Studio\jbr\bin\java.dll

JVMTI agents: none

dbghelp: loaded successfully - version: 4.0.5 - missing functions: none
symbol engine: initialized successfully - sym options: 0x614 - pdb path: .;C:\Program Files\Android\Android Studio\jbr\bin;C:\WINDOWS\SYSTEM32;C:\WINDOWS\WinSxS\amd64_microsoft.windows.common-controls_6595b64144ccf1df_6.0.26100.7309_none_3e05feeae336a044;C:\Program Files\Android\Android Studio\jbr\bin\server

VM Arguments:
java_command: org.jetbrains.kotlin.cli.jvm.K2JVMCompiler @C:\Users\user\Desktop\flutter\packages\flutter_tools\gradle\build\20260103_10189383254960156167.compiler.options
java_class_path (initial): C:\Users\user\.gradle\caches\modules-2\files-2.1\org.jetbrains.kotlin\kotlin-compiler-embeddable\2.0.21\79346ed53db48b18312a472602eb5c057070c54d\kotlin-compiler-embeddable-2.0.21.jar;C:\Users\user\.gradle\caches\modules-2\files-2.1\org.jetbrains.kotlin\kotlin-stdlib\2.0.21\618b539767b4899b4660a83006e052b63f1db551\kotlin-stdlib-2.0.21.jar;C:\Users\user\.gradle\caches\modules-2\files-2.1\org.jetbrains.kotlin\kotlin-script-runtime\2.0.21\c9b044380ad41f89aa89aa896c2d32a8c0b2129d\kotlin-script-runtime-2.0.21.jar;C:\Users\user\.gradle\caches\modules-2\files-2.1\org.jetbrains.kotlin\kotlin-reflect\1.6.10\1cbe9c92c12a94eea200d23c2bbaedaf3daf5132\kotlin-reflect-1.6.10.jar;C:\Users\user\.gradle\caches\modules-2\files-2.1\org.jetbrains.kotlin\kotlin-daemon-embeddable\2.0.21\c9e933b23287de9b5a17e2116b4657bb91aea72c\kotlin-daemon-embeddable-2.0.21.jar;C:\Users\user\.gradle\caches\modules-2\files-2.1\org.jetbrains.intellij.deps\trove4j\1.0.20200330\3afb14d5f9ceb459d724e907a21145e8ff394f02\trove4j-1.0.20200330.jar;C:\Users\user\.gradle\caches\modules-2\files-2.1\org.jetbrains.kotlinx\kotlinx-coroutines-core-jvm\1.6.4\2c997cd1c0ef33f3e751d3831929aeff1390cb30\kotlinx-coroutines-core-jvm-1.6.4.jar;C:\Users\user\.gradle\caches\modules-2\files-2.1\org.jetbrains\annotations\13.0\919f0dfe192fb4e063e7dacadee7f8bb9a2672a9\annotations-13.0.jar
Launcher Type: SUN_STANDARD

[Global flags]
     intx CICompilerCount                          = 4                                         {product} {ergonomic}
     uint ConcGCThreads                            = 2                                         {product} {ergonomic}
     uint G1ConcRefinementThreads                  = 8                                         {product} {ergonomic}
   size_t G1HeapRegionSize                         = 1048576                                   {product} {ergonomic}
    uintx GCDrainStackTargetSize                   = 64                                        {product} {ergonomic}
   size_t InitialHeapSize                          = 132120576                                 {product} {ergonomic}
   size_t MarkStackSize                            = 4194304                                   {product} {ergonomic}
   size_t MaxHeapSize                              = 2099249152                                {product} {ergonomic}
   size_t MinHeapDeltaBytes                        = 1048576                                   {product} {ergonomic}
   size_t MinHeapSize                              = 8388608                                   {product} {ergonomic}
    uintx NonNMethodCodeHeapSize                   = 5839372                                {pd product} {ergonomic}
    uintx NonProfiledCodeHeapSize                  = 122909434                              {pd product} {ergonomic}
    uintx ProfiledCodeHeapSize                     = 122909434                              {pd product} {ergonomic}
    uintx ReservedCodeCacheSize                    = 251658240                              {pd product} {ergonomic}
     bool SegmentedCodeCache                       = true                                      {product} {ergonomic}
   size_t SoftMaxHeapSize                          = 2099249152                             {manageable} {ergonomic}
     bool UseCompressedOops                        = true                           {product lp64_product} {ergonomic}
     bool UseG1GC                                  = true                                      {product} {ergonomic}
     bool UseLargePagesIndividualAllocation        = false                                  {pd product} {ergonomic}

Logging:
Log output configuration:
 #0: stdout all=warning uptime,level,tags foldmultilines=false
 #1: stderr all=off uptime,level,tags foldmultilines=false

Environment Variables:
JAVA_HOME=C:\Program Files\Android\Android Studio\jbr
CLASSPATH=C:\Users\user\Desktop\cours et Tds\pharmacie\android\\gradle\wrapper\gradle-wrapper.jar
PATH=C:\Program Files\Android\Android Studio\jbr\bin;C:\Users\user\Desktop\flutter\bin\;C:\WINDOWS\system32;C:\WINDOWS;C:\WINDOWS\System32\Wbem;C:\WINDOWS\System32\WindowsPowerShell\v1.0\;C:\WINDOWS\System32\OpenSSH\;C:\Program Files (x86)\AOMEI\AOMEI Backupper\6.5.1;C:\Program Files\Git\cmd;C:\ProgramData\chocolatey\bin;C:\Program Files\nodejs\;C:\Program Files\dotnet\;C:\Users\user\AppData\Local\Microsoft\WindowsApps;C:\Users\user\AppData\Local\Programs\Microsoft VS Code\bin;C:\Users\user\AppData\Roaming\npm;C:\Program Files\heroku\bin;C:\ffmpeg\bin;C:\Users\user\Downloads\stripe_1.31.0_windows_x86_64\;C:\Users\user\Downloads\stripe;C:\Users\user\Desktop\flutter\bin;C:\Users\user\AppData\Local\Pub\Cache\bin;
USERNAME=user
LANG=en_US.UTF-8
OS=Windows_NT
PROCESSOR_IDENTIFIER=Intel64 Family 6 Model 142 Stepping 12, GenuineIntel
TMP=C:\Users\user\AppData\Local\Temp
TEMP=C:\Users\user\AppData\Local\Temp




Periodic native trim disabled

JNI global refs:
JNI global refs: 0, weak refs: 0

JNI global refs memory usage: 0, weak refs: 0

Process memory usage:
Resident Set Size: 12668K (0% of 8194560K total physical memory with 888832K free physical memory)

OOME stack traces (most recent first):
Classloader memory used:

---------------  S Y S T E M  ---------------

OS:
 Windows 11 , 64 bit Build 26100 (10.0.26100.7309)
OS uptime: 24 days 2:24 hours
Hyper-V role detected

CPU: total 8 (initial active 8) (4 cores per cpu, 2 threads per core) family 6 model 142 stepping 12 microcode 0xf0, cx8, cmov, fxsr, ht, mmx, 3dnowpref, sse, sse2, sse3, ssse3, sse4.1, sse4.2, popcnt, lzcnt, tsc, tscinvbit, avx, avx2, aes, erms, clmul, bmi1, bmi2, adx, fma, vzeroupper, clflush, clflushopt, hv, rdtscp, f16c
Processor Information for the first 8 processors :
  Max Mhz: 1896, Current Mhz: 1596, Mhz Limit: 1592

Memory: 4k page, system-wide physical 8002M (868M free)
TotalPageFile size 18560M (AvailPageFile size 3M)
current process WorkingSet (physical memory assigned to process): 12M, peak: 12M
current process commit charge ("private bytes"): 56M, peak: 57M

vm_info: OpenJDK 64-Bit Server VM (21.0.8+-14196175-b1038.72) for windows-amd64 JRE (21.0.8+-14196175-b1038.72), built on 2025-10-01T10:24:33Z by "builder" with MS VC++ 16.10 / 16.11 (VS2019)

END.
