#
# There is insufficient memory for the Java Runtime Environment to continue.
# Native memory allocation (malloc) failed to allocate 1002096 bytes. Error detail: Chunk::new
# Possible reasons:
#   The system is out of physical RAM or swap space
#   This process is running with CompressedOops enabled, and the Java Heap may be blocking the growth of the native heap
# Possible solutions:
#   Reduce memory load on the system
#   Increase physical memory or swap space
#   Check if swap backing store is full
#   Decrease Java heap size (-Xmx/-Xms)
#   Decrease number of Java threads
#   Decrease Java thread stack sizes (-Xss)
#   Set larger code cache with -XX:ReservedCodeCacheSize=
#   JVM is running with Unscaled Compressed Oops mode in which the Java heap is
#     placed in the first 4GB address space. The Java Heap base address is the
#     maximum limit for the native heap growth. Please use -XX:HeapBaseMinAddress
#     to set the Java Heap base and to place the Java Heap above 4GB virtual address.
# This output file may be truncated or incomplete.
#
#  Out of Memory Error (arena.cpp:168), pid=27200, tid=13032
#
# JRE version: OpenJDK Runtime Environment (21.0.8) (build 21.0.8+-14196175-b1038.72)
# Java VM: OpenJDK 64-Bit Server VM (21.0.8+-14196175-b1038.72, mixed mode, tiered, compressed oops, compressed class ptrs, g1 gc, windows-amd64)
# No core dump will be written. Minidumps are not enabled by default on client versions of Windows
#

---------------  S U M M A R Y ------------

Command Line: org.jetbrains.kotlin.cli.jvm.K2JVMCompiler @C:\Users\user\Desktop\flutter\packages\flutter_tools\gradle\build\20260103_13491155481332274390.compiler.options

Host: Intel(R) Core(TM) i5-8365U CPU @ 1.60GHz, 8 cores, 7G,  Windows 11 , 64 bit Build 26100 (10.0.26100.7309)
Time: Sat Jan  3 02:40:08 2026 Romance Standard Time elapsed time: 42.629037 seconds (0d 0h 0m 42s)

---------------  T H R E A D  ---------------

Current thread (0x0000020a1b2dd9a0):  JavaThread "C2 CompilerThread0" daemon [_thread_in_native, id=13032, stack(0x0000001d4a600000,0x0000001d4a700000) (1024K)]


Current CompileTask:
C2:42629 19428       4       org.jetbrains.kotlin.load.kotlin.TypeSignatureMappingKt::mapBuiltInType (336 bytes)

Stack: [0x0000001d4a600000,0x0000001d4a700000]
Native frames: (J=compiled Java code, j=interpreted, Vv=VM code, C=native code)
V  [jvm.dll+0x6d68d9]
V  [jvm.dll+0x866693]
V  [jvm.dll+0x868c4e]
V  [jvm.dll+0x869333]
V  [jvm.dll+0x280566]
V  [jvm.dll+0xc07cd]
V  [jvm.dll+0xc0d03]
V  [jvm.dll+0x3b95e1]
V  [jvm.dll+0x385507]
V  [jvm.dll+0x38497a]
V  [jvm.dll+0x249252]
V  [jvm.dll+0x248821]
V  [jvm.dll+0x1c73a4]
V  [jvm.dll+0x257f9e]
V  [jvm.dll+0x2564e6]
V  [jvm.dll+0x3f4696]
V  [jvm.dll+0x80eac8]
V  [jvm.dll+0x6d512d]
C  [ucrtbase.dll+0x37b0]
C  [KERNEL32.DLL+0x2e8d7]
C  [ntdll.dll+0x8c53c]


---------------  P R O C E S S  ---------------

Threads class SMR info:
_java_thread_list=0x0000020a25981330, length=13, elements={
0x0000020a018780c0, 0x0000020a1b282440, 0x0000020a1b2bb250, 0x0000020a1b2bc820,
0x0000020a1b2d1870, 0x0000020a1b2d22d0, 0x0000020a1b2d6240, 0x0000020a1b2c88c0,
0x0000020a1b2dd9a0, 0x0000020a1b2e4f80, 0x0000020a1b4a01f0, 0x0000020a27296480,
0x0000020a27297fc0
}

Java Threads: ( => current thread )
  0x0000020a018780c0 JavaThread "main"                              [_thread_in_native, id=19844, stack(0x0000001d49700000,0x0000001d49800000) (1024K)]
  0x0000020a1b282440 JavaThread "Common-Cleaner"             daemon [_thread_blocked, id=7752, stack(0x0000001d49f00000,0x0000001d4a000000) (1024K)]
  0x0000020a1b2bb250 JavaThread "Reference Handler"          daemon [_thread_blocked, id=3536, stack(0x0000001d4a000000,0x0000001d4a100000) (1024K)]
  0x0000020a1b2bc820 JavaThread "Finalizer"                  daemon [_thread_blocked, id=20440, stack(0x0000001d4a100000,0x0000001d4a200000) (1024K)]
  0x0000020a1b2d1870 JavaThread "Signal Dispatcher"          daemon [_thread_blocked, id=18932, stack(0x0000001d4a200000,0x0000001d4a300000) (1024K)]
  0x0000020a1b2d22d0 JavaThread "Attach Listener"            daemon [_thread_blocked, id=2492, stack(0x0000001d4a300000,0x0000001d4a400000) (1024K)]
  0x0000020a1b2d6240 JavaThread "Service Thread"             daemon [_thread_blocked, id=704, stack(0x0000001d4a400000,0x0000001d4a500000) (1024K)]
  0x0000020a1b2c88c0 JavaThread "Monitor Deflation Thread"   daemon [_thread_blocked, id=10396, stack(0x0000001d4a500000,0x0000001d4a600000) (1024K)]
=>0x0000020a1b2dd9a0 JavaThread "C2 CompilerThread0"         daemon [_thread_in_native, id=13032, stack(0x0000001d4a600000,0x0000001d4a700000) (1024K)]
  0x0000020a1b2e4f80 JavaThread "C1 CompilerThread0"         daemon [_thread_blocked, id=25656, stack(0x0000001d4a700000,0x0000001d4a800000) (1024K)]
  0x0000020a1b4a01f0 JavaThread "Notification Thread"        daemon [_thread_blocked, id=1660, stack(0x0000001d4a800000,0x0000001d4a900000) (1024K)]
  0x0000020a27296480 JavaThread "C2 CompilerThread1"         daemon [_thread_in_native, id=24156, stack(0x0000001d49500000,0x0000001d49600000) (1024K)]
  0x0000020a27297fc0 JavaThread "C2 CompilerThread2"         daemon [_thread_in_native, id=3516, stack(0x0000001d49600000,0x0000001d49700000) (1024K)]
Total: 13

Other Threads:
  0x0000020a1b0e6460 VMThread "VM Thread"                           [id=22068, stack(0x0000001d49e00000,0x0000001d49f00000) (1024K)]
  0x0000020a1b0a1a20 WatcherThread "VM Periodic Task Thread"        [id=6752, stack(0x0000001d49d00000,0x0000001d49e00000) (1024K)]
  0x0000020a03b3f3c0 WorkerThread "GC Thread#0"                     [id=17644, stack(0x0000001d49800000,0x0000001d49900000) (1024K)]
  0x0000020a1bc9f060 WorkerThread "GC Thread#1"                     [id=3356, stack(0x0000001d4aa00000,0x0000001d4ab00000) (1024K)]
  0x0000020a1bc9f400 WorkerThread "GC Thread#2"                     [id=14804, stack(0x0000001d4ab00000,0x0000001d4ac00000) (1024K)]
  0x0000020a1bc89810 WorkerThread "GC Thread#3"                     [id=25040, stack(0x0000001d4ac00000,0x0000001d4ad00000) (1024K)]
  0x0000020a1bc89bb0 WorkerThread "GC Thread#4"                     [id=23080, stack(0x0000001d4ad00000,0x0000001d4ae00000) (1024K)]
  0x0000020a1bc89f50 WorkerThread "GC Thread#5"                     [id=24800, stack(0x0000001d4ae00000,0x0000001d4af00000) (1024K)]
  0x0000020a1bd43580 WorkerThread "GC Thread#6"                     [id=20884, stack(0x0000001d4a900000,0x0000001d4aa00000) (1024K)]
  0x0000020a1bd42700 WorkerThread "GC Thread#7"                     [id=27408, stack(0x0000001d4af00000,0x0000001d4b000000) (1024K)]
  0x0000020a03b50c20 ConcurrentGCThread "G1 Main Marker"            [id=11884, stack(0x0000001d49900000,0x0000001d49a00000) (1024K)]
  0x0000020a03b51ec0 WorkerThread "G1 Conc#0"                       [id=3028, stack(0x0000001d49a00000,0x0000001d49b00000) (1024K)]
  0x0000020a1bd42360 WorkerThread "G1 Conc#1"                       [id=25684, stack(0x0000001d4b000000,0x0000001d4b100000) (1024K)]
  0x0000020a03bae850 ConcurrentGCThread "G1 Refine#0"               [id=7320, stack(0x0000001d49b00000,0x0000001d49c00000) (1024K)]
  0x0000020a1af71550 ConcurrentGCThread "G1 Service"                [id=27012, stack(0x0000001d49c00000,0x0000001d49d00000) (1024K)]
Total: 15

Threads with active compile tasks:
C2 CompilerThread0  42664 19428       4       org.jetbrains.kotlin.load.kotlin.TypeSignatureMappingKt::mapBuiltInType (336 bytes)
C2 CompilerThread1  42664 19453       4       org.jetbrains.kotlin.codegen.optimization.DeadCodeEliminationMethodTransformer::transform (116 bytes)
C2 CompilerThread2  42664 19438 %     4       org.jetbrains.kotlin.codegen.optimization.temporaryVals.TemporaryVariablesEliminationTransformer::simplifyTrivialInstructions @ 13 (453 bytes)
Total: 3

VM state: not at safepoint (normal execution)

VM Mutex/Monitor currently owned by a thread: None

Heap address: 0x0000000082e00000, size: 2002 MB, Compressed Oops mode: 32-bit

CDS archive(s) not mapped
Compressed class space mapped at: 0x0000000100000000-0x0000000140000000, reserved size: 1073741824
Narrow klass base: 0x0000000000000000, Narrow klass shift: 3, Narrow klass range: 0x140000000

GC Precious Log:
 CardTable entry size: 512
 Card Set container configuration: InlinePtr #cards 5 size 8 Array Of Cards #cards 12 size 40 Howl #buckets 4 coarsen threshold 1843 Howl Bitmap #cards 512 size 80 coarsen threshold 460 Card regions per heap region 1 cards per card region 2048
 CPUs: 8 total, 8 available
 Memory: 8002M
 Large Page Support: Disabled
 NUMA Support: Disabled
 Compressed Oops: Enabled (32-bit)
 Heap Region Size: 1M
 Heap Min Capacity: 8M
 Heap Initial Capacity: 126M
 Heap Max Capacity: 2002M
 Pre-touch: Disabled
 Parallel Workers: 8
 Concurrent Workers: 2
 Concurrent Refinement Workers: 8
 Periodic GC: Disabled

Heap:
 garbage-first heap   total 169984K, used 138240K [0x0000000082e00000, 0x0000000100000000)
  region size 1024K, 48 young (49152K), 8 survivors (8192K)
 Metaspace       used 92321K, committed 93248K, reserved 1179648K
  class space    used 9847K, committed 10304K, reserved 1048576K

Heap Regions: E=young(eden), S=young(survivor), O=old, HS=humongous(starts), HC=humongous(continues), CS=collection set, F=free, TAMS=top-at-mark-start, PB=parsable bottom
|   0|0x0000000082e00000, 0x0000000082f00000, 0x0000000082f00000|100%|HS|  |TAMS 0x0000000082e00000| PB 0x0000000082e00000| Complete 
|   1|0x0000000082f00000, 0x0000000083000000, 0x0000000083000000|100%|HC|  |TAMS 0x0000000082f00000| PB 0x0000000082f00000| Complete 
|   2|0x0000000083000000, 0x0000000083100000, 0x0000000083100000|100%|HC|  |TAMS 0x0000000083000000| PB 0x0000000083000000| Complete 
|   3|0x0000000083100000, 0x0000000083200000, 0x0000000083200000|100%| O|  |TAMS 0x0000000083100000| PB 0x0000000083100000| Untracked 
|   4|0x0000000083200000, 0x0000000083300000, 0x0000000083300000|100%| O|  |TAMS 0x0000000083200000| PB 0x0000000083200000| Untracked 
|   5|0x0000000083300000, 0x0000000083400000, 0x0000000083400000|100%| O|  |TAMS 0x0000000083300000| PB 0x0000000083300000| Untracked 
|   6|0x0000000083400000, 0x0000000083500000, 0x0000000083500000|100%| O|  |TAMS 0x0000000083400000| PB 0x0000000083400000| Untracked 
|   7|0x0000000083500000, 0x0000000083600000, 0x0000000083600000|100%| O|  |TAMS 0x0000000083500000| PB 0x0000000083500000| Untracked 
|   8|0x0000000083600000, 0x0000000083700000, 0x0000000083700000|100%|HS|  |TAMS 0x0000000083600000| PB 0x0000000083600000| Complete 
|   9|0x0000000083700000, 0x0000000083800000, 0x0000000083800000|100%|HS|  |TAMS 0x0000000083700000| PB 0x0000000083700000| Complete 
|  10|0x0000000083800000, 0x0000000083900000, 0x0000000083900000|100%|HS|  |TAMS 0x0000000083800000| PB 0x0000000083800000| Complete 
|  11|0x0000000083900000, 0x0000000083a00000, 0x0000000083a00000|100%|HC|  |TAMS 0x0000000083900000| PB 0x0000000083900000| Complete 
|  12|0x0000000083a00000, 0x0000000083b00000, 0x0000000083b00000|100%|HS|  |TAMS 0x0000000083a00000| PB 0x0000000083a00000| Complete 
|  13|0x0000000083b00000, 0x0000000083c00000, 0x0000000083c00000|100%| O|  |TAMS 0x0000000083b00000| PB 0x0000000083b00000| Untracked 
|  14|0x0000000083c00000, 0x0000000083d00000, 0x0000000083d00000|100%| O|  |TAMS 0x0000000083c00000| PB 0x0000000083c00000| Untracked 
|  15|0x0000000083d00000, 0x0000000083e00000, 0x0000000083e00000|100%| O|  |TAMS 0x0000000083d00000| PB 0x0000000083d00000| Untracked 
|  16|0x0000000083e00000, 0x0000000083f00000, 0x0000000083f00000|100%| O|  |TAMS 0x0000000083e00000| PB 0x0000000083e00000| Untracked 
|  17|0x0000000083f00000, 0x0000000084000000, 0x0000000084000000|100%| O|  |TAMS 0x0000000083f00000| PB 0x0000000083f00000| Untracked 
|  18|0x0000000084000000, 0x0000000084100000, 0x0000000084100000|100%| O|  |TAMS 0x0000000084000000| PB 0x0000000084000000| Untracked 
|  19|0x0000000084100000, 0x0000000084200000, 0x0000000084200000|100%| O|  |TAMS 0x0000000084100000| PB 0x0000000084100000| Untracked 
|  20|0x0000000084200000, 0x0000000084300000, 0x0000000084300000|100%| O|  |TAMS 0x0000000084200000| PB 0x0000000084200000| Untracked 
|  21|0x0000000084300000, 0x0000000084400000, 0x0000000084400000|100%| O|  |TAMS 0x0000000084300000| PB 0x0000000084300000| Untracked 
|  22|0x0000000084400000, 0x0000000084500000, 0x0000000084500000|100%| O|  |TAMS 0x0000000084400000| PB 0x0000000084400000| Untracked 
|  23|0x0000000084500000, 0x0000000084600000, 0x0000000084600000|100%| O|  |TAMS 0x0000000084500000| PB 0x0000000084500000| Untracked 
|  24|0x0000000084600000, 0x0000000084700000, 0x0000000084700000|100%| O|  |TAMS 0x0000000084600000| PB 0x0000000084600000| Untracked 
|  25|0x0000000084700000, 0x0000000084800000, 0x0000000084800000|100%| O|  |TAMS 0x0000000084700000| PB 0x0000000084700000| Untracked 
|  26|0x0000000084800000, 0x0000000084900000, 0x0000000084900000|100%| O|  |TAMS 0x0000000084800000| PB 0x0000000084800000| Untracked 
|  27|0x0000000084900000, 0x0000000084a00000, 0x0000000084a00000|100%| O|  |TAMS 0x0000000084900000| PB 0x0000000084900000| Untracked 
|  28|0x0000000084a00000, 0x0000000084b00000, 0x0000000084b00000|100%| O|  |TAMS 0x0000000084a00000| PB 0x0000000084a00000| Untracked 
|  29|0x0000000084b00000, 0x0000000084c00000, 0x0000000084c00000|100%| O|  |TAMS 0x0000000084b00000| PB 0x0000000084b00000| Untracked 
|  30|0x0000000084c00000, 0x0000000084d00000, 0x0000000084d00000|100%| O|  |TAMS 0x0000000084c00000| PB 0x0000000084c00000| Untracked 
|  31|0x0000000084d00000, 0x0000000084e00000, 0x0000000084e00000|100%| O|  |TAMS 0x0000000084d00000| PB 0x0000000084d00000| Untracked 
|  32|0x0000000084e00000, 0x0000000084f00000, 0x0000000084f00000|100%| O|  |TAMS 0x0000000084e00000| PB 0x0000000084e00000| Untracked 
|  33|0x0000000084f00000, 0x0000000085000000, 0x0000000085000000|100%| O|  |TAMS 0x0000000084f00000| PB 0x0000000084f00000| Untracked 
|  34|0x0000000085000000, 0x0000000085100000, 0x0000000085100000|100%| O|  |TAMS 0x0000000085000000| PB 0x0000000085000000| Untracked 
|  35|0x0000000085100000, 0x0000000085200000, 0x0000000085200000|100%|HS|  |TAMS 0x0000000085100000| PB 0x0000000085100000| Complete 
|  36|0x0000000085200000, 0x0000000085300000, 0x0000000085300000|100%|HC|  |TAMS 0x0000000085200000| PB 0x0000000085200000| Complete 
|  37|0x0000000085300000, 0x0000000085400000, 0x0000000085400000|100%|HC|  |TAMS 0x0000000085300000| PB 0x0000000085300000| Complete 
|  38|0x0000000085400000, 0x0000000085500000, 0x0000000085500000|100%|HC|  |TAMS 0x0000000085400000| PB 0x0000000085400000| Complete 
|  39|0x0000000085500000, 0x0000000085600000, 0x0000000085600000|100%|HC|  |TAMS 0x0000000085500000| PB 0x0000000085500000| Complete 
|  40|0x0000000085600000, 0x0000000085700000, 0x0000000085700000|100%|HC|  |TAMS 0x0000000085600000| PB 0x0000000085600000| Complete 
|  41|0x0000000085700000, 0x0000000085800000, 0x0000000085800000|100%| O|  |TAMS 0x0000000085700000| PB 0x0000000085700000| Untracked 
|  42|0x0000000085800000, 0x0000000085900000, 0x0000000085900000|100%| O|  |TAMS 0x0000000085800000| PB 0x0000000085800000| Untracked 
|  43|0x0000000085900000, 0x0000000085a00000, 0x0000000085a00000|100%| O|  |TAMS 0x0000000085900000| PB 0x0000000085900000| Untracked 
|  44|0x0000000085a00000, 0x0000000085b00000, 0x0000000085b00000|100%| O|  |TAMS 0x0000000085a00000| PB 0x0000000085a00000| Untracked 
|  45|0x0000000085b00000, 0x0000000085c00000, 0x0000000085c00000|100%| O|  |TAMS 0x0000000085b00000| PB 0x0000000085b00000| Untracked 
|  46|0x0000000085c00000, 0x0000000085d00000, 0x0000000085d00000|100%| O|  |TAMS 0x0000000085c00000| PB 0x0000000085c00000| Untracked 
|  47|0x0000000085d00000, 0x0000000085e00000, 0x0000000085e00000|100%| O|  |TAMS 0x0000000085d00000| PB 0x0000000085d00000| Untracked 
|  48|0x0000000085e00000, 0x0000000085f00000, 0x0000000085f00000|100%| O|  |TAMS 0x0000000085e00000| PB 0x0000000085e00000| Untracked 
|  49|0x0000000085f00000, 0x0000000086000000, 0x0000000086000000|100%| O|  |TAMS 0x0000000085f00000| PB 0x0000000085f00000| Untracked 
|  50|0x0000000086000000, 0x0000000086100000, 0x0000000086100000|100%| O|  |TAMS 0x0000000086000000| PB 0x0000000086000000| Untracked 
|  51|0x0000000086100000, 0x0000000086100000, 0x0000000086200000|  0%| F|  |TAMS 0x0000000086100000| PB 0x0000000086100000| Untracked 
|  52|0x0000000086200000, 0x0000000086300000, 0x0000000086300000|100%| O|  |TAMS 0x0000000086200000| PB 0x0000000086200000| Untracked 
|  53|0x0000000086300000, 0x0000000086400000, 0x0000000086400000|100%| O|  |TAMS 0x0000000086300000| PB 0x0000000086300000| Untracked 
|  54|0x0000000086400000, 0x0000000086500000, 0x0000000086500000|100%| O|  |TAMS 0x0000000086400000| PB 0x0000000086400000| Untracked 
|  55|0x0000000086500000, 0x0000000086600000, 0x0000000086600000|100%| O|  |TAMS 0x0000000086500000| PB 0x0000000086500000| Untracked 
|  56|0x0000000086600000, 0x0000000086700000, 0x0000000086700000|100%| O|  |TAMS 0x0000000086600000| PB 0x0000000086600000| Untracked 
|  57|0x0000000086700000, 0x0000000086800000, 0x0000000086800000|100%| O|  |TAMS 0x0000000086700000| PB 0x0000000086700000| Untracked 
|  58|0x0000000086800000, 0x0000000086900000, 0x0000000086900000|100%| O|  |TAMS 0x0000000086800000| PB 0x0000000086800000| Untracked 
|  59|0x0000000086900000, 0x0000000086a00000, 0x0000000086a00000|100%| O|  |TAMS 0x0000000086900000| PB 0x0000000086900000| Untracked 
|  60|0x0000000086a00000, 0x0000000086b00000, 0x0000000086b00000|100%| O|  |TAMS 0x0000000086a00000| PB 0x0000000086a00000| Untracked 
|  61|0x0000000086b00000, 0x0000000086c00000, 0x0000000086c00000|100%| O|  |TAMS 0x0000000086b00000| PB 0x0000000086b00000| Untracked 
|  62|0x0000000086c00000, 0x0000000086d00000, 0x0000000086d00000|100%| O|  |TAMS 0x0000000086c00000| PB 0x0000000086c00000| Untracked 
|  63|0x0000000086d00000, 0x0000000086e00000, 0x0000000086e00000|100%| O|  |TAMS 0x0000000086d00000| PB 0x0000000086d00000| Untracked 
|  64|0x0000000086e00000, 0x0000000086f00000, 0x0000000086f00000|100%| O|  |TAMS 0x0000000086e00000| PB 0x0000000086e00000| Untracked 
|  65|0x0000000086f00000, 0x0000000087000000, 0x0000000087000000|100%| O|  |TAMS 0x0000000086f00000| PB 0x0000000086f00000| Untracked 
|  66|0x0000000087000000, 0x0000000087100000, 0x0000000087100000|100%| O|  |TAMS 0x0000000087000000| PB 0x0000000087000000| Untracked 
|  67|0x0000000087100000, 0x0000000087200000, 0x0000000087200000|100%| O|  |TAMS 0x0000000087100000| PB 0x0000000087100000| Untracked 
|  68|0x0000000087200000, 0x0000000087300000, 0x0000000087300000|100%| O|  |TAMS 0x0000000087200000| PB 0x0000000087200000| Untracked 
|  69|0x0000000087300000, 0x0000000087400000, 0x0000000087400000|100%| O|  |TAMS 0x0000000087300000| PB 0x0000000087300000| Untracked 
|  70|0x0000000087400000, 0x0000000087500000, 0x0000000087500000|100%| O|  |TAMS 0x0000000087400000| PB 0x0000000087400000| Untracked 
|  71|0x0000000087500000, 0x0000000087600000, 0x0000000087600000|100%| O|  |TAMS 0x0000000087500000| PB 0x0000000087500000| Untracked 
|  72|0x0000000087600000, 0x0000000087700000, 0x0000000087700000|100%| O|  |TAMS 0x0000000087600000| PB 0x0000000087600000| Untracked 
|  73|0x0000000087700000, 0x0000000087800000, 0x0000000087800000|100%| O|  |TAMS 0x0000000087700000| PB 0x0000000087700000| Untracked 
|  74|0x0000000087800000, 0x0000000087800000, 0x0000000087900000|  0%| F|  |TAMS 0x0000000087800000| PB 0x0000000087800000| Untracked 
|  75|0x0000000087900000, 0x0000000087a00000, 0x0000000087a00000|100%| O|  |TAMS 0x0000000087900000| PB 0x0000000087900000| Untracked 
|  76|0x0000000087a00000, 0x0000000087b00000, 0x0000000087b00000|100%| O|  |TAMS 0x0000000087a00000| PB 0x0000000087a00000| Untracked 
|  77|0x0000000087b00000, 0x0000000087c00000, 0x0000000087c00000|100%| O|  |TAMS 0x0000000087b00000| PB 0x0000000087b00000| Untracked 
|  78|0x0000000087c00000, 0x0000000087d00000, 0x0000000087d00000|100%| O|  |TAMS 0x0000000087c00000| PB 0x0000000087c00000| Untracked 
|  79|0x0000000087d00000, 0x0000000087e00000, 0x0000000087e00000|100%| O|  |TAMS 0x0000000087d00000| PB 0x0000000087d00000| Untracked 
|  80|0x0000000087e00000, 0x0000000087f00000, 0x0000000087f00000|100%| O|  |TAMS 0x0000000087e00000| PB 0x0000000087e00000| Untracked 
|  81|0x0000000087f00000, 0x0000000088000000, 0x0000000088000000|100%| O|  |TAMS 0x0000000087f00000| PB 0x0000000087f00000| Untracked 
|  82|0x0000000088000000, 0x0000000088000000, 0x0000000088100000|  0%| F|  |TAMS 0x0000000088000000| PB 0x0000000088000000| Untracked 
|  83|0x0000000088100000, 0x0000000088200000, 0x0000000088200000|100%| O|  |TAMS 0x0000000088100000| PB 0x0000000088100000| Untracked 
|  84|0x0000000088200000, 0x0000000088200000, 0x0000000088300000|  0%| F|  |TAMS 0x0000000088200000| PB 0x0000000088200000| Untracked 
|  85|0x0000000088300000, 0x0000000088400000, 0x0000000088400000|100%| O|  |TAMS 0x0000000088300000| PB 0x0000000088300000| Untracked 
|  86|0x0000000088400000, 0x0000000088500000, 0x0000000088500000|100%| O|  |TAMS 0x0000000088400000| PB 0x0000000088400000| Untracked 
|  87|0x0000000088500000, 0x0000000088600000, 0x0000000088600000|100%| O|  |TAMS 0x0000000088500000| PB 0x0000000088500000| Untracked 
|  88|0x0000000088600000, 0x0000000088600000, 0x0000000088700000|  0%| F|  |TAMS 0x0000000088600000| PB 0x0000000088600000| Untracked 
|  89|0x0000000088700000, 0x0000000088700000, 0x0000000088800000|  0%| F|  |TAMS 0x0000000088700000| PB 0x0000000088700000| Untracked 
|  90|0x0000000088800000, 0x0000000088800000, 0x0000000088900000|  0%| F|  |TAMS 0x0000000088800000| PB 0x0000000088800000| Untracked 
|  91|0x0000000088900000, 0x0000000088900000, 0x0000000088a00000|  0%| F|  |TAMS 0x0000000088900000| PB 0x0000000088900000| Untracked 
|  92|0x0000000088a00000, 0x0000000088a00000, 0x0000000088b00000|  0%| F|  |TAMS 0x0000000088a00000| PB 0x0000000088a00000| Untracked 
|  93|0x0000000088b00000, 0x0000000088c00000, 0x0000000088c00000|100%| S|CS|TAMS 0x0000000088b00000| PB 0x0000000088b00000| Complete 
|  94|0x0000000088c00000, 0x0000000088d00000, 0x0000000088d00000|100%| S|CS|TAMS 0x0000000088c00000| PB 0x0000000088c00000| Complete 
|  95|0x0000000088d00000, 0x0000000088e00000, 0x0000000088e00000|100%| S|CS|TAMS 0x0000000088d00000| PB 0x0000000088d00000| Complete 
|  96|0x0000000088e00000, 0x0000000088f00000, 0x0000000088f00000|100%| S|CS|TAMS 0x0000000088e00000| PB 0x0000000088e00000| Complete 
|  97|0x0000000088f00000, 0x0000000089000000, 0x0000000089000000|100%| S|CS|TAMS 0x0000000088f00000| PB 0x0000000088f00000| Complete 
|  98|0x0000000089000000, 0x0000000089100000, 0x0000000089100000|100%| S|CS|TAMS 0x0000000089000000| PB 0x0000000089000000| Complete 
|  99|0x0000000089100000, 0x0000000089200000, 0x0000000089200000|100%| S|CS|TAMS 0x0000000089100000| PB 0x0000000089100000| Complete 
| 100|0x0000000089200000, 0x0000000089300000, 0x0000000089300000|100%| S|CS|TAMS 0x0000000089200000| PB 0x0000000089200000| Complete 
| 101|0x0000000089300000, 0x0000000089300000, 0x0000000089400000|  0%| F|  |TAMS 0x0000000089300000| PB 0x0000000089300000| Untracked 
| 102|0x0000000089400000, 0x0000000089400000, 0x0000000089500000|  0%| F|  |TAMS 0x0000000089400000| PB 0x0000000089400000| Untracked 
| 103|0x0000000089500000, 0x0000000089500000, 0x0000000089600000|  0%| F|  |TAMS 0x0000000089500000| PB 0x0000000089500000| Untracked 
| 104|0x0000000089600000, 0x0000000089600000, 0x0000000089700000|  0%| F|  |TAMS 0x0000000089600000| PB 0x0000000089600000| Untracked 
| 105|0x0000000089700000, 0x0000000089700000, 0x0000000089800000|  0%| F|  |TAMS 0x0000000089700000| PB 0x0000000089700000| Untracked 
| 106|0x0000000089800000, 0x0000000089800000, 0x0000000089900000|  0%| F|  |TAMS 0x0000000089800000| PB 0x0000000089800000| Untracked 
| 107|0x0000000089900000, 0x0000000089900000, 0x0000000089a00000|  0%| F|  |TAMS 0x0000000089900000| PB 0x0000000089900000| Untracked 
| 108|0x0000000089a00000, 0x0000000089a00000, 0x0000000089b00000|  0%| F|  |TAMS 0x0000000089a00000| PB 0x0000000089a00000| Untracked 
| 109|0x0000000089b00000, 0x0000000089b00000, 0x0000000089c00000|  0%| F|  |TAMS 0x0000000089b00000| PB 0x0000000089b00000| Untracked 
| 110|0x0000000089c00000, 0x0000000089c00000, 0x0000000089d00000|  0%| F|  |TAMS 0x0000000089c00000| PB 0x0000000089c00000| Untracked 
| 111|0x0000000089d00000, 0x0000000089d00000, 0x0000000089e00000|  0%| F|  |TAMS 0x0000000089d00000| PB 0x0000000089d00000| Untracked 
| 112|0x0000000089e00000, 0x0000000089e00000, 0x0000000089f00000|  0%| F|  |TAMS 0x0000000089e00000| PB 0x0000000089e00000| Untracked 
| 113|0x0000000089f00000, 0x0000000089f00000, 0x000000008a000000|  0%| F|  |TAMS 0x0000000089f00000| PB 0x0000000089f00000| Untracked 
| 114|0x000000008a000000, 0x000000008a000000, 0x000000008a100000|  0%| F|  |TAMS 0x000000008a000000| PB 0x000000008a000000| Untracked 
| 115|0x000000008a100000, 0x000000008a100000, 0x000000008a200000|  0%| F|  |TAMS 0x000000008a100000| PB 0x000000008a100000| Untracked 
| 116|0x000000008a200000, 0x000000008a200000, 0x000000008a300000|  0%| F|  |TAMS 0x000000008a200000| PB 0x000000008a200000| Untracked 
| 117|0x000000008a300000, 0x000000008a300000, 0x000000008a400000|  0%| F|  |TAMS 0x000000008a300000| PB 0x000000008a300000| Untracked 
| 118|0x000000008a400000, 0x000000008a400000, 0x000000008a500000|  0%| F|  |TAMS 0x000000008a400000| PB 0x000000008a400000| Untracked 
| 119|0x000000008a500000, 0x000000008a500000, 0x000000008a600000|  0%| F|  |TAMS 0x000000008a500000| PB 0x000000008a500000| Untracked 
| 120|0x000000008a600000, 0x000000008a600000, 0x000000008a700000|  0%| F|  |TAMS 0x000000008a600000| PB 0x000000008a600000| Untracked 
| 121|0x000000008a700000, 0x000000008a700000, 0x000000008a800000|  0%| F|  |TAMS 0x000000008a700000| PB 0x000000008a700000| Untracked 
| 122|0x000000008a800000, 0x000000008a900000, 0x000000008a900000|100%| E|  |TAMS 0x000000008a800000| PB 0x000000008a800000| Complete 
| 123|0x000000008a900000, 0x000000008aa00000, 0x000000008aa00000|100%| E|CS|TAMS 0x000000008a900000| PB 0x000000008a900000| Complete 
| 124|0x000000008aa00000, 0x000000008ab00000, 0x000000008ab00000|100%| E|CS|TAMS 0x000000008aa00000| PB 0x000000008aa00000| Complete 
| 125|0x000000008ab00000, 0x000000008ac00000, 0x000000008ac00000|100%| E|CS|TAMS 0x000000008ab00000| PB 0x000000008ab00000| Complete 
| 126|0x000000008ac00000, 0x000000008ad00000, 0x000000008ad00000|100%| E|CS|TAMS 0x000000008ac00000| PB 0x000000008ac00000| Complete 
| 127|0x000000008ad00000, 0x000000008ae00000, 0x000000008ae00000|100%| E|CS|TAMS 0x000000008ad00000| PB 0x000000008ad00000| Complete 
| 128|0x000000008ae00000, 0x000000008af00000, 0x000000008af00000|100%| E|CS|TAMS 0x000000008ae00000| PB 0x000000008ae00000| Complete 
| 129|0x000000008af00000, 0x000000008b000000, 0x000000008b000000|100%| E|CS|TAMS 0x000000008af00000| PB 0x000000008af00000| Complete 
| 130|0x000000008b000000, 0x000000008b100000, 0x000000008b100000|100%| E|CS|TAMS 0x000000008b000000| PB 0x000000008b000000| Complete 
| 131|0x000000008b100000, 0x000000008b200000, 0x000000008b200000|100%| E|CS|TAMS 0x000000008b100000| PB 0x000000008b100000| Complete 
| 132|0x000000008b200000, 0x000000008b300000, 0x000000008b300000|100%| E|CS|TAMS 0x000000008b200000| PB 0x000000008b200000| Complete 
| 133|0x000000008b300000, 0x000000008b400000, 0x000000008b400000|100%| E|CS|TAMS 0x000000008b300000| PB 0x000000008b300000| Complete 
| 134|0x000000008b400000, 0x000000008b500000, 0x000000008b500000|100%| E|CS|TAMS 0x000000008b400000| PB 0x000000008b400000| Complete 
| 135|0x000000008b500000, 0x000000008b600000, 0x000000008b600000|100%| E|CS|TAMS 0x000000008b500000| PB 0x000000008b500000| Complete 
| 136|0x000000008b600000, 0x000000008b700000, 0x000000008b700000|100%| E|CS|TAMS 0x000000008b600000| PB 0x000000008b600000| Complete 
| 137|0x000000008b700000, 0x000000008b800000, 0x000000008b800000|100%| E|CS|TAMS 0x000000008b700000| PB 0x000000008b700000| Complete 
| 138|0x000000008b800000, 0x000000008b900000, 0x000000008b900000|100%| E|CS|TAMS 0x000000008b800000| PB 0x000000008b800000| Complete 
| 139|0x000000008b900000, 0x000000008ba00000, 0x000000008ba00000|100%| E|CS|TAMS 0x000000008b900000| PB 0x000000008b900000| Complete 
| 140|0x000000008ba00000, 0x000000008bb00000, 0x000000008bb00000|100%| E|CS|TAMS 0x000000008ba00000| PB 0x000000008ba00000| Complete 
| 141|0x000000008bb00000, 0x000000008bc00000, 0x000000008bc00000|100%| E|CS|TAMS 0x000000008bb00000| PB 0x000000008bb00000| Complete 
| 142|0x000000008bc00000, 0x000000008bd00000, 0x000000008bd00000|100%| E|CS|TAMS 0x000000008bc00000| PB 0x000000008bc00000| Complete 
| 143|0x000000008bd00000, 0x000000008be00000, 0x000000008be00000|100%| E|CS|TAMS 0x000000008bd00000| PB 0x000000008bd00000| Complete 
| 144|0x000000008be00000, 0x000000008bf00000, 0x000000008bf00000|100%| E|CS|TAMS 0x000000008be00000| PB 0x000000008be00000| Complete 
| 145|0x000000008bf00000, 0x000000008c000000, 0x000000008c000000|100%| E|CS|TAMS 0x000000008bf00000| PB 0x000000008bf00000| Complete 
| 146|0x000000008c000000, 0x000000008c100000, 0x000000008c100000|100%| E|CS|TAMS 0x000000008c000000| PB 0x000000008c000000| Complete 
| 147|0x000000008c100000, 0x000000008c200000, 0x000000008c200000|100%| E|CS|TAMS 0x000000008c100000| PB 0x000000008c100000| Complete 
| 148|0x000000008c200000, 0x000000008c300000, 0x000000008c300000|100%| E|CS|TAMS 0x000000008c200000| PB 0x000000008c200000| Complete 
| 149|0x000000008c300000, 0x000000008c400000, 0x000000008c400000|100%| E|CS|TAMS 0x000000008c300000| PB 0x000000008c300000| Complete 
| 150|0x000000008c400000, 0x000000008c500000, 0x000000008c500000|100%| E|CS|TAMS 0x000000008c400000| PB 0x000000008c400000| Complete 
| 151|0x000000008c500000, 0x000000008c600000, 0x000000008c600000|100%| E|CS|TAMS 0x000000008c500000| PB 0x000000008c500000| Complete 
| 152|0x000000008c600000, 0x000000008c700000, 0x000000008c700000|100%| E|CS|TAMS 0x000000008c600000| PB 0x000000008c600000| Complete 
| 153|0x000000008c700000, 0x000000008c800000, 0x000000008c800000|100%| E|CS|TAMS 0x000000008c700000| PB 0x000000008c700000| Complete 
| 154|0x000000008c800000, 0x000000008c900000, 0x000000008c900000|100%| E|CS|TAMS 0x000000008c800000| PB 0x000000008c800000| Complete 
| 155|0x000000008c900000, 0x000000008ca00000, 0x000000008ca00000|100%| E|CS|TAMS 0x000000008c900000| PB 0x000000008c900000| Complete 
| 156|0x000000008ca00000, 0x000000008cb00000, 0x000000008cb00000|100%| E|CS|TAMS 0x000000008ca00000| PB 0x000000008ca00000| Complete 
| 157|0x000000008cb00000, 0x000000008cc00000, 0x000000008cc00000|100%| E|CS|TAMS 0x000000008cb00000| PB 0x000000008cb00000| Complete 
| 158|0x000000008cc00000, 0x000000008cd00000, 0x000000008cd00000|100%| E|CS|TAMS 0x000000008cc00000| PB 0x000000008cc00000| Complete 
| 159|0x000000008cd00000, 0x000000008ce00000, 0x000000008ce00000|100%| E|CS|TAMS 0x000000008cd00000| PB 0x000000008cd00000| Complete 
| 160|0x000000008ce00000, 0x000000008cf00000, 0x000000008cf00000|100%| E|CS|TAMS 0x000000008ce00000| PB 0x000000008ce00000| Complete 
|1997|0x00000000ffb00000, 0x00000000ffc00000, 0x00000000ffc00000|100%| O|  |TAMS 0x00000000ffb00000| PB 0x00000000ffb00000| Untracked 
|1998|0x00000000ffc00000, 0x00000000ffd00000, 0x00000000ffd00000|100%| E|CS|TAMS 0x00000000ffc00000| PB 0x00000000ffc00000| Complete 
|1999|0x00000000ffd00000, 0x00000000ffe00000, 0x00000000ffe00000|100%| O|  |TAMS 0x00000000ffd00000| PB 0x00000000ffd00000| Untracked 
|2000|0x00000000ffe00000, 0x00000000fff00000, 0x00000000fff00000|100%| O|  |TAMS 0x00000000ffe00000| PB 0x00000000ffe00000| Untracked 
|2001|0x00000000fff00000, 0x0000000100000000, 0x0000000100000000|100%| O|  |TAMS 0x00000000fff00000| PB 0x00000000fff00000| Untracked 

Card table byte_map: [0x0000020a16370000,0x0000020a16760000] _byte_map_base: 0x0000020a15f59000

Marking Bits: (CMBitMap*) 0x0000020a03b3fac0
 Bits: [0x0000020a16760000, 0x0000020a186a8000)

Polling page: 0x0000020a01e70000

Metaspace:

Usage:
  Non-class:     80.54 MB used.
      Class:      9.62 MB used.
       Both:     90.16 MB used.

Virtual space:
  Non-class space:      128.00 MB reserved,      81.00 MB ( 63%) committed,  2 nodes.
      Class space:        1.00 GB reserved,      10.06 MB ( <1%) committed,  1 nodes.
             Both:        1.12 GB reserved,      91.06 MB (  8%) committed. 

Chunk freelists:
   Non-Class:  14.59 MB
       Class:  5.80 MB
        Both:  20.39 MB

MaxMetaspaceSize: unlimited
CompressedClassSpaceSize: 1.00 GB
Initial GC threshold: 21.00 MB
Current GC threshold: 131.25 MB
CDS: off
 - commit_granule_bytes: 65536.
 - commit_granule_words: 8192.
 - virtual_space_node_default_size: 8388608.
 - enlarge_chunks_in_place: 1.
 - use_allocation_guard: 0.


Internal statistics:

num_allocs_failed_limit: 9.
num_arena_births: 1486.
num_arena_deaths: 0.
num_vsnodes_births: 3.
num_vsnodes_deaths: 0.
num_space_committed: 1455.
num_space_uncommitted: 0.
num_chunks_returned_to_freelist: 9.
num_chunks_taken_from_freelist: 4707.
num_chunk_merges: 9.
num_chunk_splits: 3600.
num_chunks_enlarged: 2876.
num_inconsistent_stats: 0.

CodeHeap 'non-profiled nmethods': size=120000Kb used=12089Kb max_used=12089Kb free=107910Kb
 bounds [0x0000020a0e710000, 0x0000020a0f2e0000, 0x0000020a15c40000]
CodeHeap 'profiled nmethods': size=120000Kb used=58324Kb max_used=58324Kb free=61675Kb
 bounds [0x0000020a06c40000, 0x0000020a0a540000, 0x0000020a0e170000]
CodeHeap 'non-nmethods': size=5760Kb used=1796Kb max_used=1883Kb free=3963Kb
 bounds [0x0000020a0e170000, 0x0000020a0e3e0000, 0x0000020a0e710000]
CodeCache: size=245760Kb, used=72209Kb, max_used=72296Kb, free=173548Kb
 total_blobs=18305, nmethods=17501, adapters=704, full_count=0
Compilation: enabled, stopped_count=0, restarted_count=0

Compilation events (20 events):
Event: 38.540 Thread 0x0000020a1b2e4f80 19462       3       org.jetbrains.kotlin.codegen.optimization.CapturedVarsOptimizationMethodTransformer$Transformer::<init> (49 bytes)
Event: 38.542 Thread 0x0000020a1b2e4f80 nmethod 19462 0x0000020a0a52cf10 code [0x0000020a0a52d200, 0x0000020a0a52e1d0]
Event: 38.542 Thread 0x0000020a1b2e4f80 19464       3       org.jetbrains.kotlin.codegen.optimization.nullCheck.RedundantNullCheckMethodTransformer::transform (34 bytes)
Event: 38.543 Thread 0x0000020a1b2e4f80 nmethod 19464 0x0000020a0a52e790 code [0x0000020a0a52ea40, 0x0000020a0a52f5b8]
Event: 38.543 Thread 0x0000020a1b2e4f80 19465       3       org.jetbrains.kotlin.codegen.optimization.nullCheck.RedundantNullCheckMethodTransformer$TransformerPass::<init> (38 bytes)
Event: 38.545 Thread 0x0000020a1b2e4f80 nmethod 19465 0x0000020a0a52fa10 code [0x0000020a0a52fd20, 0x0000020a0a530cb8]
Event: 38.545 Thread 0x0000020a1b2e4f80 19467       1       org.jetbrains.kotlin.metadata.ProtoBuf$Property$Builder::getFlags (5 bytes)
Event: 38.545 Thread 0x0000020a1b2e4f80 nmethod 19467 0x0000020a0f2da290 code [0x0000020a0f2da420, 0x0000020a0f2da4e8]
Event: 38.547 Thread 0x0000020a27296480 nmethod 19434 0x0000020a0f2da590 code [0x0000020a0f2da9a0, 0x0000020a0f2dc1d8]
Event: 38.547 Thread 0x0000020a27296480 19453       4       org.jetbrains.kotlin.codegen.optimization.DeadCodeEliminationMethodTransformer::transform (116 bytes)
Event: 38.567 Thread 0x0000020a1b2e4f80 19468       3       org.jetbrains.org.objectweb.asm.ByteVector::putByteArray (49 bytes)
Event: 38.567 Thread 0x0000020a1b2e4f80 nmethod 19468 0x0000020a0a531210 code [0x0000020a0a5313e0, 0x0000020a0a5316a8]
Event: 38.574 Thread 0x0000020a1b2e4f80 19470       3       org.jetbrains.org.objectweb.asm.Handler::getExceptionTableLength (21 bytes)
Event: 38.574 Thread 0x0000020a1b2e4f80 nmethod 19470 0x0000020a0a531810 code [0x0000020a0a5319c0, 0x0000020a0a531b58]
Event: 38.575 Thread 0x0000020a1b2e4f80 19471   !   3       java.io.WinNTFileSystem::isInvalid (78 bytes)
Event: 38.576 Thread 0x0000020a1b2e4f80 nmethod 19471 0x0000020a0a531c90 code [0x0000020a0a531e60, 0x0000020a0a5320b0]
Event: 38.587 Thread 0x0000020a1b2e4f80 19472       3       org.jetbrains.org.objectweb.asm.Handler::getExceptionTableSize (10 bytes)
Event: 38.588 Thread 0x0000020a1b2e4f80 nmethod 19472 0x0000020a0a532210 code [0x0000020a0a5323c0, 0x0000020a0a5325b8]
Event: 38.588 Thread 0x0000020a1b2e4f80 19473       1       org.jetbrains.org.objectweb.asm.MethodWriter::hasAsmInstructions (5 bytes)
Event: 38.588 Thread 0x0000020a1b2e4f80 nmethod 19473 0x0000020a0f2dde90 code [0x0000020a0f2de020, 0x0000020a0f2de0f0]

GC Heap History (20 events):
Event: 6.689 GC heap before
{Heap before GC invocations=14 (full 0):
 garbage-first heap   total 114688K, used 92352K [0x0000000082e00000, 0x0000000100000000)
  region size 1024K, 42 young (43008K), 4 survivors (4096K)
 Metaspace       used 50794K, committed 51520K, reserved 1114112K
  class space    used 6175K, committed 6528K, reserved 1048576K
}
Event: 6.705 GC heap after
{Heap after GC invocations=15 (full 0):
 garbage-first heap   total 114688K, used 54602K [0x0000000082e00000, 0x0000000100000000)
  region size 1024K, 3 young (3072K), 3 survivors (3072K)
 Metaspace       used 50794K, committed 51520K, reserved 1114112K
  class space    used 6175K, committed 6528K, reserved 1048576K
}
Event: 8.459 GC heap before
{Heap before GC invocations=15 (full 0):
 garbage-first heap   total 114688K, used 95562K [0x0000000082e00000, 0x0000000100000000)
  region size 1024K, 43 young (44032K), 3 survivors (3072K)
 Metaspace       used 58695K, committed 59392K, reserved 1114112K
  class space    used 7111K, committed 7424K, reserved 1048576K
}
Event: 8.484 GC heap after
{Heap after GC invocations=16 (full 0):
 garbage-first heap   total 169984K, used 59392K [0x0000000082e00000, 0x0000000100000000)
  region size 1024K, 6 young (6144K), 6 survivors (6144K)
 Metaspace       used 58695K, committed 59392K, reserved 1114112K
  class space    used 7111K, committed 7424K, reserved 1048576K
}
Event: 11.359 GC heap before
{Heap before GC invocations=16 (full 0):
 garbage-first heap   total 169984K, used 134144K [0x0000000082e00000, 0x0000000100000000)
  region size 1024K, 79 young (80896K), 6 survivors (6144K)
 Metaspace       used 65105K, committed 65920K, reserved 1114112K
  class space    used 7647K, committed 8064K, reserved 1048576K
}
Event: 11.388 GC heap after
{Heap after GC invocations=17 (full 0):
 garbage-first heap   total 169984K, used 68608K [0x0000000082e00000, 0x0000000100000000)
  region size 1024K, 10 young (10240K), 10 survivors (10240K)
 Metaspace       used 65105K, committed 65920K, reserved 1114112K
  class space    used 7647K, committed 8064K, reserved 1048576K
}
Event: 14.544 GC heap before
{Heap before GC invocations=17 (full 0):
 garbage-first heap   total 169984K, used 138240K [0x0000000082e00000, 0x0000000100000000)
  region size 1024K, 77 young (78848K), 10 survivors (10240K)
 Metaspace       used 66662K, committed 67520K, reserved 1114112K
  class space    used 7699K, committed 8128K, reserved 1048576K
}
Event: 14.590 GC heap after
{Heap after GC invocations=18 (full 0):
 garbage-first heap   total 169984K, used 78336K [0x0000000082e00000, 0x0000000100000000)
  region size 1024K, 9 young (9216K), 9 survivors (9216K)
 Metaspace       used 66662K, committed 67520K, reserved 1114112K
  class space    used 7699K, committed 8128K, reserved 1048576K
}
Event: 17.537 GC heap before
{Heap before GC invocations=18 (full 0):
 garbage-first heap   total 169984K, used 111104K [0x0000000082e00000, 0x0000000100000000)
  region size 1024K, 40 young (40960K), 9 survivors (9216K)
 Metaspace       used 67195K, committed 67968K, reserved 1114112K
  class space    used 7731K, committed 8128K, reserved 1048576K
}
Event: 17.571 GC heap after
{Heap after GC invocations=19 (full 0):
 garbage-first heap   total 169984K, used 84480K [0x0000000082e00000, 0x0000000100000000)
  region size 1024K, 4 young (4096K), 4 survivors (4096K)
 Metaspace       used 67195K, committed 67968K, reserved 1114112K
  class space    used 7731K, committed 8128K, reserved 1048576K
}
Event: 21.706 GC heap before
{Heap before GC invocations=20 (full 0):
 garbage-first heap   total 169984K, used 146944K [0x0000000082e00000, 0x0000000100000000)
  region size 1024K, 65 young (66560K), 4 survivors (4096K)
 Metaspace       used 67980K, committed 68736K, reserved 1114112K
  class space    used 7798K, committed 8192K, reserved 1048576K
}
Event: 21.734 GC heap after
{Heap after GC invocations=21 (full 0):
 garbage-first heap   total 169984K, used 90112K [0x0000000082e00000, 0x0000000100000000)
  region size 1024K, 9 young (9216K), 9 survivors (9216K)
 Metaspace       used 67980K, committed 68736K, reserved 1114112K
  class space    used 7798K, committed 8192K, reserved 1048576K
}
Event: 25.375 GC heap before
{Heap before GC invocations=21 (full 0):
 garbage-first heap   total 169984K, used 150528K [0x0000000082e00000, 0x0000000100000000)
  region size 1024K, 68 young (69632K), 9 survivors (9216K)
 Metaspace       used 69515K, committed 70336K, reserved 1114112K
  class space    used 7924K, committed 8320K, reserved 1048576K
}
Event: 25.423 GC heap after
{Heap after GC invocations=22 (full 0):
 garbage-first heap   total 169984K, used 93184K [0x0000000082e00000, 0x0000000100000000)
  region size 1024K, 5 young (5120K), 5 survivors (5120K)
 Metaspace       used 69515K, committed 70336K, reserved 1114112K
  class space    used 7924K, committed 8320K, reserved 1048576K
}
Event: 29.604 GC heap before
{Heap before GC invocations=22 (full 0):
 garbage-first heap   total 169984K, used 152576K [0x0000000082e00000, 0x0000000100000000)
  region size 1024K, 63 young (64512K), 5 survivors (5120K)
 Metaspace       used 78715K, committed 79552K, reserved 1179648K
  class space    used 8855K, committed 9280K, reserved 1048576K
}
Event: 29.631 GC heap after
{Heap after GC invocations=23 (full 0):
 garbage-first heap   total 169984K, used 97280K [0x0000000082e00000, 0x0000000100000000)
  region size 1024K, 8 young (8192K), 8 survivors (8192K)
 Metaspace       used 78715K, committed 79552K, reserved 1179648K
  class space    used 8855K, committed 9280K, reserved 1048576K
}
Event: 33.443 GC heap before
{Heap before GC invocations=24 (full 0):
 garbage-first heap   total 169984K, used 150528K [0x0000000082e00000, 0x0000000100000000)
  region size 1024K, 62 young (63488K), 8 survivors (8192K)
 Metaspace       used 87839K, committed 88768K, reserved 1179648K
  class space    used 9544K, committed 9984K, reserved 1048576K
}
Event: 33.472 GC heap after
{Heap after GC invocations=25 (full 0):
 garbage-first heap   total 169984K, used 97139K [0x0000000082e00000, 0x0000000100000000)
  region size 1024K, 4 young (4096K), 4 survivors (4096K)
 Metaspace       used 87839K, committed 88768K, reserved 1179648K
  class space    used 9544K, committed 9984K, reserved 1048576K
}
Event: 37.294 GC heap before
{Heap before GC invocations=25 (full 0):
 garbage-first heap   total 169984K, used 155507K [0x0000000082e00000, 0x0000000100000000)
  region size 1024K, 61 young (62464K), 4 survivors (4096K)
 Metaspace       used 91821K, committed 92736K, reserved 1179648K
  class space    used 9825K, committed 10240K, reserved 1048576K
}
Event: 37.317 GC heap after
{Heap after GC invocations=26 (full 0):
 garbage-first heap   total 169984K, used 98304K [0x0000000082e00000, 0x0000000100000000)
  region size 1024K, 8 young (8192K), 8 survivors (8192K)
 Metaspace       used 91821K, committed 92736K, reserved 1179648K
  class space    used 9825K, committed 10240K, reserved 1048576K
}

Dll operation events (3 events):
Event: 0.018 Loaded shared library C:\Program Files\Android\Android Studio\jbr\bin\java.dll
Event: 0.030 Loaded shared library C:\Program Files\Android\Android Studio\jbr\bin\zip.dll
Event: 2.138 Loaded shared library C:\Program Files\Android\Android Studio\jbr\bin\verify.dll

Deoptimization events (20 events):
Event: 38.505 Thread 0x0000020a018780c0 Uncommon trap: trap_request=0xffffffde fr.pc=0x0000020a0f023754 relative=0x00000000000005b4
Event: 38.505 Thread 0x0000020a018780c0 Uncommon trap: reason=class_check action=maybe_recompile pc=0x0000020a0f023754 method=kotlin.sequences.DropWhileSequence$iterator$1.hasNext()Z @ 24 c2
Event: 38.505 Thread 0x0000020a018780c0 DEOPT PACKING pc=0x0000020a0f023754 sp=0x0000001d497fd590
Event: 38.505 Thread 0x0000020a018780c0 DEOPT UNPACKING pc=0x0000020a0e1c46a2 sp=0x0000001d497fd558 mode 2
Event: 38.506 Thread 0x0000020a018780c0 Uncommon trap: trap_request=0xffffffde fr.pc=0x0000020a0f023754 relative=0x00000000000005b4
Event: 38.506 Thread 0x0000020a018780c0 Uncommon trap: reason=class_check action=maybe_recompile pc=0x0000020a0f023754 method=kotlin.sequences.DropWhileSequence$iterator$1.hasNext()Z @ 24 c2
Event: 38.506 Thread 0x0000020a018780c0 DEOPT PACKING pc=0x0000020a0f023754 sp=0x0000001d497fd590
Event: 38.506 Thread 0x0000020a018780c0 DEOPT UNPACKING pc=0x0000020a0e1c46a2 sp=0x0000001d497fd558 mode 2
Event: 38.506 Thread 0x0000020a018780c0 Uncommon trap: trap_request=0xffffffde fr.pc=0x0000020a0f023754 relative=0x00000000000005b4
Event: 38.506 Thread 0x0000020a018780c0 Uncommon trap: reason=class_check action=maybe_recompile pc=0x0000020a0f023754 method=kotlin.sequences.DropWhileSequence$iterator$1.hasNext()Z @ 24 c2
Event: 38.506 Thread 0x0000020a018780c0 DEOPT PACKING pc=0x0000020a0f023754 sp=0x0000001d497fd590
Event: 38.506 Thread 0x0000020a018780c0 DEOPT UNPACKING pc=0x0000020a0e1c46a2 sp=0x0000001d497fd558 mode 2
Event: 38.506 Thread 0x0000020a018780c0 Uncommon trap: trap_request=0xffffffde fr.pc=0x0000020a0f023754 relative=0x00000000000005b4
Event: 38.506 Thread 0x0000020a018780c0 Uncommon trap: reason=class_check action=maybe_recompile pc=0x0000020a0f023754 method=kotlin.sequences.DropWhileSequence$iterator$1.hasNext()Z @ 24 c2
Event: 38.506 Thread 0x0000020a018780c0 DEOPT PACKING pc=0x0000020a0f023754 sp=0x0000001d497fd590
Event: 38.506 Thread 0x0000020a018780c0 DEOPT UNPACKING pc=0x0000020a0e1c46a2 sp=0x0000001d497fd558 mode 2
Event: 38.527 Thread 0x0000020a018780c0 Uncommon trap: trap_request=0xffffffde fr.pc=0x0000020a0f018520 relative=0x0000000000000500
Event: 38.527 Thread 0x0000020a018780c0 Uncommon trap: reason=class_check action=maybe_recompile pc=0x0000020a0f018520 method=kotlin.sequences.DropWhileSequence$iterator$1.drop()V @ 4 c2
Event: 38.527 Thread 0x0000020a018780c0 DEOPT PACKING pc=0x0000020a0f018520 sp=0x0000001d497fd520
Event: 38.527 Thread 0x0000020a018780c0 DEOPT UNPACKING pc=0x0000020a0e1c46a2 sp=0x0000001d497fd4e8 mode 2

Classes loaded (20 events):
Event: 26.339 Loading class java/lang/invoke/DirectMethodHandle$1
Event: 26.339 Loading class java/lang/invoke/DirectMethodHandle$1 done
Event: 26.356 Loading class java/text/FieldPosition
Event: 26.356 Loading class java/text/FieldPosition done
Event: 26.357 Loading class java/util/Date
Event: 26.359 Loading class java/util/Date done
Event: 26.359 Loading class java/text/MessageFormat$Field
Event: 26.359 Loading class java/text/Format$Field
Event: 26.359 Loading class java/text/AttributedCharacterIterator$Attribute
Event: 26.359 Loading class java/text/AttributedCharacterIterator$Attribute done
Event: 26.359 Loading class java/text/Format$Field done
Event: 26.359 Loading class java/text/MessageFormat$Field done
Event: 29.245 Loading class java/util/Collections$SynchronizedMap
Event: 29.246 Loading class java/util/Collections$SynchronizedMap done
Event: 33.263 Loading class java/lang/TypeNotPresentException
Event: 33.264 Loading class java/lang/TypeNotPresentException done
Event: 33.532 Loading class java/util/Vector$Itr
Event: 33.532 Loading class java/util/Vector$Itr done
Event: 38.558 Loading class java/io/FileOutputStream$1
Event: 38.558 Loading class java/io/FileOutputStream$1 done

Classes unloaded (0 events):
No events

Classes redefined (0 events):
No events

Internal exceptions (20 events):
Event: 27.208 Thread 0x0000020a018780c0 Exception <a 'java/lang/NoSuchMethodError'{0x000000008ae004e0}: 'java.lang.Object java.lang.invoke.DirectMethodHandle$Holder.invokeStatic(java.lang.Object, java.lang.Object, java.lang.Object, int, int, java.lang.Object, java.lang.Object, java.lang.Object)'> (0x000000008ae004e0) 
thrown [s\src\hotspot\share\interpreter\linkResolver.cpp, line 784]
Event: 27.209 Thread 0x0000020a018780c0 Exception <a 'java/lang/NoSuchMethodError'{0x000000008ae07fa8}: 'java.lang.Object java.lang.invoke.DirectMethodHandle$Holder.newInvokeSpecial(java.lang.Object, java.lang.Object, java.lang.Object, int, int)'> (0x000000008ae07fa8) 
thrown [s\src\hotspot\share\interpreter\linkResolver.cpp, line 784]
Event: 27.210 Thread 0x0000020a018780c0 Exception <a 'java/lang/NoSuchMethodError'{0x000000008ae0bb88}: 'java.lang.Object java.lang.invoke.DirectMethodHandle$Holder.invokeSpecial(java.lang.Object, java.lang.Object, java.lang.Object, java.lang.Object, int, int)'> (0x000000008ae0bb88) 
thrown [s\src\hotspot\share\interpreter\linkResolver.cpp, line 784]
Event: 27.210 Thread 0x0000020a018780c0 Exception <a 'java/lang/NoSuchMethodError'{0x000000008ae0f318}: 'java.lang.Object java.lang.invoke.Invokers$Holder.linkToTargetMethod(java.lang.Object, java.lang.Object, int, int, java.lang.Object)'> (0x000000008ae0f318) 
thrown [s\src\hotspot\share\interpreter\linkResolver.cpp, line 784]
Event: 27.349 Thread 0x0000020a018780c0 Exception <a 'java/lang/NoSuchMethodError'{0x000000008ad785e0}: 'java.lang.Object java.lang.invoke.DirectMethodHandle$Holder.newInvokeSpecial(java.lang.Object, int, int, java.lang.Object, java.lang.Object, java.lang.Object, java.lang.Object, java.lang.Object)'> (0x000000008ad785e0) 
thrown [s\src\hotspot\share\interpreter\linkResolver.cpp, line 784]
Event: 27.350 Thread 0x0000020a018780c0 Exception <a 'java/lang/NoSuchMethodError'{0x000000008ad7cd18}: 'java.lang.Object java.lang.invoke.DirectMethodHandle$Holder.invokeSpecial(java.lang.Object, java.lang.Object, int, int, java.lang.Object, java.lang.Object, java.lang.Object, java.lang.Object, java.lang.Object)'> (0x000000008ad7cd18) 
thrown [s\src\hotspot\share\interpreter\linkResolver.cpp, line 784]
Event: 30.920 Thread 0x0000020a018780c0 Exception <a 'java/lang/NoSuchMethodError'{0x000000008c66f198}: 'java.lang.Object java.lang.invoke.DirectMethodHandle$Holder.invokeStatic(java.lang.Object, java.lang.Object, int, java.lang.Object, java.lang.Object)'> (0x000000008c66f198) 
thrown [s\src\hotspot\share\interpreter\linkResolver.cpp, line 784]
Event: 31.562 Thread 0x0000020a018780c0 Implicit null exception at 0x0000020a0f0a2960 to 0x0000020a0f0a2a4d
Event: 31.562 Thread 0x0000020a018780c0 Implicit null exception at 0x0000020a0f0945e0 to 0x0000020a0f0946cd
Event: 31.946 Thread 0x0000020a018780c0 Implicit null exception at 0x0000020a0f0b5660 to 0x0000020a0f0b574d
Event: 33.473 Thread 0x0000020a018780c0 Exception <a 'java/lang/NoSuchMethodError'{0x00000000ffc009f0}: 'java.lang.Object java.lang.invoke.DirectMethodHandle$Holder.invokeStatic(java.lang.Object, int, int)'> (0x00000000ffc009f0) 
thrown [s\src\hotspot\share\interpreter\linkResolver.cpp, line 784]
Event: 33.559 Thread 0x0000020a018780c0 Exception <a 'java/lang/NoSuchMethodError'{0x000000008cd23468}: 'java.lang.Object java.lang.invoke.DirectMethodHandle$Holder.invokeStatic(java.lang.Object, java.lang.Object, int, int)'> (0x000000008cd23468) 
thrown [s\src\hotspot\share\interpreter\linkResolver.cpp, line 784]
Event: 34.882 Thread 0x0000020a018780c0 Implicit null exception at 0x0000020a0f14f5f9 to 0x0000020a0f150a48
Event: 35.035 Thread 0x0000020a018780c0 Implicit null exception at 0x0000020a0f15f430 to 0x0000020a0f15f744
Event: 35.542 Thread 0x0000020a018780c0 Exception <a 'java/lang/NoSuchMethodError'{0x000000008b9fcdb0}: 'java.lang.Object java.lang.invoke.DirectMethodHandle$Holder.invokeStatic(java.lang.Object, java.lang.Object, java.lang.Object, java.lang.Object, java.lang.Object, int)'> (0x000000008b9fcdb0) 
thrown [s\src\hotspot\share\interpreter\linkResolver.cpp, line 784]
Event: 35.543 Thread 0x0000020a018780c0 Exception <a 'java/lang/NoSuchMethodError'{0x000000008b8054c8}: 'java.lang.Object java.lang.invoke.DirectMethodHandle$Holder.newInvokeSpecial(java.lang.Object, java.lang.Object, java.lang.Object, java.lang.Object, java.lang.Object, int)'> (0x000000008b8054c8) 
thrown [s\src\hotspot\share\interpreter\linkResolver.cpp, line 784]
Event: 35.543 Thread 0x0000020a018780c0 Exception <a 'java/lang/NoSuchMethodError'{0x000000008b809300}: 'java.lang.Object java.lang.invoke.Invokers$Holder.linkToTargetMethod(java.lang.Object, java.lang.Object, java.lang.Object, java.lang.Object, int, java.lang.Object)'> (0x000000008b809300) 
thrown [s\src\hotspot\share\interpreter\linkResolver.cpp, line 784]
Event: 36.492 Thread 0x0000020a018780c0 Exception <a 'java/lang/NoSuchMethodError'{0x000000008a4fd548}: 'java.lang.Object java.lang.invoke.DirectMethodHandle$Holder.newInvokeSpecial(java.lang.Object, java.lang.Object, java.lang.Object, int, java.lang.Object)'> (0x000000008a4fd548) 
thrown [s\src\hotspot\share\interpreter\linkResolver.cpp, line 784]
Event: 36.493 Thread 0x0000020a018780c0 Exception <a 'java/lang/NoSuchMethodError'{0x000000008a3016d8}: 'java.lang.Object java.lang.invoke.DirectMethodHandle$Holder.invokeSpecial(java.lang.Object, java.lang.Object, java.lang.Object, java.lang.Object, int, java.lang.Object)'> (0x000000008a3016d8) 
thrown [s\src\hotspot\share\interpreter\linkResolver.cpp, line 784]
Event: 36.494 Thread 0x0000020a018780c0 Exception <a 'java/lang/NoSuchMethodError'{0x000000008a304c70}: 'java.lang.Object java.lang.invoke.Invokers$Holder.linkToTargetMethod(java.lang.Object, java.lang.Object, int, java.lang.Object, java.lang.Object)'> (0x000000008a304c70) 
thrown [s\src\hotspot\share\interpreter\linkResolver.cpp, line 784]

ZGC Phase Switch (0 events):
No events

VM Operations (20 events):
Event: 36.295 Executing VM operation: HandshakeAllThreads (Deoptimize)
Event: 36.296 Executing VM operation: HandshakeAllThreads (Deoptimize) done
Event: 36.535 Executing VM operation: ICBufferFull
Event: 36.535 Executing VM operation: ICBufferFull done
Event: 37.129 Executing VM operation: ICBufferFull
Event: 37.130 Executing VM operation: ICBufferFull done
Event: 37.293 Executing VM operation: G1CollectForAllocation (G1 Evacuation Pause)
Event: 37.317 Executing VM operation: G1CollectForAllocation (G1 Evacuation Pause) done
Event: 37.894 Executing VM operation: ICBufferFull
Event: 37.895 Executing VM operation: ICBufferFull done
Event: 38.145 Executing VM operation: HandshakeAllThreads (Deoptimize)
Event: 38.145 Executing VM operation: HandshakeAllThreads (Deoptimize) done
Event: 38.179 Executing VM operation: HandshakeAllThreads (Deoptimize)
Event: 38.179 Executing VM operation: HandshakeAllThreads (Deoptimize) done
Event: 38.189 Executing VM operation: HandshakeAllThreads (Deoptimize)
Event: 38.189 Executing VM operation: HandshakeAllThreads (Deoptimize) done
Event: 38.486 Executing VM operation: ICBufferFull
Event: 38.487 Executing VM operation: ICBufferFull done
Event: 39.500 Executing VM operation: Cleanup
Event: 39.500 Executing VM operation: Cleanup done

Memory protections (0 events):
No events

Nmethod flushes (20 events):
Event: 29.842 Thread 0x0000020a1b0e6460 flushing  nmethod 0x0000020a07d8a610
Event: 29.842 Thread 0x0000020a1b0e6460 flushing  nmethod 0x0000020a07d8ac10
Event: 29.842 Thread 0x0000020a1b0e6460 flushing  nmethod 0x0000020a07d8cd10
Event: 29.842 Thread 0x0000020a1b0e6460 flushing  nmethod 0x0000020a07da8010
Event: 29.842 Thread 0x0000020a1b0e6460 flushing  nmethod 0x0000020a07db7290
Event: 29.842 Thread 0x0000020a1b0e6460 flushing  nmethod 0x0000020a07dc4f10
Event: 29.842 Thread 0x0000020a1b0e6460 flushing  nmethod 0x0000020a07e21490
Event: 29.842 Thread 0x0000020a1b0e6460 flushing  nmethod 0x0000020a07e27410
Event: 29.842 Thread 0x0000020a1b0e6460 flushing  nmethod 0x0000020a07e5fd90
Event: 29.842 Thread 0x0000020a1b0e6460 flushing  nmethod 0x0000020a07ebca90
Event: 29.842 Thread 0x0000020a1b0e6460 flushing  nmethod 0x0000020a07f59c10
Event: 29.842 Thread 0x0000020a1b0e6460 flushing  nmethod 0x0000020a08002810
Event: 29.842 Thread 0x0000020a1b0e6460 flushing  nmethod 0x0000020a08159c90
Event: 29.842 Thread 0x0000020a1b0e6460 flushing  nmethod 0x0000020a08199c90
Event: 29.842 Thread 0x0000020a1b0e6460 flushing  nmethod 0x0000020a08281310
Event: 29.842 Thread 0x0000020a1b0e6460 flushing  nmethod 0x0000020a08308a90
Event: 29.842 Thread 0x0000020a1b0e6460 flushing  nmethod 0x0000020a0845a810
Event: 29.842 Thread 0x0000020a1b0e6460 flushing  nmethod 0x0000020a08551c10
Event: 29.842 Thread 0x0000020a1b0e6460 flushing  nmethod 0x0000020a08838a90
Event: 29.842 Thread 0x0000020a1b0e6460 flushing  nmethod 0x0000020a0893a610

Events (20 events):
Event: 4.087 Thread 0x0000020a1b2e41e0 Thread exited: 0x0000020a1b2e41e0
Event: 4.380 Thread 0x0000020a1b2e1fd0 Thread exited: 0x0000020a1b2e1fd0
Event: 4.824 Thread 0x0000020a1b2dd9a0 Thread added: 0x0000020a1b2e1fd0
Event: 4.968 Thread 0x0000020a1b2e4f80 Thread added: 0x0000020a1b2e26a0
Event: 9.137 Thread 0x0000020a1b2e26a0 Thread exited: 0x0000020a1b2e26a0
Event: 9.996 Thread 0x0000020a1b2e4f80 Thread added: 0x0000020a260d5920
Event: 18.203 Thread 0x0000020a260d5920 Thread exited: 0x0000020a260d5920
Event: 19.320 Thread 0x0000020a1b2e4f80 Thread added: 0x0000020a27078ba0
Event: 26.231 Thread 0x0000020a27078ba0 Thread exited: 0x0000020a27078ba0
Event: 26.560 Thread 0x0000020a1b2e1fd0 Thread exited: 0x0000020a1b2e1fd0
Event: 28.128 Thread 0x0000020a1b2e4f80 Thread added: 0x0000020a24ac3030
Event: 28.547 Thread 0x0000020a1b2e4f80 Thread added: 0x0000020a24ac3dd0
Event: 29.301 Thread 0x0000020a24ac3dd0 Thread exited: 0x0000020a24ac3dd0
Event: 29.307 Thread 0x0000020a24ac3030 Thread exited: 0x0000020a24ac3030
Event: 29.757 Thread 0x0000020a1b2dd9a0 Thread added: 0x0000020a24ac5fe0
Event: 33.437 Thread 0x0000020a24ac5fe0 Thread exited: 0x0000020a24ac5fe0
Event: 33.835 Thread 0x0000020a1b2e4f80 Thread added: 0x0000020a27296480
Event: 33.991 Thread 0x0000020a1b2e4f80 Thread added: 0x0000020a27292e00
Event: 34.371 Thread 0x0000020a27292e00 Thread exited: 0x0000020a27292e00
Event: 35.602 Thread 0x0000020a1b2e4f80 Thread added: 0x0000020a27297fc0


Dynamic libraries:
0x00007ff7a1790000 - 0x00007ff7a179a000 	C:\Program Files\Android\Android Studio\jbr\bin\java.exe
0x00007ffa91920000 - 0x00007ffa91b87000 	C:\WINDOWS\SYSTEM32\ntdll.dll
0x00007ffa904f0000 - 0x00007ffa905b9000 	C:\WINDOWS\System32\KERNEL32.DLL
0x00007ffa8eee0000 - 0x00007ffa8f2cf000 	C:\WINDOWS\System32\KERNELBASE.dll
0x00007ffa8ec20000 - 0x00007ffa8ed6b000 	C:\WINDOWS\System32\ucrtbase.dll
0x00007ffa81ad0000 - 0x00007ffa81ae8000 	C:\Program Files\Android\Android Studio\jbr\bin\jli.dll
0x00007ffa6f5e0000 - 0x00007ffa6f5fb000 	C:\Program Files\Android\Android Studio\jbr\bin\VCRUNTIME140.dll
0x00007ffa8fc30000 - 0x00007ffa8fdf5000 	C:\WINDOWS\System32\USER32.dll
0x00007ffa8ea70000 - 0x00007ffa8ea97000 	C:\WINDOWS\System32\win32u.dll
0x00007ffa78380000 - 0x00007ffa78613000 	C:\WINDOWS\WinSxS\amd64_microsoft.windows.common-controls_6595b64144ccf1df_6.0.26100.7309_none_3e05feeae336a044\COMCTL32.dll
0x00007ffa8fb00000 - 0x00007ffa8fb2b000 	C:\WINDOWS\System32\GDI32.dll
0x00007ffa8f6d0000 - 0x00007ffa8f779000 	C:\WINDOWS\System32\msvcrt.dll
0x00007ffa8f440000 - 0x00007ffa8f56c000 	C:\WINDOWS\System32\gdi32full.dll
0x00007ffa8f2e0000 - 0x00007ffa8f383000 	C:\WINDOWS\System32\msvcp_win.dll
0x00007ffa90af0000 - 0x00007ffa90b21000 	C:\WINDOWS\System32\IMM32.DLL
0x00007ffa89c30000 - 0x00007ffa89c3c000 	C:\Program Files\Android\Android Studio\jbr\bin\vcruntime140_1.dll
0x00007ffa57580000 - 0x00007ffa5760d000 	C:\Program Files\Android\Android Studio\jbr\bin\msvcp140.dll
0x00007ffa24d60000 - 0x00007ffa259f6000 	C:\Program Files\Android\Android Studio\jbr\bin\server\jvm.dll
0x00007ffa90610000 - 0x00007ffa906c4000 	C:\WINDOWS\System32\ADVAPI32.dll
0x00007ffa8fe80000 - 0x00007ffa8ff26000 	C:\WINDOWS\System32\sechost.dll
0x00007ffa90940000 - 0x00007ffa90a58000 	C:\WINDOWS\System32\RPCRT4.dll
0x00007ffa907b0000 - 0x00007ffa90824000 	C:\WINDOWS\System32\WS2_32.dll
0x00007ffa8e8f0000 - 0x00007ffa8e94e000 	C:\WINDOWS\SYSTEM32\POWRPROF.dll
0x00007ffa83ae0000 - 0x00007ffa83aeb000 	C:\WINDOWS\SYSTEM32\VERSION.dll
0x00007ffa787c0000 - 0x00007ffa787f5000 	C:\WINDOWS\SYSTEM32\WINMM.dll
0x00007ffa8e8d0000 - 0x00007ffa8e8e4000 	C:\WINDOWS\SYSTEM32\UMPDC.dll
0x00007ffa8d7e0000 - 0x00007ffa8d7fb000 	C:\WINDOWS\SYSTEM32\kernel.appcore.dll
0x00007ffa81af0000 - 0x00007ffa81afa000 	C:\Program Files\Android\Android Studio\jbr\bin\jimage.dll
0x00007ffa82680000 - 0x00007ffa828c2000 	C:\WINDOWS\SYSTEM32\DBGHELP.DLL
0x00007ffa91460000 - 0x00007ffa917e5000 	C:\WINDOWS\System32\combase.dll
0x00007ffa906d0000 - 0x00007ffa907a6000 	C:\WINDOWS\System32\OLEAUT32.dll
0x00007ffa6df00000 - 0x00007ffa6df3c000 	C:\WINDOWS\SYSTEM32\dbgcore.DLL
0x00007ffa8f390000 - 0x00007ffa8f435000 	C:\WINDOWS\System32\bcryptPrimitives.dll
0x00007ffa6bfc0000 - 0x00007ffa6bfe0000 	C:\Program Files\Android\Android Studio\jbr\bin\java.dll
0x00007ffa672e0000 - 0x00007ffa672f8000 	C:\Program Files\Android\Android Studio\jbr\bin\zip.dll
0x00007ffa90d00000 - 0x00007ffa91453000 	C:\WINDOWS\System32\SHELL32.dll
0x00007ffa8ed70000 - 0x00007ffa8eeda000 	C:\WINDOWS\System32\wintypes.dll
0x00007ffa8c630000 - 0x00007ffa8ce8e000 	C:\WINDOWS\SYSTEM32\windows.storage.dll
0x00007ffa903f0000 - 0x00007ffa904e5000 	C:\WINDOWS\System32\SHCORE.dll
0x00007ffa908d0000 - 0x00007ffa90936000 	C:\WINDOWS\System32\shlwapi.dll
0x00007ffa8e990000 - 0x00007ffa8e9b9000 	C:\WINDOWS\SYSTEM32\profapi.dll
0x00007ffa815b0000 - 0x00007ffa815c0000 	C:\Program Files\Android\Android Studio\jbr\bin\net.dll
0x00007ffa88b90000 - 0x00007ffa88cb8000 	C:\WINDOWS\SYSTEM32\WINHTTP.dll
0x00007ffa8dd30000 - 0x00007ffa8dd9b000 	C:\WINDOWS\system32\mswsock.dll
0x00007ffa67120000 - 0x00007ffa67136000 	C:\Program Files\Android\Android Studio\jbr\bin\nio.dll
0x00007ffa7ffa0000 - 0x00007ffa7ffb0000 	C:\Program Files\Android\Android Studio\jbr\bin\verify.dll

JVMTI agents: none

dbghelp: loaded successfully - version: 4.0.5 - missing functions: none
symbol engine: initialized successfully - sym options: 0x614 - pdb path: .;C:\Program Files\Android\Android Studio\jbr\bin;C:\WINDOWS\SYSTEM32;C:\WINDOWS\WinSxS\amd64_microsoft.windows.common-controls_6595b64144ccf1df_6.0.26100.7309_none_3e05feeae336a044;C:\Program Files\Android\Android Studio\jbr\bin\server

VM Arguments:
java_command: org.jetbrains.kotlin.cli.jvm.K2JVMCompiler @C:\Users\user\Desktop\flutter\packages\flutter_tools\gradle\build\20260103_13491155481332274390.compiler.options
java_class_path (initial): C:\Users\user\.gradle\caches\modules-2\files-2.1\org.jetbrains.kotlin\kotlin-compiler-embeddable\2.0.21\79346ed53db48b18312a472602eb5c057070c54d\kotlin-compiler-embeddable-2.0.21.jar;C:\Users\user\.gradle\caches\modules-2\files-2.1\org.jetbrains.kotlin\kotlin-stdlib\2.0.21\618b539767b4899b4660a83006e052b63f1db551\kotlin-stdlib-2.0.21.jar;C:\Users\user\.gradle\caches\modules-2\files-2.1\org.jetbrains.kotlin\kotlin-script-runtime\2.0.21\c9b044380ad41f89aa89aa896c2d32a8c0b2129d\kotlin-script-runtime-2.0.21.jar;C:\Users\user\.gradle\caches\modules-2\files-2.1\org.jetbrains.kotlin\kotlin-reflect\1.6.10\1cbe9c92c12a94eea200d23c2bbaedaf3daf5132\kotlin-reflect-1.6.10.jar;C:\Users\user\.gradle\caches\modules-2\files-2.1\org.jetbrains.kotlin\kotlin-daemon-embeddable\2.0.21\c9e933b23287de9b5a17e2116b4657bb91aea72c\kotlin-daemon-embeddable-2.0.21.jar;C:\Users\user\.gradle\caches\modules-2\files-2.1\org.jetbrains.intellij.deps\trove4j\1.0.20200330\3afb14d5f9ceb459d724e907a21145e8ff394f02\trove4j-1.0.20200330.jar;C:\Users\user\.gradle\caches\modules-2\files-2.1\org.jetbrains.kotlinx\kotlinx-coroutines-core-jvm\1.6.4\2c997cd1c0ef33f3e751d3831929aeff1390cb30\kotlinx-coroutines-core-jvm-1.6.4.jar;C:\Users\user\.gradle\caches\modules-2\files-2.1\org.jetbrains\annotations\13.0\919f0dfe192fb4e063e7dacadee7f8bb9a2672a9\annotations-13.0.jar
Launcher Type: SUN_STANDARD

[Global flags]
     intx CICompilerCount                          = 4                                         {product} {ergonomic}
     uint ConcGCThreads                            = 2                                         {product} {ergonomic}
     uint G1ConcRefinementThreads                  = 8                                         {product} {ergonomic}
   size_t G1HeapRegionSize                         = 1048576                                   {product} {ergonomic}
    uintx GCDrainStackTargetSize                   = 64                                        {product} {ergonomic}
   size_t InitialHeapSize                          = 132120576                                 {product} {ergonomic}
   size_t MarkStackSize                            = 4194304                                   {product} {ergonomic}
   size_t MaxHeapSize                              = 2099249152                                {product} {ergonomic}
   size_t MaxNewSize                               = 1259339776                                {product} {ergonomic}
   size_t MinHeapDeltaBytes                        = 1048576                                   {product} {ergonomic}
   size_t MinHeapSize                              = 8388608                                   {product} {ergonomic}
    uintx NonNMethodCodeHeapSize                   = 5839372                                {pd product} {ergonomic}
    uintx NonProfiledCodeHeapSize                  = 122909434                              {pd product} {ergonomic}
    uintx ProfiledCodeHeapSize                     = 122909434                              {pd product} {ergonomic}
    uintx ReservedCodeCacheSize                    = 251658240                              {pd product} {ergonomic}
     bool SegmentedCodeCache                       = true                                      {product} {ergonomic}
   size_t SoftMaxHeapSize                          = 2099249152                             {manageable} {ergonomic}
     bool UseCompressedOops                        = true                           {product lp64_product} {ergonomic}
     bool UseG1GC                                  = true                                      {product} {ergonomic}
     bool UseLargePagesIndividualAllocation        = false                                  {pd product} {ergonomic}

Logging:
Log output configuration:
 #0: stdout all=warning uptime,level,tags foldmultilines=false
 #1: stderr all=off uptime,level,tags foldmultilines=false

Environment Variables:
JAVA_HOME=C:\Program Files\Android\Android Studio\jbr
CLASSPATH=C:\Users\user\Desktop\cours et Tds\pharmacie\android\\gradle\wrapper\gradle-wrapper.jar
PATH=C:\Program Files\Android\Android Studio\jbr\bin;C:\Users\user\Desktop\flutter\bin\;C:\WINDOWS\system32;C:\WINDOWS;C:\WINDOWS\System32\Wbem;C:\WINDOWS\System32\WindowsPowerShell\v1.0\;C:\WINDOWS\System32\OpenSSH\;C:\Program Files (x86)\AOMEI\AOMEI Backupper\6.5.1;C:\Program Files\Git\cmd;C:\ProgramData\chocolatey\bin;C:\Program Files\nodejs\;C:\Program Files\dotnet\;C:\Users\user\AppData\Local\Microsoft\WindowsApps;C:\Users\user\AppData\Local\Programs\Microsoft VS Code\bin;C:\Users\user\AppData\Roaming\npm;C:\Program Files\heroku\bin;C:\ffmpeg\bin;C:\Users\user\Downloads\stripe_1.31.0_windows_x86_64\;C:\Users\user\Downloads\stripe;C:\Users\user\Desktop\flutter\bin;C:\Users\user\AppData\Local\Pub\Cache\bin;
USERNAME=user
LANG=en_US.UTF-8
OS=Windows_NT
PROCESSOR_IDENTIFIER=Intel64 Family 6 Model 142 Stepping 12, GenuineIntel
TMP=C:\Users\user\AppData\Local\Temp
TEMP=C:\Users\user\AppData\Local\Temp




Periodic native trim disabled

JNI global refs:
JNI global refs: 13, weak refs: 1

JNI global refs memory usage: 835, weak refs: 833

Process memory usage:
Resident Set Size: 440180K (5% of 8194560K total physical memory with 1134032K free physical memory)

OOME stack traces (most recent first):
Classloader memory used:
Loader jdk.internal.loader.ClassLoaders$AppClassLoader                                 : 77619K
Loader bootstrap                                                                       : 13700K
Loader java.net.URLClassLoader                                                         : 599K
Loader jdk.internal.jrtfs.JrtFileSystemProvider$JrtFsLoader                            : 339K
Loader jdk.internal.loader.ClassLoaders$PlatformClassLoader                            : 67872B

Classes loaded by more than one classloader:
Class jdk.internal.jimage.BasicImageReader                                            : loaded 2 times (x 95B)
Class jdk.internal.jimage.decompressor.StringSharingDecompressorFactory               : loaded 2 times (x 74B)
Class jdk.internal.jrtfs.JrtFileSystemProvider                                        : loaded 2 times (x 101B)
Class jdk.internal.jimage.ImageLocation                                               : loaded 2 times (x 90B)
Class jdk.internal.jimage.ImageBufferCache$1                                          : loaded 2 times (x 83B)
Class jdk.internal.jimage.ImageBufferCache$2                                          : loaded 2 times (x 91B)
Class jdk.internal.jimage.ImageHeader                                                 : loaded 2 times (x 71B)
Class jdk.internal.jimage.decompressor.ResourceDecompressor                           : loaded 2 times (x 70B)
Class jdk.internal.jimage.ImageStringsReader                                          : loaded 2 times (x 80B)
Class jdk.internal.jimage.ImageReader                                                 : loaded 2 times (x 75B)
Class jdk.internal.jimage.ImageReader$SharedImageReader                               : loaded 2 times (x 95B)
Class jdk.internal.jimage.decompressor.ResourceDecompressorFactory                    : loaded 2 times (x 74B)
Class jdk.internal.jimage.ImageReader$Node                                            : loaded 2 times (x 84B)
Class jdk.internal.jimage.BasicImageReader$1                                          : loaded 2 times (x 77B)
Class jdk.internal.jimage.decompressor.Decompressor                                   : loaded 2 times (x 72B)
Class jdk.internal.jimage.ImageBufferCache                                            : loaded 2 times (x 71B)
Class jdk.internal.jrtfs.JrtPath                                                      : loaded 2 times (x 118B)
Class jdk.internal.jimage.decompressor.ResourceDecompressorRepository                 : loaded 2 times (x 71B)
Class jdk.internal.jimage.ImageReader$Directory                                       : loaded 2 times (x 84B)
Class jdk.internal.jimage.decompressor.ZipDecompressorFactory                         : loaded 2 times (x 74B)
Class jdk.internal.jimage.decompressor.ZipDecompressor                                : loaded 2 times (x 75B)
Class jdk.internal.jimage.ImageStrings                                                : loaded 2 times (x 70B)
Class jdk.internal.jrtfs.JrtFileSystem                                                : loaded 2 times (x 102B)
Class jdk.internal.jimage.decompressor.CompressedResourceHeader                       : loaded 2 times (x 71B)
Class jdk.internal.jimage.decompressor.ResourceDecompressor$StringsProvider           : loaded 2 times (x 70B)

---------------  S Y S T E M  ---------------

OS:
 Windows 11 , 64 bit Build 26100 (10.0.26100.7309)
OS uptime: 24 days 2:27 hours
Hyper-V role detected

CPU: total 8 (initial active 8) (4 cores per cpu, 2 threads per core) family 6 model 142 stepping 12 microcode 0xf0, cx8, cmov, fxsr, ht, mmx, 3dnowpref, sse, sse2, sse3, ssse3, sse4.1, sse4.2, popcnt, lzcnt, tsc, tscinvbit, avx, avx2, aes, erms, clmul, bmi1, bmi2, adx, fma, vzeroupper, clflush, clflushopt, hv, rdtscp, f16c
Processor Information for the first 8 processors :
  Max Mhz: 1896, Current Mhz: 1596, Mhz Limit: 1592

Memory: 4k page, system-wide physical 8002M (1094M free)
TotalPageFile size 18560M (AvailPageFile size 34M)
current process WorkingSet (physical memory assigned to process): 433M, peak: 448M
current process commit charge ("private bytes"): 478M, peak: 488M

vm_info: OpenJDK 64-Bit Server VM (21.0.8+-14196175-b1038.72) for windows-amd64 JRE (21.0.8+-14196175-b1038.72), built on 2025-10-01T10:24:33Z by "builder" with MS VC++ 16.10 / 16.11 (VS2019)

END.
