#
# There is insufficient memory for the Java Runtime Environment to continue.
# Native memory allocation (malloc) failed to allocate 944976 bytes. Error detail: Chunk::new
# Possible reasons:
#   The system is out of physical RAM or swap space
#   This process is running with CompressedOops enabled, and the Java Heap may be blocking the growth of the native heap
# Possible solutions:
#   Reduce memory load on the system
#   Increase physical memory or swap space
#   Check if swap backing store is full
#   Decrease Java heap size (-Xmx/-Xms)
#   Decrease number of Java threads
#   Decrease Java thread stack sizes (-Xss)
#   Set larger code cache with -XX:ReservedCodeCacheSize=
#   JVM is running with Unscaled Compressed Oops mode in which the Java heap is
#     placed in the first 4GB address space. The Java Heap base address is the
#     maximum limit for the native heap growth. Please use -XX:HeapBaseMinAddress
#     to set the Java Heap base and to place the Java Heap above 4GB virtual address.
# This output file may be truncated or incomplete.
#
#  Out of Memory Error (arena.cpp:168), pid=10488, tid=23032
#
# JRE version: OpenJDK Runtime Environment (21.0.8) (build 21.0.8+-14196175-b1038.72)
# Java VM: OpenJDK 64-Bit Server VM (21.0.8+-14196175-b1038.72, mixed mode, tiered, compressed oops, compressed class ptrs, g1 gc, windows-amd64)
# No core dump will be written. Minidumps are not enabled by default on client versions of Windows
#

---------------  S U M M A R Y ------------

Command Line: org.jetbrains.kotlin.cli.jvm.K2JVMCompiler @C:\Users\user\Desktop\flutter\packages\flutter_tools\gradle\build\20260103_5261343006131587087.compiler.options

Host: Intel(R) Core(TM) i5-8365U CPU @ 1.60GHz, 8 cores, 7G,  Windows 11 , 64 bit Build 26100 (10.0.26100.7309)
Time: Sat Jan  3 02:36:38 2026 Romance Standard Time elapsed time: 15.167875 seconds (0d 0h 0m 15s)

---------------  T H R E A D  ---------------

Current thread (0x000002b4500b28f0):  JavaThread "C2 CompilerThread2" daemon [_thread_in_native, id=23032, stack(0x000000cbdec00000,0x000000cbded00000) (1024K)]


Current CompileTask:
C2:15168 4601       4       org.jetbrains.kotlin.com.intellij.lang.impl.PsiBuilderImpl::insertLeaves (97 bytes)

Stack: [0x000000cbdec00000,0x000000cbded00000]
Native frames: (J=compiled Java code, j=interpreted, Vv=VM code, C=native code)
V  [jvm.dll+0x6d68d9]
V  [jvm.dll+0x866693]
V  [jvm.dll+0x868c4e]
V  [jvm.dll+0x869333]
V  [jvm.dll+0x280566]
V  [jvm.dll+0xc07cd]
V  [jvm.dll+0xc0d03]
V  [jvm.dll+0x3b95e1]
V  [jvm.dll+0x1dfd12]
V  [jvm.dll+0x2493a4]
V  [jvm.dll+0x248821]
V  [jvm.dll+0x1c73a4]
V  [jvm.dll+0x257f9e]
V  [jvm.dll+0x2564e6]
V  [jvm.dll+0x3f4696]
V  [jvm.dll+0x80eac8]
V  [jvm.dll+0x6d512d]
C  [ucrtbase.dll+0x37b0]
C  [KERNEL32.DLL+0x2e8d7]
C  [ntdll.dll+0x8c53c]


---------------  P R O C E S S  ---------------

Threads class SMR info:
_java_thread_list=0x000002b44f89fc80, length=13, elements={
0x000002b42bb64e60, 0x000002b4455d7bf0, 0x000002b4455e5460, 0x000002b4455db930,
0x000002b445600e40, 0x000002b445611b60, 0x000002b445613130, 0x000002b445613b90,
0x000002b4456145f0, 0x000002b44561a600, 0x000002b4457ba0a0, 0x000002b44eaef6a0,
0x000002b4500b28f0
}

Java Threads: ( => current thread )
  0x000002b42bb64e60 JavaThread "main"                              [_thread_in_Java, id=10772, stack(0x000000cbdd100000,0x000000cbdd200000) (1024K)]
  0x000002b4455d7bf0 JavaThread "Common-Cleaner"             daemon [_thread_blocked, id=16204, stack(0x000000cbdd900000,0x000000cbdda00000) (1024K)]
  0x000002b4455e5460 JavaThread "Reference Handler"          daemon [_thread_blocked, id=10812, stack(0x000000cbdda00000,0x000000cbddb00000) (1024K)]
  0x000002b4455db930 JavaThread "Finalizer"                  daemon [_thread_blocked, id=21876, stack(0x000000cbddb00000,0x000000cbddc00000) (1024K)]
  0x000002b445600e40 JavaThread "Signal Dispatcher"          daemon [_thread_blocked, id=12560, stack(0x000000cbddc00000,0x000000cbddd00000) (1024K)]
  0x000002b445611b60 JavaThread "Attach Listener"            daemon [_thread_blocked, id=10756, stack(0x000000cbddd00000,0x000000cbdde00000) (1024K)]
  0x000002b445613130 JavaThread "Service Thread"             daemon [_thread_blocked, id=14940, stack(0x000000cbdde00000,0x000000cbddf00000) (1024K)]
  0x000002b445613b90 JavaThread "Monitor Deflation Thread"   daemon [_thread_blocked, id=25120, stack(0x000000cbddf00000,0x000000cbde000000) (1024K)]
  0x000002b4456145f0 JavaThread "C2 CompilerThread0"         daemon [_thread_in_native, id=13768, stack(0x000000cbde000000,0x000000cbde100000) (1024K)]
  0x000002b44561a600 JavaThread "C1 CompilerThread0"         daemon [_thread_in_native, id=8896, stack(0x000000cbde100000,0x000000cbde200000) (1024K)]
  0x000002b4457ba0a0 JavaThread "Notification Thread"        daemon [_thread_blocked, id=16812, stack(0x000000cbde200000,0x000000cbde300000) (1024K)]
  0x000002b44eaef6a0 JavaThread "C2 CompilerThread1"         daemon [_thread_in_native, id=21256, stack(0x000000cbdeb00000,0x000000cbdec00000) (1024K)]
=>0x000002b4500b28f0 JavaThread "C2 CompilerThread2"         daemon [_thread_in_native, id=23032, stack(0x000000cbdec00000,0x000000cbded00000) (1024K)]
Total: 13

Other Threads:
  0x000002b44545bae0 VMThread "VM Thread"                           [id=24692, stack(0x000000cbdd800000,0x000000cbdd900000) (1024K)]
  0x000002b4453caf50 WatcherThread "VM Periodic Task Thread"        [id=20172, stack(0x000000cbdd700000,0x000000cbdd800000) (1024K)]
  0x000002b42de7f2b0 WorkerThread "GC Thread#0"                     [id=23184, stack(0x000000cbdd200000,0x000000cbdd300000) (1024K)]
  0x000002b44a6248a0 WorkerThread "GC Thread#1"                     [id=6604, stack(0x000000cbde300000,0x000000cbde400000) (1024K)]
  0x000002b44a61b0a0 WorkerThread "GC Thread#2"                     [id=16924, stack(0x000000cbde400000,0x000000cbde500000) (1024K)]
  0x000002b44a5e42a0 WorkerThread "GC Thread#3"                     [id=3956, stack(0x000000cbde500000,0x000000cbde600000) (1024K)]
  0x000002b44a5e4640 WorkerThread "GC Thread#4"                     [id=15544, stack(0x000000cbde600000,0x000000cbde700000) (1024K)]
  0x000002b44a5e4de0 WorkerThread "GC Thread#5"                     [id=26360, stack(0x000000cbde700000,0x000000cbde800000) (1024K)]
  0x000002b44a6bd1c0 WorkerThread "GC Thread#6"                     [id=18964, stack(0x000000cbde800000,0x000000cbde900000) (1024K)]
  0x000002b44a6bca80 WorkerThread "GC Thread#7"                     [id=11772, stack(0x000000cbde900000,0x000000cbdea00000) (1024K)]
  0x000002b42de91320 ConcurrentGCThread "G1 Main Marker"            [id=26976, stack(0x000000cbdd300000,0x000000cbdd400000) (1024K)]
  0x000002b42de91e20 WorkerThread "G1 Conc#0"                       [id=12876, stack(0x000000cbdd400000,0x000000cbdd500000) (1024K)]
  0x000002b44a6bbc00 WorkerThread "G1 Conc#1"                       [id=13904, stack(0x000000cbdea00000,0x000000cbdeb00000) (1024K)]
  0x000002b42deee420 ConcurrentGCThread "G1 Refine#0"               [id=7580, stack(0x000000cbdd500000,0x000000cbdd600000) (1024K)]
  0x000002b44529ff90 ConcurrentGCThread "G1 Service"                [id=5324, stack(0x000000cbdd600000,0x000000cbdd700000) (1024K)]
Total: 15

Threads with active compile tasks:
C2 CompilerThread0  15202 4651       4       org.jetbrains.kotlin.com.intellij.psi.impl.source.CharTableImpl::intern (34 bytes)
C1 CompilerThread0  15202 4706       3       org.jetbrains.kotlin.com.intellij.lang.impl.PsiBuilderImpl$StartMarker::collapse (28 bytes)
C2 CompilerThread1  15202 4650       4       org.jetbrains.kotlin.com.intellij.lang.impl.PsiBuilderImpl::createLeaf (146 bytes)
C2 CompilerThread2  15202 4601       4       org.jetbrains.kotlin.com.intellij.lang.impl.PsiBuilderImpl::insertLeaves (97 bytes)
Total: 4

VM state: not at safepoint (normal execution)

VM Mutex/Monitor currently owned by a thread:  ([mutex/lock_event])
[0x00007ffa25917038] MethodCompileQueue_lock - owner thread: 0x000002b44561a600

Heap address: 0x0000000082e00000, size: 2002 MB, Compressed Oops mode: 32-bit

CDS archive(s) not mapped
Compressed class space mapped at: 0x0000000100000000-0x0000000140000000, reserved size: 1073741824
Narrow klass base: 0x0000000000000000, Narrow klass shift: 3, Narrow klass range: 0x140000000

GC Precious Log:
 CardTable entry size: 512
 Card Set container configuration: InlinePtr #cards 5 size 8 Array Of Cards #cards 12 size 40 Howl #buckets 4 coarsen threshold 1843 Howl Bitmap #cards 512 size 80 coarsen threshold 460 Card regions per heap region 1 cards per card region 2048
 CPUs: 8 total, 8 available
 Memory: 8002M
 Large Page Support: Disabled
 NUMA Support: Disabled
 Compressed Oops: Enabled (32-bit)
 Heap Region Size: 1M
 Heap Min Capacity: 8M
 Heap Initial Capacity: 126M
 Heap Max Capacity: 2002M
 Pre-touch: Disabled
 Parallel Workers: 8
 Concurrent Workers: 2
 Concurrent Refinement Workers: 8
 Periodic GC: Disabled

Heap:
 garbage-first heap   total 178176K, used 114911K [0x0000000082e00000, 0x0000000100000000)
  region size 1024K, 63 young (64512K), 2 survivors (2048K)
 Metaspace       used 56622K, committed 57344K, reserved 1114112K
  class space    used 6901K, committed 7232K, reserved 1048576K

Heap Regions: E=young(eden), S=young(survivor), O=old, HS=humongous(starts), HC=humongous(continues), CS=collection set, F=free, TAMS=top-at-mark-start, PB=parsable bottom
|   0|0x0000000082e00000, 0x0000000082f00000, 0x0000000082f00000|100%|HS|  |TAMS 0x0000000082e00000| PB 0x0000000082e00000| Complete 
|   1|0x0000000082f00000, 0x0000000083000000, 0x0000000083000000|100%|HC|  |TAMS 0x0000000082f00000| PB 0x0000000082f00000| Complete 
|   2|0x0000000083000000, 0x0000000083100000, 0x0000000083100000|100%|HC|  |TAMS 0x0000000083000000| PB 0x0000000083000000| Complete 
|   3|0x0000000083100000, 0x0000000083200000, 0x0000000083200000|100%| O|  |TAMS 0x0000000083100000| PB 0x0000000083100000| Untracked 
|   4|0x0000000083200000, 0x0000000083300000, 0x0000000083300000|100%| O|  |TAMS 0x0000000083200000| PB 0x0000000083200000| Untracked 
|   5|0x0000000083300000, 0x00000000833e9d00, 0x0000000083400000| 91%| O|  |TAMS 0x0000000083300000| PB 0x0000000083300000| Untracked 
|   6|0x0000000083400000, 0x0000000083500000, 0x0000000083500000|100%| O|  |TAMS 0x0000000083400000| PB 0x0000000083400000| Untracked 
|   7|0x0000000083500000, 0x0000000083600000, 0x0000000083600000|100%| O|  |TAMS 0x0000000083500000| PB 0x0000000083500000| Untracked 
|   8|0x0000000083600000, 0x0000000083700000, 0x0000000083700000|100%|HS|  |TAMS 0x0000000083600000| PB 0x0000000083600000| Complete 
|   9|0x0000000083700000, 0x0000000083800000, 0x0000000083800000|100%|HS|  |TAMS 0x0000000083700000| PB 0x0000000083700000| Complete 
|  10|0x0000000083800000, 0x0000000083900000, 0x0000000083900000|100%|HC|  |TAMS 0x0000000083800000| PB 0x0000000083800000| Complete 
|  11|0x0000000083900000, 0x0000000083a00000, 0x0000000083a00000|100%|HS|  |TAMS 0x0000000083900000| PB 0x0000000083900000| Complete 
|  12|0x0000000083a00000, 0x0000000083b00000, 0x0000000083b00000|100%| O|  |TAMS 0x0000000083a00000| PB 0x0000000083a00000| Untracked 
|  13|0x0000000083b00000, 0x0000000083c00000, 0x0000000083c00000|100%| O|  |TAMS 0x0000000083b00000| PB 0x0000000083b00000| Untracked 
|  14|0x0000000083c00000, 0x0000000083d00000, 0x0000000083d00000|100%| O|  |TAMS 0x0000000083c00000| PB 0x0000000083c00000| Untracked 
|  15|0x0000000083d00000, 0x0000000083e00000, 0x0000000083e00000|100%| O|  |TAMS 0x0000000083d00000| PB 0x0000000083d00000| Untracked 
|  16|0x0000000083e00000, 0x0000000083f00000, 0x0000000083f00000|100%|HS|  |TAMS 0x0000000083e00000| PB 0x0000000083e00000| Complete 
|  17|0x0000000083f00000, 0x0000000084000000, 0x0000000084000000|100%|HS|  |TAMS 0x0000000083f00000| PB 0x0000000083f00000| Complete 
|  18|0x0000000084000000, 0x0000000084100000, 0x0000000084100000|100%| O|  |TAMS 0x0000000084000000| PB 0x0000000084000000| Untracked 
|  19|0x0000000084100000, 0x0000000084200000, 0x0000000084200000|100%| O|  |TAMS 0x0000000084100000| PB 0x0000000084100000| Untracked 
|  20|0x0000000084200000, 0x0000000084300000, 0x0000000084300000|100%| O|  |TAMS 0x0000000084200000| PB 0x0000000084200000| Untracked 
|  21|0x0000000084300000, 0x0000000084400000, 0x0000000084400000|100%| O|  |TAMS 0x0000000084300000| PB 0x0000000084300000| Untracked 
|  22|0x0000000084400000, 0x0000000084500000, 0x0000000084500000|100%| O|Cm|TAMS 0x0000000084400000| PB 0x0000000084400000| Complete 
|  23|0x0000000084500000, 0x0000000084600000, 0x0000000084600000|100%| O|  |TAMS 0x0000000084500000| PB 0x0000000084500000| Untracked 
|  24|0x0000000084600000, 0x0000000084700000, 0x0000000084700000|100%| O|  |TAMS 0x0000000084600000| PB 0x0000000084600000| Untracked 
|  25|0x0000000084700000, 0x0000000084800000, 0x0000000084800000|100%| O|  |TAMS 0x0000000084700000| PB 0x0000000084700000| Untracked 
|  26|0x0000000084800000, 0x0000000084900000, 0x0000000084900000|100%| O|  |TAMS 0x0000000084800000| PB 0x0000000084800000| Untracked 
|  27|0x0000000084900000, 0x0000000084a00000, 0x0000000084a00000|100%| O|  |TAMS 0x0000000084900000| PB 0x0000000084900000| Untracked 
|  28|0x0000000084a00000, 0x0000000084b00000, 0x0000000084b00000|100%|HS|  |TAMS 0x0000000084a00000| PB 0x0000000084a00000| Complete 
|  29|0x0000000084b00000, 0x0000000084c00000, 0x0000000084c00000|100%|HC|  |TAMS 0x0000000084b00000| PB 0x0000000084b00000| Complete 
|  30|0x0000000084c00000, 0x0000000084d00000, 0x0000000084d00000|100%|HC|  |TAMS 0x0000000084c00000| PB 0x0000000084c00000| Complete 
|  31|0x0000000084d00000, 0x0000000084e00000, 0x0000000084e00000|100%|HC|  |TAMS 0x0000000084d00000| PB 0x0000000084d00000| Complete 
|  32|0x0000000084e00000, 0x0000000084f00000, 0x0000000084f00000|100%|HC|  |TAMS 0x0000000084e00000| PB 0x0000000084e00000| Complete 
|  33|0x0000000084f00000, 0x0000000085000000, 0x0000000085000000|100%|HC|  |TAMS 0x0000000084f00000| PB 0x0000000084f00000| Complete 
|  34|0x0000000085000000, 0x0000000085100000, 0x0000000085100000|100%| O|  |TAMS 0x0000000085000000| PB 0x0000000085000000| Untracked 
|  35|0x0000000085100000, 0x0000000085200000, 0x0000000085200000|100%| O|  |TAMS 0x0000000085100000| PB 0x0000000085100000| Untracked 
|  36|0x0000000085200000, 0x0000000085300000, 0x0000000085300000|100%| O|  |TAMS 0x0000000085200000| PB 0x0000000085200000| Untracked 
|  37|0x0000000085300000, 0x0000000085400000, 0x0000000085400000|100%| O|  |TAMS 0x0000000085300000| PB 0x0000000085300000| Untracked 
|  38|0x0000000085400000, 0x0000000085500000, 0x0000000085500000|100%| O|  |TAMS 0x0000000085400000| PB 0x0000000085400000| Untracked 
|  39|0x0000000085500000, 0x0000000085600000, 0x0000000085600000|100%| O|  |TAMS 0x0000000085500000| PB 0x0000000085500000| Untracked 
|  40|0x0000000085600000, 0x0000000085700000, 0x0000000085700000|100%| O|  |TAMS 0x0000000085600000| PB 0x0000000085600000| Untracked 
|  41|0x0000000085700000, 0x0000000085800000, 0x0000000085800000|100%| O|  |TAMS 0x0000000085700000| PB 0x0000000085700000| Untracked 
|  42|0x0000000085800000, 0x0000000085900000, 0x0000000085900000|100%| O|  |TAMS 0x0000000085800000| PB 0x0000000085800000| Untracked 
|  43|0x0000000085900000, 0x0000000085a00000, 0x0000000085a00000|100%| O|  |TAMS 0x0000000085900000| PB 0x0000000085900000| Untracked 
|  44|0x0000000085a00000, 0x0000000085b00000, 0x0000000085b00000|100%| O|  |TAMS 0x0000000085a00000| PB 0x0000000085a00000| Untracked 
|  45|0x0000000085b00000, 0x0000000085c00000, 0x0000000085c00000|100%| O|  |TAMS 0x0000000085b00000| PB 0x0000000085b00000| Untracked 
|  46|0x0000000085c00000, 0x0000000085c00000, 0x0000000085d00000|  0%| F|  |TAMS 0x0000000085c00000| PB 0x0000000085c00000| Untracked 
|  47|0x0000000085d00000, 0x0000000085d00000, 0x0000000085e00000|  0%| F|  |TAMS 0x0000000085d00000| PB 0x0000000085d00000| Untracked 
|  48|0x0000000085e00000, 0x0000000085e00000, 0x0000000085f00000|  0%| F|  |TAMS 0x0000000085e00000| PB 0x0000000085e00000| Untracked 
|  49|0x0000000085f00000, 0x0000000085f00000, 0x0000000086000000|  0%| F|  |TAMS 0x0000000085f00000| PB 0x0000000085f00000| Untracked 
|  50|0x0000000086000000, 0x0000000086000000, 0x0000000086100000|  0%| F|  |TAMS 0x0000000086000000| PB 0x0000000086000000| Untracked 
|  51|0x0000000086100000, 0x0000000086100000, 0x0000000086200000|  0%| F|  |TAMS 0x0000000086100000| PB 0x0000000086100000| Untracked 
|  52|0x0000000086200000, 0x0000000086200000, 0x0000000086300000|  0%| F|  |TAMS 0x0000000086200000| PB 0x0000000086200000| Untracked 
|  53|0x0000000086300000, 0x0000000086300000, 0x0000000086400000|  0%| F|  |TAMS 0x0000000086300000| PB 0x0000000086300000| Untracked 
|  54|0x0000000086400000, 0x0000000086400000, 0x0000000086500000|  0%| F|  |TAMS 0x0000000086400000| PB 0x0000000086400000| Untracked 
|  55|0x0000000086500000, 0x0000000086500000, 0x0000000086600000|  0%| F|  |TAMS 0x0000000086500000| PB 0x0000000086500000| Untracked 
|  56|0x0000000086600000, 0x0000000086600000, 0x0000000086700000|  0%| F|  |TAMS 0x0000000086600000| PB 0x0000000086600000| Untracked 
|  57|0x0000000086700000, 0x0000000086700000, 0x0000000086800000|  0%| F|  |TAMS 0x0000000086700000| PB 0x0000000086700000| Untracked 
|  58|0x0000000086800000, 0x0000000086800000, 0x0000000086900000|  0%| F|  |TAMS 0x0000000086800000| PB 0x0000000086800000| Untracked 
|  59|0x0000000086900000, 0x0000000086900000, 0x0000000086a00000|  0%| F|  |TAMS 0x0000000086900000| PB 0x0000000086900000| Untracked 
|  60|0x0000000086a00000, 0x0000000086a00000, 0x0000000086b00000|  0%| F|  |TAMS 0x0000000086a00000| PB 0x0000000086a00000| Untracked 
|  61|0x0000000086b00000, 0x0000000086b00000, 0x0000000086c00000|  0%| F|  |TAMS 0x0000000086b00000| PB 0x0000000086b00000| Untracked 
|  62|0x0000000086c00000, 0x0000000086c00000, 0x0000000086d00000|  0%| F|  |TAMS 0x0000000086c00000| PB 0x0000000086c00000| Untracked 
|  63|0x0000000086d00000, 0x0000000086d00000, 0x0000000086e00000|  0%| F|  |TAMS 0x0000000086d00000| PB 0x0000000086d00000| Untracked 
|  64|0x0000000086e00000, 0x0000000086e00000, 0x0000000086f00000|  0%| F|  |TAMS 0x0000000086e00000| PB 0x0000000086e00000| Untracked 
|  65|0x0000000086f00000, 0x0000000086f00000, 0x0000000087000000|  0%| F|  |TAMS 0x0000000086f00000| PB 0x0000000086f00000| Untracked 
|  66|0x0000000087000000, 0x0000000087000000, 0x0000000087100000|  0%| F|  |TAMS 0x0000000087000000| PB 0x0000000087000000| Untracked 
|  67|0x0000000087100000, 0x0000000087100000, 0x0000000087200000|  0%| F|  |TAMS 0x0000000087100000| PB 0x0000000087100000| Untracked 
|  68|0x0000000087200000, 0x0000000087200000, 0x0000000087300000|  0%| F|  |TAMS 0x0000000087200000| PB 0x0000000087200000| Untracked 
|  69|0x0000000087300000, 0x0000000087300000, 0x0000000087400000|  0%| F|  |TAMS 0x0000000087300000| PB 0x0000000087300000| Untracked 
|  70|0x0000000087400000, 0x0000000087400000, 0x0000000087500000|  0%| F|  |TAMS 0x0000000087400000| PB 0x0000000087400000| Untracked 
|  71|0x0000000087500000, 0x0000000087500000, 0x0000000087600000|  0%| F|  |TAMS 0x0000000087500000| PB 0x0000000087500000| Untracked 
|  72|0x0000000087600000, 0x0000000087600000, 0x0000000087700000|  0%| F|  |TAMS 0x0000000087600000| PB 0x0000000087600000| Untracked 
|  73|0x0000000087700000, 0x0000000087700000, 0x0000000087800000|  0%| F|  |TAMS 0x0000000087700000| PB 0x0000000087700000| Untracked 
|  74|0x0000000087800000, 0x0000000087800000, 0x0000000087900000|  0%| F|  |TAMS 0x0000000087800000| PB 0x0000000087800000| Untracked 
|  75|0x0000000087900000, 0x0000000087900000, 0x0000000087a00000|  0%| F|  |TAMS 0x0000000087900000| PB 0x0000000087900000| Untracked 
|  76|0x0000000087a00000, 0x0000000087a00000, 0x0000000087b00000|  0%| F|  |TAMS 0x0000000087a00000| PB 0x0000000087a00000| Untracked 
|  77|0x0000000087b00000, 0x0000000087b00000, 0x0000000087c00000|  0%| F|  |TAMS 0x0000000087b00000| PB 0x0000000087b00000| Untracked 
|  78|0x0000000087c00000, 0x0000000087c00000, 0x0000000087d00000|  0%| F|  |TAMS 0x0000000087c00000| PB 0x0000000087c00000| Untracked 
|  79|0x0000000087d00000, 0x0000000087d00000, 0x0000000087e00000|  0%| F|  |TAMS 0x0000000087d00000| PB 0x0000000087d00000| Untracked 
|  80|0x0000000087e00000, 0x0000000087e00000, 0x0000000087f00000|  0%| F|  |TAMS 0x0000000087e00000| PB 0x0000000087e00000| Untracked 
|  81|0x0000000087f00000, 0x0000000087f00000, 0x0000000088000000|  0%| F|  |TAMS 0x0000000087f00000| PB 0x0000000087f00000| Untracked 
|  82|0x0000000088000000, 0x0000000088000000, 0x0000000088100000|  0%| F|  |TAMS 0x0000000088000000| PB 0x0000000088000000| Untracked 
|  83|0x0000000088100000, 0x0000000088100000, 0x0000000088200000|  0%| F|  |TAMS 0x0000000088100000| PB 0x0000000088100000| Untracked 
|  84|0x0000000088200000, 0x0000000088200000, 0x0000000088300000|  0%| F|  |TAMS 0x0000000088200000| PB 0x0000000088200000| Untracked 
|  85|0x0000000088300000, 0x0000000088300000, 0x0000000088400000|  0%| F|  |TAMS 0x0000000088300000| PB 0x0000000088300000| Untracked 
|  86|0x0000000088400000, 0x0000000088400000, 0x0000000088500000|  0%| F|  |TAMS 0x0000000088400000| PB 0x0000000088400000| Untracked 
|  87|0x0000000088500000, 0x0000000088500000, 0x0000000088600000|  0%| F|  |TAMS 0x0000000088500000| PB 0x0000000088500000| Untracked 
|  88|0x0000000088600000, 0x0000000088600000, 0x0000000088700000|  0%| F|  |TAMS 0x0000000088600000| PB 0x0000000088600000| Untracked 
|  89|0x0000000088700000, 0x0000000088700000, 0x0000000088800000|  0%| F|  |TAMS 0x0000000088700000| PB 0x0000000088700000| Untracked 
|  90|0x0000000088800000, 0x0000000088800000, 0x0000000088900000|  0%| F|  |TAMS 0x0000000088800000| PB 0x0000000088800000| Untracked 
|  91|0x0000000088900000, 0x000000008894e0a8, 0x0000000088a00000| 30%| S|CS|TAMS 0x0000000088900000| PB 0x0000000088900000| Complete 
|  92|0x0000000088a00000, 0x0000000088b00000, 0x0000000088b00000|100%| S|CS|TAMS 0x0000000088a00000| PB 0x0000000088a00000| Complete 
|  93|0x0000000088b00000, 0x0000000088b00000, 0x0000000088c00000|  0%| F|  |TAMS 0x0000000088b00000| PB 0x0000000088b00000| Untracked 
|  94|0x0000000088c00000, 0x0000000088c00000, 0x0000000088d00000|  0%| F|  |TAMS 0x0000000088c00000| PB 0x0000000088c00000| Untracked 
|  95|0x0000000088d00000, 0x0000000088d00000, 0x0000000088e00000|  0%| F|  |TAMS 0x0000000088d00000| PB 0x0000000088d00000| Untracked 
|  96|0x0000000088e00000, 0x0000000088e00000, 0x0000000088f00000|  0%| F|  |TAMS 0x0000000088e00000| PB 0x0000000088e00000| Untracked 
|  97|0x0000000088f00000, 0x0000000088f00000, 0x0000000089000000|  0%| F|  |TAMS 0x0000000088f00000| PB 0x0000000088f00000| Untracked 
|  98|0x0000000089000000, 0x0000000089000000, 0x0000000089100000|  0%| F|  |TAMS 0x0000000089000000| PB 0x0000000089000000| Untracked 
|  99|0x0000000089100000, 0x0000000089100000, 0x0000000089200000|  0%| F|  |TAMS 0x0000000089100000| PB 0x0000000089100000| Untracked 
| 100|0x0000000089200000, 0x0000000089200000, 0x0000000089300000|  0%| F|  |TAMS 0x0000000089200000| PB 0x0000000089200000| Untracked 
| 101|0x0000000089300000, 0x0000000089300000, 0x0000000089400000|  0%| F|  |TAMS 0x0000000089300000| PB 0x0000000089300000| Untracked 
| 102|0x0000000089400000, 0x0000000089400000, 0x0000000089500000|  0%| F|  |TAMS 0x0000000089400000| PB 0x0000000089400000| Untracked 
| 103|0x0000000089500000, 0x0000000089500000, 0x0000000089600000|  0%| F|  |TAMS 0x0000000089500000| PB 0x0000000089500000| Untracked 
| 104|0x0000000089600000, 0x0000000089600000, 0x0000000089700000|  0%| F|  |TAMS 0x0000000089600000| PB 0x0000000089600000| Untracked 
| 105|0x0000000089700000, 0x0000000089700000, 0x0000000089800000|  0%| F|  |TAMS 0x0000000089700000| PB 0x0000000089700000| Untracked 
| 106|0x0000000089800000, 0x0000000089800000, 0x0000000089900000|  0%| F|  |TAMS 0x0000000089800000| PB 0x0000000089800000| Untracked 
| 107|0x0000000089900000, 0x0000000089900000, 0x0000000089a00000|  0%| F|  |TAMS 0x0000000089900000| PB 0x0000000089900000| Untracked 
| 108|0x0000000089a00000, 0x0000000089b00000, 0x0000000089b00000|100%| E|  |TAMS 0x0000000089a00000| PB 0x0000000089a00000| Complete 
| 109|0x0000000089b00000, 0x0000000089c00000, 0x0000000089c00000|100%| E|CS|TAMS 0x0000000089b00000| PB 0x0000000089b00000| Complete 
| 110|0x0000000089c00000, 0x0000000089d00000, 0x0000000089d00000|100%| E|CS|TAMS 0x0000000089c00000| PB 0x0000000089c00000| Complete 
| 111|0x0000000089d00000, 0x0000000089e00000, 0x0000000089e00000|100%| E|CS|TAMS 0x0000000089d00000| PB 0x0000000089d00000| Complete 
| 112|0x0000000089e00000, 0x0000000089f00000, 0x0000000089f00000|100%| E|CS|TAMS 0x0000000089e00000| PB 0x0000000089e00000| Complete 
| 113|0x0000000089f00000, 0x000000008a000000, 0x000000008a000000|100%| E|CS|TAMS 0x0000000089f00000| PB 0x0000000089f00000| Complete 
| 114|0x000000008a000000, 0x000000008a100000, 0x000000008a100000|100%| E|CS|TAMS 0x000000008a000000| PB 0x000000008a000000| Complete 
| 115|0x000000008a100000, 0x000000008a200000, 0x000000008a200000|100%| E|CS|TAMS 0x000000008a100000| PB 0x000000008a100000| Complete 
| 116|0x000000008a200000, 0x000000008a300000, 0x000000008a300000|100%| E|CS|TAMS 0x000000008a200000| PB 0x000000008a200000| Complete 
| 117|0x000000008a300000, 0x000000008a400000, 0x000000008a400000|100%| E|CS|TAMS 0x000000008a300000| PB 0x000000008a300000| Complete 
| 118|0x000000008a400000, 0x000000008a500000, 0x000000008a500000|100%| E|CS|TAMS 0x000000008a400000| PB 0x000000008a400000| Complete 
| 119|0x000000008a500000, 0x000000008a600000, 0x000000008a600000|100%| E|CS|TAMS 0x000000008a500000| PB 0x000000008a500000| Complete 
| 120|0x000000008a600000, 0x000000008a700000, 0x000000008a700000|100%| E|CS|TAMS 0x000000008a600000| PB 0x000000008a600000| Complete 
| 121|0x000000008a700000, 0x000000008a800000, 0x000000008a800000|100%| E|CS|TAMS 0x000000008a700000| PB 0x000000008a700000| Complete 
| 122|0x000000008a800000, 0x000000008a900000, 0x000000008a900000|100%| E|CS|TAMS 0x000000008a800000| PB 0x000000008a800000| Complete 
| 123|0x000000008a900000, 0x000000008aa00000, 0x000000008aa00000|100%| E|CS|TAMS 0x000000008a900000| PB 0x000000008a900000| Complete 
| 124|0x000000008aa00000, 0x000000008ab00000, 0x000000008ab00000|100%| E|CS|TAMS 0x000000008aa00000| PB 0x000000008aa00000| Complete 
| 125|0x000000008ab00000, 0x000000008ac00000, 0x000000008ac00000|100%| E|CS|TAMS 0x000000008ab00000| PB 0x000000008ab00000| Complete 
| 126|0x000000008ac00000, 0x000000008ad00000, 0x000000008ad00000|100%| E|CS|TAMS 0x000000008ac00000| PB 0x000000008ac00000| Complete 
| 127|0x000000008ad00000, 0x000000008ae00000, 0x000000008ae00000|100%| E|CS|TAMS 0x000000008ad00000| PB 0x000000008ad00000| Complete 
| 128|0x000000008ae00000, 0x000000008af00000, 0x000000008af00000|100%| E|CS|TAMS 0x000000008ae00000| PB 0x000000008ae00000| Complete 
| 129|0x000000008af00000, 0x000000008b000000, 0x000000008b000000|100%| E|CS|TAMS 0x000000008af00000| PB 0x000000008af00000| Complete 
| 130|0x000000008b000000, 0x000000008b100000, 0x000000008b100000|100%| E|CS|TAMS 0x000000008b000000| PB 0x000000008b000000| Complete 
| 131|0x000000008b100000, 0x000000008b200000, 0x000000008b200000|100%| E|CS|TAMS 0x000000008b100000| PB 0x000000008b100000| Complete 
| 132|0x000000008b200000, 0x000000008b300000, 0x000000008b300000|100%| E|CS|TAMS 0x000000008b200000| PB 0x000000008b200000| Complete 
| 133|0x000000008b300000, 0x000000008b400000, 0x000000008b400000|100%| E|CS|TAMS 0x000000008b300000| PB 0x000000008b300000| Complete 
| 134|0x000000008b400000, 0x000000008b500000, 0x000000008b500000|100%| E|CS|TAMS 0x000000008b400000| PB 0x000000008b400000| Complete 
| 135|0x000000008b500000, 0x000000008b600000, 0x000000008b600000|100%| E|CS|TAMS 0x000000008b500000| PB 0x000000008b500000| Complete 
| 136|0x000000008b600000, 0x000000008b700000, 0x000000008b700000|100%| E|CS|TAMS 0x000000008b600000| PB 0x000000008b600000| Complete 
| 137|0x000000008b700000, 0x000000008b800000, 0x000000008b800000|100%| E|CS|TAMS 0x000000008b700000| PB 0x000000008b700000| Complete 
| 138|0x000000008b800000, 0x000000008b900000, 0x000000008b900000|100%| E|CS|TAMS 0x000000008b800000| PB 0x000000008b800000| Complete 
| 139|0x000000008b900000, 0x000000008ba00000, 0x000000008ba00000|100%| E|CS|TAMS 0x000000008b900000| PB 0x000000008b900000| Complete 
| 140|0x000000008ba00000, 0x000000008bb00000, 0x000000008bb00000|100%| E|CS|TAMS 0x000000008ba00000| PB 0x000000008ba00000| Complete 
| 141|0x000000008bb00000, 0x000000008bc00000, 0x000000008bc00000|100%| E|CS|TAMS 0x000000008bb00000| PB 0x000000008bb00000| Complete 
| 142|0x000000008bc00000, 0x000000008bd00000, 0x000000008bd00000|100%| E|CS|TAMS 0x000000008bc00000| PB 0x000000008bc00000| Complete 
| 143|0x000000008bd00000, 0x000000008be00000, 0x000000008be00000|100%| E|CS|TAMS 0x000000008bd00000| PB 0x000000008bd00000| Complete 
| 144|0x000000008be00000, 0x000000008bf00000, 0x000000008bf00000|100%| E|CS|TAMS 0x000000008be00000| PB 0x000000008be00000| Complete 
| 145|0x000000008bf00000, 0x000000008c000000, 0x000000008c000000|100%| E|CS|TAMS 0x000000008bf00000| PB 0x000000008bf00000| Complete 
| 146|0x000000008c000000, 0x000000008c100000, 0x000000008c100000|100%| E|CS|TAMS 0x000000008c000000| PB 0x000000008c000000| Complete 
| 147|0x000000008c100000, 0x000000008c200000, 0x000000008c200000|100%| E|CS|TAMS 0x000000008c100000| PB 0x000000008c100000| Complete 
| 148|0x000000008c200000, 0x000000008c300000, 0x000000008c300000|100%| E|CS|TAMS 0x000000008c200000| PB 0x000000008c200000| Complete 
| 149|0x000000008c300000, 0x000000008c400000, 0x000000008c400000|100%| E|CS|TAMS 0x000000008c300000| PB 0x000000008c300000| Complete 
| 150|0x000000008c400000, 0x000000008c500000, 0x000000008c500000|100%| E|CS|TAMS 0x000000008c400000| PB 0x000000008c400000| Complete 
| 151|0x000000008c500000, 0x000000008c600000, 0x000000008c600000|100%| E|CS|TAMS 0x000000008c500000| PB 0x000000008c500000| Complete 
| 152|0x000000008c600000, 0x000000008c700000, 0x000000008c700000|100%| E|CS|TAMS 0x000000008c600000| PB 0x000000008c600000| Complete 
| 153|0x000000008c700000, 0x000000008c800000, 0x000000008c800000|100%| E|CS|TAMS 0x000000008c700000| PB 0x000000008c700000| Complete 
| 154|0x000000008c800000, 0x000000008c900000, 0x000000008c900000|100%| E|CS|TAMS 0x000000008c800000| PB 0x000000008c800000| Complete 
| 155|0x000000008c900000, 0x000000008ca00000, 0x000000008ca00000|100%| E|CS|TAMS 0x000000008c900000| PB 0x000000008c900000| Complete 
| 156|0x000000008ca00000, 0x000000008cb00000, 0x000000008cb00000|100%| E|CS|TAMS 0x000000008ca00000| PB 0x000000008ca00000| Complete 
| 157|0x000000008cb00000, 0x000000008cc00000, 0x000000008cc00000|100%| E|CS|TAMS 0x000000008cb00000| PB 0x000000008cb00000| Complete 
| 158|0x000000008cc00000, 0x000000008cd00000, 0x000000008cd00000|100%| E|CS|TAMS 0x000000008cc00000| PB 0x000000008cc00000| Complete 
| 159|0x000000008cd00000, 0x000000008ce00000, 0x000000008ce00000|100%| E|CS|TAMS 0x000000008cd00000| PB 0x000000008cd00000| Complete 
| 160|0x000000008ce00000, 0x000000008cf00000, 0x000000008cf00000|100%| E|CS|TAMS 0x000000008ce00000| PB 0x000000008ce00000| Complete 
| 161|0x000000008cf00000, 0x000000008d000000, 0x000000008d000000|100%| E|CS|TAMS 0x000000008cf00000| PB 0x000000008cf00000| Complete 
| 162|0x000000008d000000, 0x000000008d100000, 0x000000008d100000|100%| E|CS|TAMS 0x000000008d000000| PB 0x000000008d000000| Complete 
| 163|0x000000008d100000, 0x000000008d200000, 0x000000008d200000|100%| E|CS|TAMS 0x000000008d100000| PB 0x000000008d100000| Complete 
| 164|0x000000008d200000, 0x000000008d300000, 0x000000008d300000|100%| E|CS|TAMS 0x000000008d200000| PB 0x000000008d200000| Complete 
| 165|0x000000008d300000, 0x000000008d400000, 0x000000008d400000|100%| E|CS|TAMS 0x000000008d300000| PB 0x000000008d300000| Complete 
| 166|0x000000008d400000, 0x000000008d500000, 0x000000008d500000|100%| E|CS|TAMS 0x000000008d400000| PB 0x000000008d400000| Complete 
| 201|0x000000008f700000, 0x000000008f800000, 0x000000008f800000|100%| E|CS|TAMS 0x000000008f700000| PB 0x000000008f700000| Complete 
| 202|0x000000008f800000, 0x000000008f900000, 0x000000008f900000|100%| E|CS|TAMS 0x000000008f800000| PB 0x000000008f800000| Complete 
|1997|0x00000000ffb00000, 0x00000000ffc00000, 0x00000000ffc00000|100%| O|  |TAMS 0x00000000ffb00000| PB 0x00000000ffb00000| Untracked 
|1998|0x00000000ffc00000, 0x00000000ffd00000, 0x00000000ffd00000|100%| O|Cm|TAMS 0x00000000ffc00000| PB 0x00000000ffc00000| Complete 
|1999|0x00000000ffd00000, 0x00000000ffe00000, 0x00000000ffe00000|100%| O|  |TAMS 0x00000000ffd00000| PB 0x00000000ffd00000| Untracked 
|2000|0x00000000ffe00000, 0x00000000fff00000, 0x00000000fff00000|100%| O|  |TAMS 0x00000000ffe00000| PB 0x00000000ffe00000| Untracked 
|2001|0x00000000fff00000, 0x0000000100000000, 0x0000000100000000|100%| O|  |TAMS 0x00000000fff00000| PB 0x00000000fff00000| Untracked 

Card table byte_map: [0x000002b4406a0000,0x000002b440a90000] _byte_map_base: 0x000002b440289000

Marking Bits: (CMBitMap*) 0x000002b42de801c0
 Bits: [0x000002b440a90000, 0x000002b4429d8000)

Polling page: 0x000002b42d5f0000

Metaspace:

Usage:
  Non-class:     48.58 MB used.
      Class:      6.74 MB used.
       Both:     55.32 MB used.

Virtual space:
  Non-class space:       64.00 MB reserved,      49.00 MB ( 77%) committed,  1 nodes.
      Class space:        1.00 GB reserved,       7.06 MB ( <1%) committed,  1 nodes.
             Both:        1.06 GB reserved,      56.06 MB (  5%) committed. 

Chunk freelists:
   Non-Class:  14.61 MB
       Class:  8.97 MB
        Both:  23.58 MB

MaxMetaspaceSize: unlimited
CompressedClassSpaceSize: 1.00 GB
Initial GC threshold: 21.00 MB
Current GC threshold: 81.50 MB
CDS: off
 - commit_granule_bytes: 65536.
 - commit_granule_words: 8192.
 - virtual_space_node_default_size: 8388608.
 - enlarge_chunks_in_place: 1.
 - use_allocation_guard: 0.


Internal statistics:

num_allocs_failed_limit: 9.
num_arena_births: 1226.
num_arena_deaths: 0.
num_vsnodes_births: 2.
num_vsnodes_deaths: 0.
num_space_committed: 895.
num_space_uncommitted: 0.
num_chunks_returned_to_freelist: 9.
num_chunks_taken_from_freelist: 3066.
num_chunk_merges: 9.
num_chunk_splits: 2332.
num_chunks_enlarged: 1787.
num_inconsistent_stats: 0.

CodeHeap 'non-profiled nmethods': size=120000Kb used=2895Kb max_used=2895Kb free=117104Kb
 bounds [0x000002b438a50000, 0x000002b438d30000, 0x000002b43ff80000]
CodeHeap 'profiled nmethods': size=120000Kb used=8964Kb max_used=8964Kb free=111035Kb
 bounds [0x000002b430f80000, 0x000002b431850000, 0x000002b4384b0000]
CodeHeap 'non-nmethods': size=5760Kb used=1572Kb max_used=1672Kb free=4188Kb
 bounds [0x000002b4384b0000, 0x000002b438720000, 0x000002b438a50000]
CodeCache: size=245760Kb, used=13431Kb, max_used=13531Kb, free=232327Kb
 total_blobs=5087, nmethods=4446, adapters=544, full_count=0
Compilation: enabled, stopped_count=0, restarted_count=0

Compilation events (20 events):
Event: 13.153 Thread 0x000002b44561a600 nmethod 4674 0x000002b431819410 code [0x000002b4318195a0, 0x000002b431819708]
Event: 13.153 Thread 0x000002b44561a600 4675       3       org.jetbrains.kotlin.metadata.ProtoBuf$Property::getContextReceiverTypeCount (10 bytes)
Event: 13.154 Thread 0x000002b44561a600 nmethod 4675 0x000002b431819790 code [0x000002b431819940, 0x000002b431819b10]
Event: 13.154 Thread 0x000002b44561a600 4676       3       org.jetbrains.kotlin.metadata.ProtoBuf$Property::hasSetterValueParameter (20 bytes)
Event: 13.154 Thread 0x000002b44561a600 nmethod 4676 0x000002b431819c10 code [0x000002b431819da0, 0x000002b431819f08]
Event: 13.154 Thread 0x000002b44561a600 4678       1       org.jetbrains.kotlin.resolve.scopes.LexicalScopeStorage::getAddedDescriptors (5 bytes)
Event: 13.154 Thread 0x000002b44561a600 nmethod 4678 0x000002b438d17b10 code [0x000002b438d17ca0, 0x000002b438d17d68]
Event: 13.154 Thread 0x000002b44561a600 4679       3       java.util.HashMap::remove (26 bytes)
Event: 13.154 Thread 0x000002b44561a600 nmethod 4679 0x000002b431819f90 code [0x000002b43181a160, 0x000002b43181a4c0]
Event: 13.156 Thread 0x000002b44561a600 4681       3       org.jetbrains.kotlin.parsing.KotlinExpressionParsing::parseSelectorCallExpression (48 bytes)
Event: 13.156 Thread 0x000002b44561a600 nmethod 4681 0x000002b43181a610 code [0x000002b43181a860, 0x000002b43181af88]
Event: 13.157 Thread 0x000002b44561a600 4682   !   3       org.jetbrains.kotlin.com.intellij.psi.impl.source.tree.LazyParseableElement::waitForLock (33 bytes)
Event: 13.157 Thread 0x000002b44561a600 nmethod 4682 0x000002b43181b310 code [0x000002b43181b520, 0x000002b43181b9f8]
Event: 13.157 Thread 0x000002b44561a600 4683   !   3       org.jetbrains.kotlin.com.intellij.util.containers.Unsafe::getObjectVolatile (19 bytes)
Event: 13.158 Thread 0x000002b44561a600 nmethod 4683 0x000002b43181bc90 code [0x000002b43181bec0, 0x000002b43181cb20]
Event: 13.158 Thread 0x000002b44561a600 4684       3       java.lang.invoke.LambdaForm$MH/0x00000001005cc400::invokeExact_MT (25 bytes)
Event: 13.158 Thread 0x000002b44561a600 nmethod 4684 0x000002b43181ce10 code [0x000002b43181d020, 0x000002b43181d800]
Event: 13.158 Thread 0x000002b44561a600 4685       3       org.jetbrains.kotlin.psi.typeRefHelpers.TypeRefHelpersKt::getTypeReference$lambda$0 (37 bytes)
Event: 13.159 Thread 0x000002b44561a600 nmethod 4685 0x000002b43181da10 code [0x000002b43181dce0, 0x000002b43181ead0]
Event: 13.160 Thread 0x000002b44561a600 4686   !   3       org.jetbrains.kotlin.com.intellij.util.ConcurrentLongObjectHashMap::tabAt (30 bytes)

GC Heap History (20 events):
Event: 3.750 GC heap before
{Heap before GC invocations=4 (full 0):
 garbage-first heap   total 30720K, used 29903K [0x0000000082e00000, 0x0000000100000000)
  region size 1024K, 17 young (17408K), 3 survivors (3072K)
 Metaspace       used 29318K, committed 29568K, reserved 1114112K
  class space    used 3529K, committed 3648K, reserved 1048576K
}
Event: 3.769 GC heap after
{Heap after GC invocations=5 (full 0):
 garbage-first heap   total 36864K, used 18774K [0x0000000082e00000, 0x0000000100000000)
  region size 1024K, 3 young (3072K), 3 survivors (3072K)
 Metaspace       used 29318K, committed 29568K, reserved 1114112K
  class space    used 3529K, committed 3648K, reserved 1048576K
}
Event: 3.970 GC heap before
{Heap before GC invocations=5 (full 0):
 garbage-first heap   total 36864K, used 30038K [0x0000000082e00000, 0x0000000100000000)
  region size 1024K, 14 young (14336K), 3 survivors (3072K)
 Metaspace       used 29318K, committed 29568K, reserved 1114112K
  class space    used 3529K, committed 3648K, reserved 1048576K
}
Event: 3.988 GC heap after
{Heap after GC invocations=6 (full 0):
 garbage-first heap   total 36864K, used 22122K [0x0000000082e00000, 0x0000000100000000)
  region size 1024K, 2 young (2048K), 2 survivors (2048K)
 Metaspace       used 29318K, committed 29568K, reserved 1114112K
  class space    used 3529K, committed 3648K, reserved 1048576K
}
Event: 4.173 GC heap before
{Heap before GC invocations=6 (full 0):
 garbage-first heap   total 36864K, used 28266K [0x0000000082e00000, 0x0000000100000000)
  region size 1024K, 10 young (10240K), 2 survivors (2048K)
 Metaspace       used 29432K, committed 29760K, reserved 1114112K
  class space    used 3534K, committed 3712K, reserved 1048576K
}
Event: 4.212 GC heap after
{Heap after GC invocations=7 (full 0):
 garbage-first heap   total 38912K, used 28071K [0x0000000082e00000, 0x0000000100000000)
  region size 1024K, 2 young (2048K), 2 survivors (2048K)
 Metaspace       used 29432K, committed 29760K, reserved 1114112K
  class space    used 3534K, committed 3712K, reserved 1048576K
}
Event: 4.315 GC heap before
{Heap before GC invocations=8 (full 0):
 garbage-first heap   total 50176K, used 32167K [0x0000000082e00000, 0x0000000100000000)
  region size 1024K, 6 young (6144K), 2 survivors (2048K)
 Metaspace       used 29440K, committed 29760K, reserved 1114112K
  class space    used 3534K, committed 3712K, reserved 1048576K
}
Event: 4.338 GC heap after
{Heap after GC invocations=9 (full 0):
 garbage-first heap   total 50176K, used 31095K [0x0000000082e00000, 0x0000000100000000)
  region size 1024K, 1 young (1024K), 1 survivors (1024K)
 Metaspace       used 29440K, committed 29760K, reserved 1114112K
  class space    used 3534K, committed 3712K, reserved 1048576K
}
Event: 4.460 GC heap before
{Heap before GC invocations=9 (full 0):
 garbage-first heap   total 50176K, used 39287K [0x0000000082e00000, 0x0000000100000000)
  region size 1024K, 9 young (9216K), 1 survivors (1024K)
 Metaspace       used 29442K, committed 29760K, reserved 1114112K
  class space    used 3534K, committed 3712K, reserved 1048576K
}
Event: 4.481 GC heap after
{Heap after GC invocations=10 (full 0):
 garbage-first heap   total 50176K, used 27097K [0x0000000082e00000, 0x0000000100000000)
  region size 1024K, 2 young (2048K), 2 survivors (2048K)
 Metaspace       used 29442K, committed 29760K, reserved 1114112K
  class space    used 3534K, committed 3712K, reserved 1048576K
}
Event: 4.510 GC heap before
{Heap before GC invocations=10 (full 0):
 garbage-first heap   total 50176K, used 29145K [0x0000000082e00000, 0x0000000100000000)
  region size 1024K, 5 young (5120K), 2 survivors (2048K)
 Metaspace       used 29444K, committed 29760K, reserved 1114112K
  class space    used 3534K, committed 3712K, reserved 1048576K
}
Event: 4.523 GC heap after
{Heap after GC invocations=11 (full 0):
 garbage-first heap   total 108544K, used 28132K [0x0000000082e00000, 0x0000000100000000)
  region size 1024K, 2 young (2048K), 2 survivors (2048K)
 Metaspace       used 29444K, committed 29760K, reserved 1114112K
  class space    used 3534K, committed 3712K, reserved 1048576K
}
Event: 5.781 GC heap before
{Heap before GC invocations=11 (full 0):
 garbage-first heap   total 108544K, used 73188K [0x0000000082e00000, 0x0000000100000000)
  region size 1024K, 37 young (37888K), 2 survivors (2048K)
 Metaspace       used 35422K, committed 35648K, reserved 1114112K
  class space    used 4405K, committed 4480K, reserved 1048576K
}
Event: 5.807 GC heap after
{Heap after GC invocations=12 (full 0):
 garbage-first heap   total 108544K, used 39147K [0x0000000082e00000, 0x0000000100000000)
  region size 1024K, 5 young (5120K), 5 survivors (5120K)
 Metaspace       used 35422K, committed 35648K, reserved 1114112K
  class space    used 4405K, committed 4480K, reserved 1048576K
}
Event: 7.678 GC heap before
{Heap before GC invocations=12 (full 0):
 garbage-first heap   total 108544K, used 77035K [0x0000000082e00000, 0x0000000100000000)
  region size 1024K, 38 young (38912K), 5 survivors (5120K)
 Metaspace       used 41800K, committed 42176K, reserved 1114112K
  class space    used 4997K, committed 5184K, reserved 1048576K
}
Event: 7.705 GC heap after
{Heap after GC invocations=13 (full 0):
 garbage-first heap   total 108544K, used 48909K [0x0000000082e00000, 0x0000000100000000)
  region size 1024K, 5 young (5120K), 5 survivors (5120K)
 Metaspace       used 41800K, committed 42176K, reserved 1114112K
  class space    used 4997K, committed 5184K, reserved 1048576K
}
Event: 9.240 GC heap before
{Heap before GC invocations=13 (full 0):
 garbage-first heap   total 108544K, used 80653K [0x0000000082e00000, 0x0000000100000000)
  region size 1024K, 36 young (36864K), 5 survivors (5120K)
 Metaspace       used 47510K, committed 48256K, reserved 1114112K
  class space    used 5775K, committed 6144K, reserved 1048576K
}
Event: 9.261 GC heap after
{Heap after GC invocations=14 (full 0):
 garbage-first heap   total 108544K, used 52594K [0x0000000082e00000, 0x0000000100000000)
  region size 1024K, 4 young (4096K), 4 survivors (4096K)
 Metaspace       used 47510K, committed 48256K, reserved 1114112K
  class space    used 5775K, committed 6144K, reserved 1048576K
}
Event: 9.530 GC heap before
{Heap before GC invocations=14 (full 0):
 garbage-first heap   total 108544K, used 59762K [0x0000000082e00000, 0x0000000100000000)
  region size 1024K, 12 young (12288K), 4 survivors (4096K)
 Metaspace       used 48889K, committed 49600K, reserved 1114112K
  class space    used 5950K, committed 6272K, reserved 1048576K
}
Event: 9.541 GC heap after
{Heap after GC invocations=15 (full 0):
 garbage-first heap   total 212992K, used 53471K [0x0000000082e00000, 0x0000000100000000)
  region size 1024K, 2 young (2048K), 2 survivors (2048K)
 Metaspace       used 48889K, committed 49600K, reserved 1114112K
  class space    used 5950K, committed 6272K, reserved 1048576K
}

Dll operation events (3 events):
Event: 0.032 Loaded shared library C:\Program Files\Android\Android Studio\jbr\bin\java.dll
Event: 0.051 Loaded shared library C:\Program Files\Android\Android Studio\jbr\bin\zip.dll
Event: 3.340 Loaded shared library C:\Program Files\Android\Android Studio\jbr\bin\verify.dll

Deoptimization events (20 events):
Event: 11.864 Thread 0x000002b42bb64e60 Uncommon trap: trap_request=0xffffffc6 fr.pc=0x000002b438c59758 relative=0x00000000000000b8
Event: 11.864 Thread 0x000002b42bb64e60 Uncommon trap: reason=bimorphic_or_optimized_type_check action=maybe_recompile pc=0x000002b438c59758 method=java.util.AbstractList$Itr.hasNext()Z @ 8 c2
Event: 11.864 Thread 0x000002b42bb64e60 DEOPT PACKING pc=0x000002b438c59758 sp=0x000000cbdd1fa770
Event: 11.864 Thread 0x000002b42bb64e60 DEOPT UNPACKING pc=0x000002b4385046a2 sp=0x000000cbdd1fa708 mode 2
Event: 11.864 Thread 0x000002b42bb64e60 Uncommon trap: trap_request=0xffffffc6 fr.pc=0x000002b438c59758 relative=0x00000000000000b8
Event: 11.864 Thread 0x000002b42bb64e60 Uncommon trap: reason=bimorphic_or_optimized_type_check action=maybe_recompile pc=0x000002b438c59758 method=java.util.AbstractList$Itr.hasNext()Z @ 8 c2
Event: 11.864 Thread 0x000002b42bb64e60 DEOPT PACKING pc=0x000002b438c59758 sp=0x000000cbdd1fa770
Event: 11.865 Thread 0x000002b42bb64e60 DEOPT UNPACKING pc=0x000002b4385046a2 sp=0x000000cbdd1fa708 mode 2
Event: 11.938 Thread 0x000002b42bb64e60 Uncommon trap: trap_request=0xffffffc6 fr.pc=0x000002b438c59758 relative=0x00000000000000b8
Event: 11.938 Thread 0x000002b42bb64e60 Uncommon trap: reason=bimorphic_or_optimized_type_check action=maybe_recompile pc=0x000002b438c59758 method=java.util.AbstractList$Itr.hasNext()Z @ 8 c2
Event: 11.938 Thread 0x000002b42bb64e60 DEOPT PACKING pc=0x000002b438c59758 sp=0x000000cbdd1fa6d0
Event: 11.938 Thread 0x000002b42bb64e60 DEOPT UNPACKING pc=0x000002b4385046a2 sp=0x000000cbdd1fa668 mode 2
Event: 11.938 Thread 0x000002b42bb64e60 Uncommon trap: trap_request=0xffffffc6 fr.pc=0x000002b438c59758 relative=0x00000000000000b8
Event: 11.938 Thread 0x000002b42bb64e60 Uncommon trap: reason=bimorphic_or_optimized_type_check action=maybe_recompile pc=0x000002b438c59758 method=java.util.AbstractList$Itr.hasNext()Z @ 8 c2
Event: 11.938 Thread 0x000002b42bb64e60 DEOPT PACKING pc=0x000002b438c59758 sp=0x000000cbdd1fa6d0
Event: 11.938 Thread 0x000002b42bb64e60 DEOPT UNPACKING pc=0x000002b4385046a2 sp=0x000000cbdd1fa668 mode 2
Event: 11.958 Thread 0x000002b42bb64e60 Uncommon trap: trap_request=0xffffff45 fr.pc=0x000002b438cc40a0 relative=0x0000000000003f80
Event: 11.958 Thread 0x000002b42bb64e60 Uncommon trap: reason=unstable_if action=reinterpret pc=0x000002b438cc40a0 method=org.jetbrains.org.objectweb.asm.ClassReader.readMethod(Lorg/jetbrains/org/objectweb/asm/ClassVisitor;Lorg/jetbrains/org/objectweb/asm/Context;I)I @ 658 c2
Event: 11.958 Thread 0x000002b42bb64e60 DEOPT PACKING pc=0x000002b438cc40a0 sp=0x000000cbdd1fb210
Event: 11.958 Thread 0x000002b42bb64e60 DEOPT UNPACKING pc=0x000002b4385046a2 sp=0x000000cbdd1fb1e8 mode 2

Classes loaded (20 events):
Event: 11.508 Loading class java/util/stream/DoubleStream
Event: 11.509 Loading class java/util/stream/DoubleStream done
Event: 11.516 Loading class java/util/stream/ForEachOps
Event: 11.516 Loading class java/util/stream/ForEachOps done
Event: 11.516 Loading class java/util/stream/ForEachOps$ForEachOp$OfRef
Event: 11.516 Loading class java/util/stream/ForEachOps$ForEachOp
Event: 11.516 Loading class java/util/stream/ForEachOps$ForEachOp done
Event: 11.516 Loading class java/util/stream/ForEachOps$ForEachOp$OfRef done
Event: 11.890 Loading class java/util/Collections$SynchronizedSet
Event: 11.891 Loading class java/util/Collections$SynchronizedCollection
Event: 11.891 Loading class java/util/Collections$SynchronizedCollection done
Event: 11.891 Loading class java/util/Collections$SynchronizedSet done
Event: 11.993 Loading class java/util/EnumMap$EntrySet
Event: 11.993 Loading class java/util/EnumMap$EntrySet done
Event: 11.993 Loading class java/util/EnumMap$EntryIterator
Event: 11.994 Loading class java/util/EnumMap$EnumMapIterator
Event: 11.994 Loading class java/util/EnumMap$EnumMapIterator done
Event: 11.994 Loading class java/util/EnumMap$EntryIterator done
Event: 11.994 Loading class java/util/EnumMap$EntryIterator$Entry
Event: 11.994 Loading class java/util/EnumMap$EntryIterator$Entry done

Classes unloaded (0 events):
No events

Classes redefined (0 events):
No events

Internal exceptions (20 events):
Event: 8.225 Thread 0x000002b42bb64e60 Exception <a 'java/lang/NoSuchMethodError'{0x0000000088458790}: 'java.lang.Object java.lang.invoke.DirectMethodHandle$Holder.newInvokeSpecial(java.lang.Object, java.lang.Object, java.lang.Object, java.lang.Object, java.lang.Object, java.lang.Object, java.lang.Object, java.lang.Object, java.lang.Object, java.lang.Object, java.lang.Object, java.lang.Object, java.lang.Object, java.lang.Object, java.lang.Object, java.lang.Object, java.lang.Object, java.lang.Object)'> (0x0000000088458790) 
thrown [s\src\hotspot
Event: 8.226 Thread 0x000002b42bb64e60 Exception <a 'java/lang/NoSuchMethodError'{0x000000008845e3c0}: 'java.lang.Object java.lang.invoke.DirectMethodHandle$Holder.invokeSpecial(java.lang.Object, java.lang.Object, java.lang.Object, java.lang.Object, java.lang.Object, java.lang.Object, java.lang.Object, java.lang.Object, java.lang.Object, java.lang.Object, java.lang.Object, java.lang.Object, java.lang.Object, java.lang.Object, java.lang.Object, java.lang.Object, java.lang.Object, java.lang.Object, java.lang.Object)'> (0x000000008845e3c0) 
thrown
Event: 8.226 Thread 0x000002b42bb64e60 Exception <a 'java/lang/NoSuchMethodError'{0x0000000088463038}: 'java.lang.Object java.lang.invoke.DelegatingMethodHandle$Holder.reinvoke_L(java.lang.Object, java.lang.Object, java.lang.Object, java.lang.Object, java.lang.Object, java.lang.Object, java.lang.Object, java.lang.Object, java.lang.Object, java.lang.Object, java.lang.Object, java.lang.Object, java.lang.Object, java.lang.Object, java.lang.Object, java.lang.Object, java.lang.Object, java.lang.Object)'> (0x0000000088463038) 
thrown [s\src\hotspot\s
Event: 8.241 Thread 0x000002b42bb64e60 Exception <a 'java/lang/NoSuchMethodError'{0x00000000884eb200}: 'java.lang.Object java.lang.invoke.DirectMethodHandle$Holder.newInvokeSpecial(java.lang.Object, java.lang.Object, java.lang.Object, java.lang.Object, java.lang.Object, java.lang.Object, java.lang.Object, java.lang.Object, java.lang.Object, java.lang.Object, java.lang.Object, java.lang.Object, java.lang.Object, java.lang.Object, java.lang.Object, java.lang.Object, java.lang.Object, java.lang.Object, java.lang.Object, java.lang.Object, java.lang
Event: 8.242 Thread 0x000002b42bb64e60 Exception <a 'java/lang/NoSuchMethodError'{0x00000000884f20b8}: 'java.lang.Object java.lang.invoke.DirectMethodHandle$Holder.invokeSpecial(java.lang.Object, java.lang.Object, java.lang.Object, java.lang.Object, java.lang.Object, java.lang.Object, java.lang.Object, java.lang.Object, java.lang.Object, java.lang.Object, java.lang.Object, java.lang.Object, java.lang.Object, java.lang.Object, java.lang.Object, java.lang.Object, java.lang.Object, java.lang.Object, java.lang.Object, java.lang.Object, java.lang.Ob
Event: 8.243 Thread 0x000002b42bb64e60 Exception <a 'java/lang/NoSuchMethodError'{0x00000000884f7830}: 'java.lang.Object java.lang.invoke.DelegatingMethodHandle$Holder.reinvoke_L(java.lang.Object, java.lang.Object, java.lang.Object, java.lang.Object, java.lang.Object, java.lang.Object, java.lang.Object, java.lang.Object, java.lang.Object, java.lang.Object, java.lang.Object, java.lang.Object, java.lang.Object, java.lang.Object, java.lang.Object, java.lang.Object, java.lang.Object, java.lang.Object, java.lang.Object, java.lang.Object, java.lang.O
Event: 8.267 Thread 0x000002b42bb64e60 Exception <a 'java/lang/NoSuchMethodError'{0x00000000883c62b8}: 'java.lang.Object java.lang.invoke.DirectMethodHandle$Holder.invokeStatic(java.lang.Object, java.lang.Object, java.lang.Object, java.lang.Object, java.lang.Object, java.lang.Object, java.lang.Object, java.lang.Object, java.lang.Object, java.lang.Object, java.lang.Object, java.lang.Object, java.lang.Object, java.lang.Object, java.lang.Object, java.lang.Object, java.lang.Object, java.lang.Object, java.lang.Object, java.lang.Object, java.lang.Obj
Event: 8.270 Thread 0x000002b42bb64e60 Exception <a 'java/lang/NoSuchMethodError'{0x00000000883f8890}: 'java.lang.Object java.lang.invoke.DirectMethodHandle$Holder.invokeStatic(java.lang.Object, java.lang.Object, java.lang.Object, java.lang.Object, java.lang.Object, java.lang.Object, java.lang.Object, java.lang.Object, java.lang.Object, java.lang.Object, java.lang.Object, java.lang.Object, java.lang.Object, java.lang.Object, java.lang.Object, java.lang.Object, java.lang.Object, java.lang.Object, java.lang.Object, java.lang.Object, java.lang.Obj
Event: 8.300 Thread 0x000002b42bb64e60 Exception <a 'java/lang/NoSuchMethodError'{0x000000008827f080}: 'java.lang.Object java.lang.invoke.DirectMethodHandle$Holder.newInvokeSpecial(java.lang.Object, java.lang.Object, java.lang.Object, java.lang.Object, java.lang.Object, java.lang.Object, java.lang.Object, java.lang.Object, java.lang.Object, java.lang.Object, java.lang.Object, java.lang.Object, java.lang.Object)'> (0x000000008827f080) 
thrown [s\src\hotspot\share\interpreter\linkResolver.cpp, line 784]
Event: 8.301 Thread 0x000002b42bb64e60 Exception <a 'java/lang/NoSuchMethodError'{0x00000000882842d8}: 'java.lang.Object java.lang.invoke.DirectMethodHandle$Holder.invokeSpecial(java.lang.Object, java.lang.Object, java.lang.Object, java.lang.Object, java.lang.Object, java.lang.Object, java.lang.Object, java.lang.Object, java.lang.Object, java.lang.Object, java.lang.Object, java.lang.Object, java.lang.Object, java.lang.Object)'> (0x00000000882842d8) 
thrown [s\src\hotspot\share\interpreter\linkResolver.cpp, line 784]
Event: 8.302 Thread 0x000002b42bb64e60 Exception <a 'java/lang/NoSuchMethodError'{0x0000000088288828}: 'java.lang.Object java.lang.invoke.DelegatingMethodHandle$Holder.reinvoke_L(java.lang.Object, java.lang.Object, java.lang.Object, java.lang.Object, java.lang.Object, java.lang.Object, java.lang.Object, java.lang.Object, java.lang.Object, java.lang.Object, java.lang.Object, java.lang.Object, java.lang.Object)'> (0x0000000088288828) 
thrown [s\src\hotspot\share\interpreter\linkResolver.cpp, line 784]
Event: 8.691 Thread 0x000002b42bb64e60 Exception <a 'java/lang/NoSuchMethodError'{0x0000000087bc3000}: 'java.lang.Object java.lang.invoke.Invokers$Holder.invokeExact_MT(java.lang.Object, java.lang.Object, long, java.lang.Object)'> (0x0000000087bc3000) 
thrown [s\src\hotspot\share\interpreter\linkResolver.cpp, line 784]
Event: 9.172 Thread 0x000002b42bb64e60 Exception <a 'java/lang/NoSuchMethodError'{0x0000000087552648}: 'java.lang.Object java.lang.invoke.DirectMethodHandle$Holder.newInvokeSpecial(java.lang.Object, java.lang.Object, java.lang.Object, int)'> (0x0000000087552648) 
thrown [s\src\hotspot\share\interpreter\linkResolver.cpp, line 784]
Event: 9.173 Thread 0x000002b42bb64e60 Exception <a 'java/lang/NoSuchMethodError'{0x00000000875567c8}: 'java.lang.Object java.lang.invoke.DirectMethodHandle$Holder.invokeSpecial(java.lang.Object, java.lang.Object, java.lang.Object, java.lang.Object, int)'> (0x00000000875567c8) 
thrown [s\src\hotspot\share\interpreter\linkResolver.cpp, line 784]
Event: 9.173 Thread 0x000002b42bb64e60 Exception <a 'java/lang/NoSuchMethodError'{0x0000000087559f10}: 'java.lang.Object java.lang.invoke.Invokers$Holder.linkToTargetMethod(java.lang.Object, java.lang.Object, int, java.lang.Object)'> (0x0000000087559f10) 
thrown [s\src\hotspot\share\interpreter\linkResolver.cpp, line 784]
Event: 9.752 Thread 0x000002b42bb64e60 Exception <a 'java/lang/NoSuchMethodError'{0x000000008d331450}: 'java.lang.Object java.lang.invoke.DirectMethodHandle$Holder.newInvokeSpecial(java.lang.Object, java.lang.Object, java.lang.Object, java.lang.Object, int)'> (0x000000008d331450) 
thrown [s\src\hotspot\share\interpreter\linkResolver.cpp, line 784]
Event: 9.752 Thread 0x000002b42bb64e60 Exception <a 'java/lang/NoSuchMethodError'{0x000000008d335d68}: 'java.lang.Object java.lang.invoke.DirectMethodHandle$Holder.invokeSpecial(java.lang.Object, java.lang.Object, java.lang.Object, java.lang.Object, java.lang.Object, int)'> (0x000000008d335d68) 
thrown [s\src\hotspot\share\interpreter\linkResolver.cpp, line 784]
Event: 9.753 Thread 0x000002b42bb64e60 Exception <a 'java/lang/NoSuchMethodError'{0x000000008d33a0a8}: 'java.lang.Object java.lang.invoke.Invokers$Holder.linkToTargetMethod(java.lang.Object, java.lang.Object, java.lang.Object, int, java.lang.Object)'> (0x000000008d33a0a8) 
thrown [s\src\hotspot\share\interpreter\linkResolver.cpp, line 784]
Event: 12.009 Thread 0x000002b42bb64e60 Exception <a 'java/lang/NoSuchMethodError'{0x0000000089e49158}: 'java.lang.Object java.lang.invoke.DirectMethodHandle$Holder.newInvokeSpecial(java.lang.Object, java.lang.Object, java.lang.Object, java.lang.Object, int, java.lang.Object)'> (0x0000000089e49158) 
thrown [s\src\hotspot\share\interpreter\linkResolver.cpp, line 784]
Event: 12.009 Thread 0x000002b42bb64e60 Exception <a 'java/lang/NoSuchMethodError'{0x0000000089e4d538}: 'java.lang.Object java.lang.invoke.DirectMethodHandle$Holder.invokeSpecial(java.lang.Object, java.lang.Object, java.lang.Object, java.lang.Object, java.lang.Object, int, java.lang.Object)'> (0x0000000089e4d538) 
thrown [s\src\hotspot\share\interpreter\linkResolver.cpp, line 784]

ZGC Phase Switch (0 events):
No events

VM Operations (20 events):
Event: 10.478 Executing VM operation: HandshakeAllThreads (Deoptimize) done
Event: 11.209 Executing VM operation: HandshakeAllThreads (Deoptimize)
Event: 11.209 Executing VM operation: HandshakeAllThreads (Deoptimize) done
Event: 11.398 Executing VM operation: HandshakeAllThreads (Deoptimize)
Event: 11.398 Executing VM operation: HandshakeAllThreads (Deoptimize) done
Event: 11.398 Executing VM operation: Cleanup
Event: 11.398 Executing VM operation: Cleanup done
Event: 11.459 Executing VM operation: HandshakeAllThreads (Deoptimize)
Event: 11.459 Executing VM operation: HandshakeAllThreads (Deoptimize) done
Event: 11.478 Executing VM operation: HandshakeAllThreads (Deoptimize)
Event: 11.478 Executing VM operation: HandshakeAllThreads (Deoptimize) done
Event: 11.485 Executing VM operation: HandshakeAllThreads (Deoptimize)
Event: 11.485 Executing VM operation: HandshakeAllThreads (Deoptimize) done
Event: 11.504 Executing VM operation: HandshakeAllThreads (Deoptimize)
Event: 11.504 Executing VM operation: HandshakeAllThreads (Deoptimize) done
Event: 11.941 Executing VM operation: HandshakeAllThreads (Deoptimize)
Event: 11.942 Executing VM operation: HandshakeAllThreads (Deoptimize) done
Event: 12.949 Executing VM operation: Cleanup
Event: 12.949 Executing VM operation: Cleanup done
Event: 13.957 Executing VM operation: Cleanup

Memory protections (0 events):
No events

Nmethod flushes (20 events):
Event: 9.603 Thread 0x000002b44545bae0 flushing  nmethod 0x000002b4311c6990
Event: 9.603 Thread 0x000002b44545bae0 flushing  nmethod 0x000002b4311da010
Event: 9.603 Thread 0x000002b44545bae0 flushing  nmethod 0x000002b4311dbb90
Event: 9.603 Thread 0x000002b44545bae0 flushing  nmethod 0x000002b4311dc610
Event: 9.603 Thread 0x000002b44545bae0 flushing  nmethod 0x000002b4311dca90
Event: 9.603 Thread 0x000002b44545bae0 flushing  nmethod 0x000002b4311dd090
Event: 9.603 Thread 0x000002b44545bae0 flushing  nmethod 0x000002b4311ddd90
Event: 9.603 Thread 0x000002b44545bae0 flushing  nmethod 0x000002b4311deb90
Event: 9.603 Thread 0x000002b44545bae0 flushing  nmethod 0x000002b4311dfa10
Event: 9.603 Thread 0x000002b44545bae0 flushing  nmethod 0x000002b4311e2410
Event: 9.603 Thread 0x000002b44545bae0 flushing  nmethod 0x000002b4311e2890
Event: 9.603 Thread 0x000002b44545bae0 flushing  nmethod 0x000002b4311e3110
Event: 9.603 Thread 0x000002b44545bae0 flushing  nmethod 0x000002b4311e3d10
Event: 9.603 Thread 0x000002b44545bae0 flushing  nmethod 0x000002b4311e4610
Event: 9.603 Thread 0x000002b44545bae0 flushing  nmethod 0x000002b4311f9410
Event: 9.603 Thread 0x000002b44545bae0 flushing  nmethod 0x000002b4311fa410
Event: 9.603 Thread 0x000002b44545bae0 flushing  nmethod 0x000002b4311fa890
Event: 9.603 Thread 0x000002b44545bae0 flushing  nmethod 0x000002b4311fad10
Event: 9.603 Thread 0x000002b44545bae0 flushing  nmethod 0x000002b4311fb190
Event: 9.603 Thread 0x000002b44545bae0 flushing  nmethod 0x000002b4311fc110

Events (20 events):
Event: 0.307 Loaded shared library C:\Program Files\Android\Android Studio\jbr\bin\net.dll
Event: 0.313 Loaded shared library C:\Program Files\Android\Android Studio\jbr\bin\nio.dll
Event: 0.346 Thread 0x000002b4456145f0 Thread added: 0x000002b445844d60
Event: 0.346 Thread 0x000002b4456145f0 Thread added: 0x000002b445845520
Event: 0.367 Loaded shared library C:\Program Files\Android\Android Studio\jbr\bin\zip.dll
Event: 0.450 Loaded shared library C:\Program Files\Android\Android Studio\jbr\bin\jimage.dll
Event: 0.456 Thread 0x000002b445845520 Thread exited: 0x000002b445845520
Event: 0.719 Thread 0x000002b445844d60 Thread added: 0x000002b44a17d810
Event: 1.080 Thread 0x000002b44a17d810 Thread exited: 0x000002b44a17d810
Event: 1.245 Thread 0x000002b445844d60 Thread exited: 0x000002b445844d60
Event: 3.573 Thread 0x000002b44561a600 Thread added: 0x000002b44b1f3780
Event: 3.581 Thread 0x000002b44561a600 Thread added: 0x000002b44e9d0530
Event: 4.220 Thread 0x000002b44e9d0530 Thread exited: 0x000002b44e9d0530
Event: 5.161 Thread 0x000002b44b1f3780 Thread exited: 0x000002b44b1f3780
Event: 6.219 Thread 0x000002b4456145f0 Thread added: 0x000002b44fd12240
Event: 6.387 Thread 0x000002b44fd12240 Thread exited: 0x000002b44fd12240
Event: 6.760 Thread 0x000002b44561a600 Thread added: 0x000002b44f2a6fd0
Event: 6.974 Thread 0x000002b44f2a6fd0 Thread exited: 0x000002b44f2a6fd0
Event: 7.799 Thread 0x000002b44561a600 Thread added: 0x000002b44eaef6a0
Event: 7.994 Thread 0x000002b44561a600 Thread added: 0x000002b4500b28f0


Dynamic libraries:
0x00007ff7a1790000 - 0x00007ff7a179a000 	C:\Program Files\Android\Android Studio\jbr\bin\java.exe
0x00007ffa91920000 - 0x00007ffa91b87000 	C:\WINDOWS\SYSTEM32\ntdll.dll
0x00007ffa904f0000 - 0x00007ffa905b9000 	C:\WINDOWS\System32\KERNEL32.DLL
0x00007ffa8eee0000 - 0x00007ffa8f2cf000 	C:\WINDOWS\System32\KERNELBASE.dll
0x00007ffa8ec20000 - 0x00007ffa8ed6b000 	C:\WINDOWS\System32\ucrtbase.dll
0x00007ffa81ad0000 - 0x00007ffa81ae8000 	C:\Program Files\Android\Android Studio\jbr\bin\jli.dll
0x00007ffa6f5e0000 - 0x00007ffa6f5fb000 	C:\Program Files\Android\Android Studio\jbr\bin\VCRUNTIME140.dll
0x00007ffa8fc30000 - 0x00007ffa8fdf5000 	C:\WINDOWS\System32\USER32.dll
0x00007ffa78380000 - 0x00007ffa78613000 	C:\WINDOWS\WinSxS\amd64_microsoft.windows.common-controls_6595b64144ccf1df_6.0.26100.7309_none_3e05feeae336a044\COMCTL32.dll
0x00007ffa8f6d0000 - 0x00007ffa8f779000 	C:\WINDOWS\System32\msvcrt.dll
0x00007ffa8ea70000 - 0x00007ffa8ea97000 	C:\WINDOWS\System32\win32u.dll
0x00007ffa8fb00000 - 0x00007ffa8fb2b000 	C:\WINDOWS\System32\GDI32.dll
0x00007ffa8f440000 - 0x00007ffa8f56c000 	C:\WINDOWS\System32\gdi32full.dll
0x00007ffa8f2e0000 - 0x00007ffa8f383000 	C:\WINDOWS\System32\msvcp_win.dll
0x00007ffa90af0000 - 0x00007ffa90b21000 	C:\WINDOWS\System32\IMM32.DLL
0x00007ffa89c30000 - 0x00007ffa89c3c000 	C:\Program Files\Android\Android Studio\jbr\bin\vcruntime140_1.dll
0x00007ffa57580000 - 0x00007ffa5760d000 	C:\Program Files\Android\Android Studio\jbr\bin\msvcp140.dll
0x00007ffa24d60000 - 0x00007ffa259f6000 	C:\Program Files\Android\Android Studio\jbr\bin\server\jvm.dll
0x00007ffa90610000 - 0x00007ffa906c4000 	C:\WINDOWS\System32\ADVAPI32.dll
0x00007ffa8fe80000 - 0x00007ffa8ff26000 	C:\WINDOWS\System32\sechost.dll
0x00007ffa90940000 - 0x00007ffa90a58000 	C:\WINDOWS\System32\RPCRT4.dll
0x00007ffa907b0000 - 0x00007ffa90824000 	C:\WINDOWS\System32\WS2_32.dll
0x00007ffa8e8f0000 - 0x00007ffa8e94e000 	C:\WINDOWS\SYSTEM32\POWRPROF.dll
0x00007ffa787c0000 - 0x00007ffa787f5000 	C:\WINDOWS\SYSTEM32\WINMM.dll
0x00007ffa83ae0000 - 0x00007ffa83aeb000 	C:\WINDOWS\SYSTEM32\VERSION.dll
0x00007ffa8e8d0000 - 0x00007ffa8e8e4000 	C:\WINDOWS\SYSTEM32\UMPDC.dll
0x00007ffa8d7e0000 - 0x00007ffa8d7fb000 	C:\WINDOWS\SYSTEM32\kernel.appcore.dll
0x00007ffa81af0000 - 0x00007ffa81afa000 	C:\Program Files\Android\Android Studio\jbr\bin\jimage.dll
0x00007ffa82680000 - 0x00007ffa828c2000 	C:\WINDOWS\SYSTEM32\DBGHELP.DLL
0x00007ffa91460000 - 0x00007ffa917e5000 	C:\WINDOWS\System32\combase.dll
0x00007ffa906d0000 - 0x00007ffa907a6000 	C:\WINDOWS\System32\OLEAUT32.dll
0x00007ffa6df00000 - 0x00007ffa6df3c000 	C:\WINDOWS\SYSTEM32\dbgcore.DLL
0x00007ffa8f390000 - 0x00007ffa8f435000 	C:\WINDOWS\System32\bcryptPrimitives.dll
0x00007ffa6bfc0000 - 0x00007ffa6bfe0000 	C:\Program Files\Android\Android Studio\jbr\bin\java.dll
0x00007ffa672e0000 - 0x00007ffa672f8000 	C:\Program Files\Android\Android Studio\jbr\bin\zip.dll
0x00007ffa90d00000 - 0x00007ffa91453000 	C:\WINDOWS\System32\SHELL32.dll
0x00007ffa8ed70000 - 0x00007ffa8eeda000 	C:\WINDOWS\System32\wintypes.dll
0x00007ffa8c630000 - 0x00007ffa8ce8e000 	C:\WINDOWS\SYSTEM32\windows.storage.dll
0x00007ffa903f0000 - 0x00007ffa904e5000 	C:\WINDOWS\System32\SHCORE.dll
0x00007ffa908d0000 - 0x00007ffa90936000 	C:\WINDOWS\System32\shlwapi.dll
0x00007ffa8e990000 - 0x00007ffa8e9b9000 	C:\WINDOWS\SYSTEM32\profapi.dll
0x00007ffa815b0000 - 0x00007ffa815c0000 	C:\Program Files\Android\Android Studio\jbr\bin\net.dll
0x00007ffa88b90000 - 0x00007ffa88cb8000 	C:\WINDOWS\SYSTEM32\WINHTTP.dll
0x00007ffa8dd30000 - 0x00007ffa8dd9b000 	C:\WINDOWS\system32\mswsock.dll
0x00007ffa67120000 - 0x00007ffa67136000 	C:\Program Files\Android\Android Studio\jbr\bin\nio.dll
0x00007ffa7ffa0000 - 0x00007ffa7ffb0000 	C:\Program Files\Android\Android Studio\jbr\bin\verify.dll

JVMTI agents: none

dbghelp: loaded successfully - version: 4.0.5 - missing functions: none
symbol engine: initialized successfully - sym options: 0x614 - pdb path: .;C:\Program Files\Android\Android Studio\jbr\bin;C:\WINDOWS\SYSTEM32;C:\WINDOWS\WinSxS\amd64_microsoft.windows.common-controls_6595b64144ccf1df_6.0.26100.7309_none_3e05feeae336a044;C:\Program Files\Android\Android Studio\jbr\bin\server

VM Arguments:
java_command: org.jetbrains.kotlin.cli.jvm.K2JVMCompiler @C:\Users\user\Desktop\flutter\packages\flutter_tools\gradle\build\20260103_5261343006131587087.compiler.options
java_class_path (initial): C:\Users\user\.gradle\caches\modules-2\files-2.1\org.jetbrains.kotlin\kotlin-compiler-embeddable\2.0.21\79346ed53db48b18312a472602eb5c057070c54d\kotlin-compiler-embeddable-2.0.21.jar;C:\Users\user\.gradle\caches\modules-2\files-2.1\org.jetbrains.kotlin\kotlin-stdlib\2.0.21\618b539767b4899b4660a83006e052b63f1db551\kotlin-stdlib-2.0.21.jar;C:\Users\user\.gradle\caches\modules-2\files-2.1\org.jetbrains.kotlin\kotlin-script-runtime\2.0.21\c9b044380ad41f89aa89aa896c2d32a8c0b2129d\kotlin-script-runtime-2.0.21.jar;C:\Users\user\.gradle\caches\modules-2\files-2.1\org.jetbrains.kotlin\kotlin-reflect\1.6.10\1cbe9c92c12a94eea200d23c2bbaedaf3daf5132\kotlin-reflect-1.6.10.jar;C:\Users\user\.gradle\caches\modules-2\files-2.1\org.jetbrains.kotlin\kotlin-daemon-embeddable\2.0.21\c9e933b23287de9b5a17e2116b4657bb91aea72c\kotlin-daemon-embeddable-2.0.21.jar;C:\Users\user\.gradle\caches\modules-2\files-2.1\org.jetbrains.intellij.deps\trove4j\1.0.20200330\3afb14d5f9ceb459d724e907a21145e8ff394f02\trove4j-1.0.20200330.jar;C:\Users\user\.gradle\caches\modules-2\files-2.1\org.jetbrains.kotlinx\kotlinx-coroutines-core-jvm\1.6.4\2c997cd1c0ef33f3e751d3831929aeff1390cb30\kotlinx-coroutines-core-jvm-1.6.4.jar;C:\Users\user\.gradle\caches\modules-2\files-2.1\org.jetbrains\annotations\13.0\919f0dfe192fb4e063e7dacadee7f8bb9a2672a9\annotations-13.0.jar
Launcher Type: SUN_STANDARD

[Global flags]
     intx CICompilerCount                          = 4                                         {product} {ergonomic}
     uint ConcGCThreads                            = 2                                         {product} {ergonomic}
     uint G1ConcRefinementThreads                  = 8                                         {product} {ergonomic}
   size_t G1HeapRegionSize                         = 1048576                                   {product} {ergonomic}
    uintx GCDrainStackTargetSize                   = 64                                        {product} {ergonomic}
   size_t InitialHeapSize                          = 132120576                                 {product} {ergonomic}
   size_t MarkStackSize                            = 4194304                                   {product} {ergonomic}
   size_t MaxHeapSize                              = 2099249152                                {product} {ergonomic}
   size_t MaxNewSize                               = 1259339776                                {product} {ergonomic}
   size_t MinHeapDeltaBytes                        = 1048576                                   {product} {ergonomic}
   size_t MinHeapSize                              = 8388608                                   {product} {ergonomic}
    uintx NonNMethodCodeHeapSize                   = 5839372                                {pd product} {ergonomic}
    uintx NonProfiledCodeHeapSize                  = 122909434                              {pd product} {ergonomic}
    uintx ProfiledCodeHeapSize                     = 122909434                              {pd product} {ergonomic}
    uintx ReservedCodeCacheSize                    = 251658240                              {pd product} {ergonomic}
     bool SegmentedCodeCache                       = true                                      {product} {ergonomic}
   size_t SoftMaxHeapSize                          = 2099249152                             {manageable} {ergonomic}
     bool UseCompressedOops                        = true                           {product lp64_product} {ergonomic}
     bool UseG1GC                                  = true                                      {product} {ergonomic}
     bool UseLargePagesIndividualAllocation        = false                                  {pd product} {ergonomic}

Logging:
Log output configuration:
 #0: stdout all=warning uptime,level,tags foldmultilines=false
 #1: stderr all=off uptime,level,tags foldmultilines=false

Environment Variables:
JAVA_HOME=C:\Program Files\Android\Android Studio\jbr
CLASSPATH=C:\Users\user\Desktop\cours et Tds\pharmacie\android\\gradle\wrapper\gradle-wrapper.jar
PATH=C:\Program Files\Android\Android Studio\jbr\bin;C:\Users\user\Desktop\flutter\bin\;C:\WINDOWS\system32;C:\WINDOWS;C:\WINDOWS\System32\Wbem;C:\WINDOWS\System32\WindowsPowerShell\v1.0\;C:\WINDOWS\System32\OpenSSH\;C:\Program Files (x86)\AOMEI\AOMEI Backupper\6.5.1;C:\Program Files\Git\cmd;C:\ProgramData\chocolatey\bin;C:\Program Files\nodejs\;C:\Program Files\dotnet\;C:\Users\user\AppData\Local\Microsoft\WindowsApps;C:\Users\user\AppData\Local\Programs\Microsoft VS Code\bin;C:\Users\user\AppData\Roaming\npm;C:\Program Files\heroku\bin;C:\ffmpeg\bin;C:\Users\user\Downloads\stripe_1.31.0_windows_x86_64\;C:\Users\user\Downloads\stripe;C:\Users\user\Desktop\flutter\bin;C:\Users\user\AppData\Local\Pub\Cache\bin;
USERNAME=user
LANG=en_US.UTF-8
OS=Windows_NT
PROCESSOR_IDENTIFIER=Intel64 Family 6 Model 142 Stepping 12, GenuineIntel
TMP=C:\Users\user\AppData\Local\Temp
TEMP=C:\Users\user\AppData\Local\Temp




Periodic native trim disabled

JNI global refs:
JNI global refs: 12, weak refs: 13

JNI global refs memory usage: 835, weak refs: 833

Process memory usage:
Resident Set Size: 339596K (4% of 8194560K total physical memory with 957480K free physical memory)

OOME stack traces (most recent first):
Classloader memory used:
Loader jdk.internal.loader.ClassLoaders$AppClassLoader                                 : 42816K
Loader bootstrap                                                                       : 12933K
Loader java.net.URLClassLoader                                                         : 596K
Loader jdk.internal.jrtfs.JrtFileSystemProvider$JrtFsLoader                            : 323K
Loader jdk.internal.loader.ClassLoaders$PlatformClassLoader                            : 67872B

Classes loaded by more than one classloader:
Class jdk.internal.jimage.BasicImageReader                                            : loaded 2 times (x 95B)
Class jdk.internal.jimage.decompressor.StringSharingDecompressorFactory               : loaded 2 times (x 74B)
Class jdk.internal.jrtfs.JrtFileSystemProvider                                        : loaded 2 times (x 101B)
Class jdk.internal.jimage.ImageLocation                                               : loaded 2 times (x 90B)
Class jdk.internal.jimage.ImageBufferCache$1                                          : loaded 2 times (x 83B)
Class jdk.internal.jimage.ImageBufferCache$2                                          : loaded 2 times (x 91B)
Class jdk.internal.jimage.ImageHeader                                                 : loaded 2 times (x 71B)
Class jdk.internal.jimage.decompressor.ResourceDecompressor                           : loaded 2 times (x 70B)
Class jdk.internal.jimage.ImageStringsReader                                          : loaded 2 times (x 80B)
Class jdk.internal.jimage.ImageReader                                                 : loaded 2 times (x 75B)
Class jdk.internal.jimage.ImageReader$SharedImageReader                               : loaded 2 times (x 95B)
Class jdk.internal.jimage.decompressor.ResourceDecompressorFactory                    : loaded 2 times (x 74B)
Class jdk.internal.jimage.ImageReader$Node                                            : loaded 2 times (x 84B)
Class jdk.internal.jimage.BasicImageReader$1                                          : loaded 2 times (x 77B)
Class jdk.internal.jimage.decompressor.Decompressor                                   : loaded 2 times (x 72B)
Class jdk.internal.jimage.ImageBufferCache                                            : loaded 2 times (x 71B)
Class jdk.internal.jrtfs.JrtPath                                                      : loaded 2 times (x 118B)
Class jdk.internal.jimage.decompressor.ResourceDecompressorRepository                 : loaded 2 times (x 71B)
Class jdk.internal.jimage.ImageReader$Directory                                       : loaded 2 times (x 84B)
Class jdk.internal.jimage.decompressor.ZipDecompressorFactory                         : loaded 2 times (x 74B)
Class jdk.internal.jimage.decompressor.ZipDecompressor                                : loaded 2 times (x 75B)
Class jdk.internal.jimage.ImageStrings                                                : loaded 2 times (x 70B)
Class jdk.internal.jrtfs.JrtFileSystem                                                : loaded 2 times (x 102B)
Class jdk.internal.jimage.decompressor.CompressedResourceHeader                       : loaded 2 times (x 71B)
Class jdk.internal.jimage.decompressor.ResourceDecompressor$StringsProvider           : loaded 2 times (x 70B)

---------------  S Y S T E M  ---------------

OS:
 Windows 11 , 64 bit Build 26100 (10.0.26100.7309)
OS uptime: 24 days 2:23 hours
Hyper-V role detected

CPU: total 8 (initial active 8) (4 cores per cpu, 2 threads per core) family 6 model 142 stepping 12 microcode 0xf0, cx8, cmov, fxsr, ht, mmx, 3dnowpref, sse, sse2, sse3, ssse3, sse4.1, sse4.2, popcnt, lzcnt, tsc, tscinvbit, avx, avx2, aes, erms, clmul, bmi1, bmi2, adx, fma, vzeroupper, clflush, clflushopt, hv, rdtscp, f16c
Processor Information for the first 8 processors :
  Max Mhz: 1896, Current Mhz: 1596, Mhz Limit: 1592

Memory: 4k page, system-wide physical 8002M (933M free)
TotalPageFile size 18560M (AvailPageFile size 10M)
current process WorkingSet (physical memory assigned to process): 333M, peak: 335M
current process commit charge ("private bytes"): 387M, peak: 412M

vm_info: OpenJDK 64-Bit Server VM (21.0.8+-14196175-b1038.72) for windows-amd64 JRE (21.0.8+-14196175-b1038.72), built on 2025-10-01T10:24:33Z by "builder" with MS VC++ 16.10 / 16.11 (VS2019)

END.
